xilinx rtfpga
rt::do_reinfer_area_combined 1
INFO: [Synth 8-4471] merging register 'u_alu_ele_parser/rd_a_jump_bk_r_reg[1:0]' into 'u_alu_ele_parser/rd_a_jump_bk_r_reg[1:0]' [/home/rrr/XP/pynq_dpu/pynq_dpu.gen/sources_1/bd/design_1/ipshared/53f7/hdl/DPUCZDX8G_v4_1_0_vl_dpu.sv:27780]
INFO: [Synth 8-4471] merging register 'u_alu_ele_parser/rd_a_jump_bk_r_reg[1:0]' into 'u_alu_ele_parser/rd_a_jump_bk_r_reg[1:0]' [/home/rrr/XP/pynq_dpu/pynq_dpu.gen/sources_1/bd/design_1/ipshared/53f7/hdl/DPUCZDX8G_v4_1_0_vl_dpu.sv:27780]
INFO: [Synth 8-4471] merging register 'u_alu_ele_parser/rd_bank_id_r_reg[2:0]' into 'u_alu_ele_parser/rd_bank_id_r_reg[2:0]' [/home/rrr/XP/pynq_dpu/pynq_dpu.gen/sources_1/bd/design_1/ipshared/53f7/hdl/DPUCZDX8G_v4_1_0_vl_dpu.sv:27777]
INFO: [Synth 8-4471] merging register 'u_alu_ele_parser/rd_bank_id_r_reg[2:0]' into 'u_alu_ele_parser/rd_bank_id_r_reg[2:0]' [/home/rrr/XP/pynq_dpu/pynq_dpu.gen/sources_1/bd/design_1/ipshared/53f7/hdl/DPUCZDX8G_v4_1_0_vl_dpu.sv:27777]
WARNING: [Synth 8-3936] Found unconnected internal register 'en_dly_reg' and it is trimmed from '3' to '2' bits. [/home/rrr/XP/pynq_dpu/pynq_dpu.gen/sources_1/bd/design_1/ipshared/53f7/hdl/DPUCZDX8G_v4_1_0_vl_dpu.sv:29333]
WARNING: [Synth 8-7129] Port clk_dsp in module alu_pe_mult is either unconnected or has no load
WARNING: [Synth 8-7129] Port nl_type_prelu in module alu_non_linear is either unconnected or has no load
WARNING: [Synth 8-7129] Port prelu_n_shf[4] in module alu_non_linear is either unconnected or has no load
WARNING: [Synth 8-7129] Port prelu_p_shf[4] in module alu_non_linear is either unconnected or has no load
WARNING: [Synth 8-7129] Port nl_type_prelu in module alu_non_linear__7 is either unconnected or has no load
WARNING: [Synth 8-7129] Port prelu_n_shf[4] in module alu_non_linear__7 is either unconnected or has no load
WARNING: [Synth 8-7129] Port prelu_p_shf[4] in module alu_non_linear__7 is either unconnected or has no load
WARNING: [Synth 8-7129] Port nl_type_prelu in module alu_non_linear__6 is either unconnected or has no load
WARNING: [Synth 8-7129] Port prelu_n_shf[4] in module alu_non_linear__6 is either unconnected or has no load
WARNING: [Synth 8-7129] Port prelu_p_shf[4] in module alu_non_linear__6 is either unconnected or has no load
WARNING: [Synth 8-7129] Port nl_type_prelu in module alu_non_linear__5 is either unconnected or has no load
WARNING: [Synth 8-7129] Port prelu_n_shf[4] in module alu_non_linear__5 is either unconnected or has no load
WARNING: [Synth 8-7129] Port prelu_p_shf[4] in module alu_non_linear__5 is either unconnected or has no load
WARNING: [Synth 8-7129] Port nl_type_prelu in module alu_non_linear__4 is either unconnected or has no load
WARNING: [Synth 8-7129] Port prelu_n_shf[4] in module alu_non_linear__4 is either unconnected or has no load
WARNING: [Synth 8-7129] Port prelu_p_shf[4] in module alu_non_linear__4 is either unconnected or has no load
WARNING: [Synth 8-7129] Port nl_type_prelu in module alu_non_linear__3 is either unconnected or has no load
WARNING: [Synth 8-7129] Port prelu_n_shf[4] in module alu_non_linear__3 is either unconnected or has no load
WARNING: [Synth 8-7129] Port prelu_p_shf[4] in module alu_non_linear__3 is either unconnected or has no load
WARNING: [Synth 8-7129] Port nl_type_prelu in module alu_non_linear__2 is either unconnected or has no load
WARNING: [Synth 8-7129] Port prelu_n_shf[4] in module alu_non_linear__2 is either unconnected or has no load
WARNING: [Synth 8-7129] Port prelu_p_shf[4] in module alu_non_linear__2 is either unconnected or has no load
WARNING: [Synth 8-7129] Port nl_type_prelu in module alu_non_linear__1 is either unconnected or has no load
WARNING: [Synth 8-7129] Port prelu_n_shf[4] in module alu_non_linear__1 is either unconnected or has no load
WARNING: [Synth 8-7129] Port prelu_p_shf[4] in module alu_non_linear__1 is either unconnected or has no load
WARNING: [Synth 8-7129] Port Instr_alu_pe_inf\.reg_res_cut[5] in module alu_PE is either unconnected or has no load
WARNING: [Synth 8-7129] Port Instr_alu_pe_inf\.reg_res_cut[4] in module alu_PE is either unconnected or has no load
WARNING: [Synth 8-7129] Port Instr_alu_pe_inf\.reg_res_cut[3] in module alu_PE is either unconnected or has no load
WARNING: [Synth 8-7129] Port Instr_alu_pe_inf\.reg_res_cut[2] in module alu_PE is either unconnected or has no load
WARNING: [Synth 8-7129] Port Instr_alu_pe_inf\.reg_res_cut[1] in module alu_PE is either unconnected or has no load
WARNING: [Synth 8-7129] Port Instr_alu_pe_inf\.reg_res_cut[0] in module alu_PE is either unconnected or has no load
WARNING: [Synth 8-7129] Port Instr_alu_pe_inf\.reg_pool_cut[3] in module alu_PE is either unconnected or has no load
WARNING: [Synth 8-7129] Port Instr_alu_pe_inf\.reg_pool_cut[2] in module alu_PE is either unconnected or has no load
WARNING: [Synth 8-7129] Port Instr_alu_pe_inf\.reg_pool_cut[1] in module alu_PE is either unconnected or has no load
WARNING: [Synth 8-7129] Port Instr_alu_pe_inf\.reg_pool_cut[0] in module alu_PE is either unconnected or has no load
WARNING: [Synth 8-7129] Port Instr_alu_pe_inf\.reg_avp_en in module alu_PE is either unconnected or has no load
WARNING: [Synth 8-7129] Port Instr_alu_pe_inf\.elew_type in module alu_PE is either unconnected or has no load
WARNING: [Synth 8-7129] Port Instr_alu_pe_inf\.elew_shf_wr[5] in module alu_PE is either unconnected or has no load
WARNING: [Synth 8-7129] Port Instr_alu_pe_inf\.elew_shf_wr[4] in module alu_PE is either unconnected or has no load
WARNING: [Synth 8-7129] Port Instr_alu_pe_inf\.elew_shf_wr[3] in module alu_PE is either unconnected or has no load
WARNING: [Synth 8-7129] Port Instr_alu_pe_inf\.elew_shf_wr[2] in module alu_PE is either unconnected or has no load
WARNING: [Synth 8-7129] Port Instr_alu_pe_inf\.elew_shf_wr[1] in module alu_PE is either unconnected or has no load
WARNING: [Synth 8-7129] Port Instr_alu_pe_inf\.elew_shf_wr[0] in module alu_PE is either unconnected or has no load
WARNING: [Synth 8-7129] Port Instr_alu_pe_inf\.reg_res_bid_vpp[3] in module alu_PE is either unconnected or has no load
WARNING: [Synth 8-7129] Port Instr_alu_pe_inf\.reg_img_bid_in[2] in module alu_PE is either unconnected or has no load
WARNING: [Synth 8-7129] Port Instr_alu_pe_inf\.reg_img_bid_in[1] in module alu_PE is either unconnected or has no load
WARNING: [Synth 8-7129] Port Instr_alu_pe_inf\.reg_img_bid_in[0] in module alu_PE is either unconnected or has no load
WARNING: [Synth 8-7129] Port Instr_alu_pe_inf\.reg_pad_type[1] in module alu_PE is either unconnected or has no load
WARNING: [Synth 8-7129] Port Instr_alu_pe_inf\.reg_pad_type[0] in module alu_PE is either unconnected or has no load
WARNING: [Synth 8-7129] Port Instr_alu_pe_inf\.reg_instr_type[0] in module alu_PE is either unconnected or has no load
WARNING: [Synth 8-7129] Port Instr_alu_pe_inf\.reg_ker_h[7] in module alu_PE is either unconnected or has no load
WARNING: [Synth 8-7129] Port Instr_alu_pe_inf\.reg_ker_h[6] in module alu_PE is either unconnected or has no load
WARNING: [Synth 8-7129] Port Instr_alu_pe_inf\.reg_ker_h[5] in module alu_PE is either unconnected or has no load
WARNING: [Synth 8-7129] Port Instr_alu_pe_inf\.reg_ker_h[4] in module alu_PE is either unconnected or has no load
WARNING: [Synth 8-7129] Port Instr_alu_pe_inf\.reg_ker_h[3] in module alu_PE is either unconnected or has no load
WARNING: [Synth 8-7129] Port Instr_alu_pe_inf\.reg_ker_h[2] in module alu_PE is either unconnected or has no load
WARNING: [Synth 8-7129] Port Instr_alu_pe_inf\.reg_ker_h[1] in module alu_PE is either unconnected or has no load
WARNING: [Synth 8-7129] Port Instr_alu_pe_inf\.reg_ker_h[0] in module alu_PE is either unconnected or has no load
WARNING: [Synth 8-7129] Port Instr_alu_pe_inf\.reg_ker_w[7] in module alu_PE is either unconnected or has no load
WARNING: [Synth 8-7129] Port Instr_alu_pe_inf\.reg_ker_w[6] in module alu_PE is either unconnected or has no load
WARNING: [Synth 8-7129] Port Instr_alu_pe_inf\.reg_ker_w[5] in module alu_PE is either unconnected or has no load
WARNING: [Synth 8-7129] Port Instr_alu_pe_inf\.reg_ker_w[4] in module alu_PE is either unconnected or has no load
WARNING: [Synth 8-7129] Port Instr_alu_pe_inf\.reg_ker_w[3] in module alu_PE is either unconnected or has no load
WARNING: [Synth 8-7129] Port Instr_alu_pe_inf\.reg_ker_w[2] in module alu_PE is either unconnected or has no load
WARNING: [Synth 8-7129] Port Instr_alu_pe_inf\.reg_ker_w[1] in module alu_PE is either unconnected or has no load
WARNING: [Synth 8-7129] Port Instr_alu_pe_inf\.reg_ker_w[0] in module alu_PE is either unconnected or has no load
WARNING: [Synth 8-7129] Port Instr_alu_pe_inf\.reg_ker_d[3] in module alu_PE is either unconnected or has no load
WARNING: [Synth 8-7129] Port Instr_alu_pe_inf\.reg_ker_d[2] in module alu_PE is either unconnected or has no load
WARNING: [Synth 8-7129] Port Instr_alu_pe_inf\.reg_ker_d[1] in module alu_PE is either unconnected or has no load
WARNING: [Synth 8-7129] Port Instr_alu_pe_inf\.reg_ker_d[0] in module alu_PE is either unconnected or has no load
WARNING: [Synth 8-7129] Port Instr_alu_pe_inf\.reg_str_h[7] in module alu_PE is either unconnected or has no load
WARNING: [Synth 8-7129] Port Instr_alu_pe_inf\.reg_str_h[6] in module alu_PE is either unconnected or has no load
WARNING: [Synth 8-7129] Port Instr_alu_pe_inf\.reg_str_h[5] in module alu_PE is either unconnected or has no load
WARNING: [Synth 8-7129] Port Instr_alu_pe_inf\.reg_str_h[4] in module alu_PE is either unconnected or has no load
WARNING: [Synth 8-7129] Port Instr_alu_pe_inf\.reg_str_h[3] in module alu_PE is either unconnected or has no load
WARNING: [Synth 8-7129] Port Instr_alu_pe_inf\.reg_str_h[2] in module alu_PE is either unconnected or has no load
WARNING: [Synth 8-7129] Port Instr_alu_pe_inf\.reg_str_h[1] in module alu_PE is either unconnected or has no load
WARNING: [Synth 8-7129] Port Instr_alu_pe_inf\.reg_str_h[0] in module alu_PE is either unconnected or has no load
WARNING: [Synth 8-7129] Port Instr_alu_pe_inf\.reg_str_w[7] in module alu_PE is either unconnected or has no load
WARNING: [Synth 8-7129] Port Instr_alu_pe_inf\.reg_str_w[6] in module alu_PE is either unconnected or has no load
WARNING: [Synth 8-7129] Port Instr_alu_pe_inf\.reg_str_w[5] in module alu_PE is either unconnected or has no load
WARNING: [Synth 8-7129] Port Instr_alu_pe_inf\.reg_str_w[4] in module alu_PE is either unconnected or has no load
WARNING: [Synth 8-7129] Port Instr_alu_pe_inf\.reg_str_w[3] in module alu_PE is either unconnected or has no load
WARNING: [Synth 8-7129] Port Instr_alu_pe_inf\.reg_str_w[2] in module alu_PE is either unconnected or has no load
WARNING: [Synth 8-7129] Port Instr_alu_pe_inf\.reg_str_w[1] in module alu_PE is either unconnected or has no load
WARNING: [Synth 8-7129] Port Instr_alu_pe_inf\.reg_str_w[0] in module alu_PE is either unconnected or has no load
WARNING: [Synth 8-7129] Port Instr_alu_pe_inf\.reg_str_oset[7] in module alu_PE is either unconnected or has no load
WARNING: [Synth 8-7129] Port Instr_alu_pe_inf\.reg_str_oset[6] in module alu_PE is either unconnected or has no load
WARNING: [Synth 8-7129] Port Instr_alu_pe_inf\.reg_str_oset[5] in module alu_PE is either unconnected or has no load
WARNING: [Synth 8-7129] Port Instr_alu_pe_inf\.reg_str_oset[4] in module alu_PE is either unconnected or has no load
WARNING: [Synth 8-7129] Port Instr_alu_pe_inf\.reg_str_oset[3] in module alu_PE is either unconnected or has no load
WARNING: [Synth 8-7129] Port Instr_alu_pe_inf\.reg_str_oset[2] in module alu_PE is either unconnected or has no load
WARNING: [Synth 8-7129] Port Instr_alu_pe_inf\.reg_str_oset[1] in module alu_PE is either unconnected or has no load
WARNING: [Synth 8-7129] Port Instr_alu_pe_inf\.reg_str_oset[0] in module alu_PE is either unconnected or has no load
WARNING: [Synth 8-7129] Port Instr_alu_pe_inf\.reg_ch_grp[7] in module alu_PE is either unconnected or has no load
WARNING: [Synth 8-7129] Port Instr_alu_pe_inf\.reg_ch_grp[6] in module alu_PE is either unconnected or has no load
WARNING: [Synth 8-7129] Port Instr_alu_pe_inf\.reg_ch_grp[5] in module alu_PE is either unconnected or has no load
WARNING: [Synth 8-7129] Port Instr_alu_pe_inf\.reg_ch_grp[4] in module alu_PE is either unconnected or has no load
WARNING: [Synth 8-7129] Port Instr_alu_pe_inf\.reg_ch_grp[3] in module alu_PE is either unconnected or has no load
WARNING: [Synth 8-7129] Port Instr_alu_pe_inf\.reg_ch_grp[2] in module alu_PE is either unconnected or has no load
INFO: [Common 17-14] Message 'Synth 8-7129' appears 100 times and further instances of the messages will be disabled. Use the Tcl command set_msg_config to change the current settings.
INFO: [Synth 8-3886] merging instance 'm_alu_top/u_alu_img_reader/u_pad_mask/GenInitCoorH[0].pix_base_coor_h_r_reg[0][10]' (FDRE) to 'm_alu_top/u_alu_img_reader/u_pad_mask/GenInitCoorH[0].pix_base_coor_h_r_reg[0][0]'
INFO: [Synth 8-3886] merging instance 'm_alu_top/u_alu_img_reader/u_pad_mask/GenInitCoorH[0].pix_base_coor_h_r_reg[0][9]' (FDRE) to 'm_alu_top/u_alu_img_reader/u_pad_mask/GenInitCoorH[0].pix_base_coor_h_r_reg[0][0]'
INFO: [Synth 8-3886] merging instance 'm_alu_top/u_alu_img_reader/u_pad_mask/GenInitCoorH[0].pix_base_coor_h_r_reg[0][8]' (FDRE) to 'm_alu_top/u_alu_img_reader/u_pad_mask/GenInitCoorH[0].pix_base_coor_h_r_reg[0][0]'
INFO: [Synth 8-3886] merging instance 'm_alu_top/u_alu_img_reader/u_pad_mask/GenInitCoorH[0].pix_base_coor_h_r_reg[0][0]' (FDRE) to 'm_alu_top/u_alu_img_reader/u_pad_mask/GenInitCoorH[0].pix_base_coor_h_r_reg[0][1]'
INFO: [Synth 8-3886] merging instance 'm_alu_top/u_alu_img_reader/u_pad_mask/GenInitCoorH[0].pix_base_coor_h_r_reg[0][1]' (FDRE) to 'm_alu_top/u_alu_img_reader/u_pad_mask/GenInitCoorH[0].pix_base_coor_h_r_reg[0][2]'
INFO: [Synth 8-3886] merging instance 'm_alu_top/u_alu_img_reader/u_pad_mask/GenInitCoorH[0].pix_base_coor_h_r_reg[0][2]' (FDRE) to 'm_alu_top/u_alu_img_reader/u_pad_mask/GenInitCoorH[0].pix_base_coor_h_r_reg[0][3]'
INFO: [Synth 8-3886] merging instance 'm_alu_top/u_alu_img_reader/u_pad_mask/GenInitCoorH[0].pix_base_coor_h_r_reg[0][3]' (FDRE) to 'm_alu_top/u_alu_img_reader/u_pad_mask/GenInitCoorH[0].pix_base_coor_h_r_reg[0][4]'
INFO: [Synth 8-3886] merging instance 'm_alu_top/u_alu_img_reader/u_pad_mask/GenInitCoorH[0].pix_base_coor_h_r_reg[0][4]' (FDRE) to 'm_alu_top/u_alu_img_reader/u_pad_mask/GenInitCoorH[0].pix_base_coor_h_r_reg[0][5]'
INFO: [Synth 8-3886] merging instance 'm_alu_top/u_alu_img_reader/u_pad_mask/GenInitCoorH[0].pix_base_coor_h_r_reg[0][5]' (FDRE) to 'm_alu_top/u_alu_img_reader/u_pad_mask/GenInitCoorH[0].pix_base_coor_h_r_reg[0][6]'
INFO: [Synth 8-3886] merging instance 'm_alu_top/u_alu_img_reader/u_pad_mask/GenInitCoorH[0].pix_base_coor_h_r_reg[0][6]' (FDRE) to 'm_alu_top/u_alu_img_reader/u_pad_mask/GenInitCoorH[0].pix_base_coor_h_r_reg[0][7]'
INFO: [Synth 8-3333] propagating constant 0 across sequential element (m_alu_top/u_alu_img_reader/\u_pad_mask/GenInitCoorH[0].pix_base_coor_h_r_reg[0][7] )
INFO: [Synth 8-3333] propagating constant 0 across sequential element (m_alu_top/u_alu_parser/\u_alu_mac_parser/reg_pad_type_r_reg[1] )
INFO: [Synth 8-3886] merging instance 'm_alu_top/u_alu_pe/u_alu_pe_mult/DSP_1XCLK.gen_cp[0].gen_pp[3].Gen10x10.u_mult_dsp/inm_reg[1]' (FD) to 'm_alu_top/u_alu_pe/u_alu_pe_mult/DSP_1XCLK.gen_cp[0].gen_pp[3].Gen10x10.u_mult_dsp/inm_reg[2]'
INFO: [Synth 8-3886] merging instance 'm_alu_top/u_alu_pe/u_alu_pe_mult/DSP_1XCLK.gen_cp[0].gen_pp[3].Gen10x10.u_mult_dsp/inm_reg[3]' (FDR) to 'm_alu_top/u_alu_pe/u_alu_pe_mult/DSP_1XCLK.gen_cp[7].gen_pp[3].Gen10x10.u_mult_dsp/inm_reg[4]'
INFO: [Synth 8-3886] merging instance 'm_alu_top/u_alu_pe/u_alu_pe_mult/DSP_1XCLK.gen_cp[0].gen_pp[3].Gen10x10.u_mult_dsp/inm_reg[4]' (FDR) to 'm_alu_top/u_alu_pe/u_alu_pe_mult/DSP_1XCLK.gen_cp[7].gen_pp[3].Gen10x10.u_mult_dsp/inm_reg[4]'
INFO: [Synth 8-3886] merging instance 'm_alu_top/u_alu_pe/u_alu_pe_mult/DSP_1XCLK.gen_cp[1].gen_pp[3].Gen10x10.u_mult_dsp/inm_reg[1]' (FD) to 'm_alu_top/u_alu_pe/u_alu_pe_mult/DSP_1XCLK.gen_cp[1].gen_pp[3].Gen10x10.u_mult_dsp/inm_reg[2]'
INFO: [Synth 8-3886] merging instance 'm_alu_top/u_alu_pe/u_alu_pe_mult/DSP_1XCLK.gen_cp[1].gen_pp[3].Gen10x10.u_mult_dsp/inm_reg[3]' (FDR) to 'm_alu_top/u_alu_pe/u_alu_pe_mult/DSP_1XCLK.gen_cp[7].gen_pp[3].Gen10x10.u_mult_dsp/inm_reg[4]'
INFO: [Synth 8-3886] merging instance 'm_alu_top/u_alu_pe/u_alu_pe_mult/DSP_1XCLK.gen_cp[1].gen_pp[3].Gen10x10.u_mult_dsp/inm_reg[4]' (FDR) to 'm_alu_top/u_alu_pe/u_alu_pe_mult/DSP_1XCLK.gen_cp[7].gen_pp[3].Gen10x10.u_mult_dsp/inm_reg[4]'
INFO: [Synth 8-3886] merging instance 'm_alu_top/u_alu_pe/u_alu_pe_mult/DSP_1XCLK.gen_cp[2].gen_pp[3].Gen10x10.u_mult_dsp/inm_reg[1]' (FD) to 'm_alu_top/u_alu_pe/u_alu_pe_mult/DSP_1XCLK.gen_cp[2].gen_pp[3].Gen10x10.u_mult_dsp/inm_reg[2]'
INFO: [Synth 8-3886] merging instance 'm_alu_top/u_alu_pe/u_alu_pe_mult/DSP_1XCLK.gen_cp[2].gen_pp[3].Gen10x10.u_mult_dsp/inm_reg[3]' (FDR) to 'm_alu_top/u_alu_pe/u_alu_pe_mult/DSP_1XCLK.gen_cp[7].gen_pp[3].Gen10x10.u_mult_dsp/inm_reg[4]'
INFO: [Synth 8-3886] merging instance 'm_alu_top/u_alu_pe/u_alu_pe_mult/DSP_1XCLK.gen_cp[2].gen_pp[3].Gen10x10.u_mult_dsp/inm_reg[4]' (FDR) to 'm_alu_top/u_alu_pe/u_alu_pe_mult/DSP_1XCLK.gen_cp[7].gen_pp[3].Gen10x10.u_mult_dsp/inm_reg[4]'
INFO: [Synth 8-3886] merging instance 'm_alu_top/u_alu_pe/u_alu_pe_mult/DSP_1XCLK.gen_cp[3].gen_pp[3].Gen10x10.u_mult_dsp/inm_reg[1]' (FD) to 'm_alu_top/u_alu_pe/u_alu_pe_mult/DSP_1XCLK.gen_cp[3].gen_pp[3].Gen10x10.u_mult_dsp/inm_reg[2]'
INFO: [Synth 8-3886] merging instance 'm_alu_top/u_alu_pe/u_alu_pe_mult/DSP_1XCLK.gen_cp[3].gen_pp[3].Gen10x10.u_mult_dsp/inm_reg[3]' (FDR) to 'm_alu_top/u_alu_pe/u_alu_pe_mult/DSP_1XCLK.gen_cp[7].gen_pp[3].Gen10x10.u_mult_dsp/inm_reg[4]'
INFO: [Synth 8-3886] merging instance 'm_alu_top/u_alu_pe/u_alu_pe_mult/DSP_1XCLK.gen_cp[3].gen_pp[3].Gen10x10.u_mult_dsp/inm_reg[4]' (FDR) to 'm_alu_top/u_alu_pe/u_alu_pe_mult/DSP_1XCLK.gen_cp[7].gen_pp[3].Gen10x10.u_mult_dsp/inm_reg[4]'
INFO: [Synth 8-3886] merging instance 'm_alu_top/u_alu_pe/u_alu_pe_mult/DSP_1XCLK.gen_cp[4].gen_pp[3].Gen10x10.u_mult_dsp/inm_reg[1]' (FD) to 'm_alu_top/u_alu_pe/u_alu_pe_mult/DSP_1XCLK.gen_cp[4].gen_pp[3].Gen10x10.u_mult_dsp/inm_reg[2]'
INFO: [Synth 8-3886] merging instance 'm_alu_top/u_alu_pe/u_alu_pe_mult/DSP_1XCLK.gen_cp[4].gen_pp[3].Gen10x10.u_mult_dsp/inm_reg[3]' (FDR) to 'm_alu_top/u_alu_pe/u_alu_pe_mult/DSP_1XCLK.gen_cp[7].gen_pp[3].Gen10x10.u_mult_dsp/inm_reg[4]'
INFO: [Synth 8-3886] merging instance 'm_alu_top/u_alu_pe/u_alu_pe_mult/DSP_1XCLK.gen_cp[4].gen_pp[3].Gen10x10.u_mult_dsp/inm_reg[4]' (FDR) to 'm_alu_top/u_alu_pe/u_alu_pe_mult/DSP_1XCLK.gen_cp[7].gen_pp[3].Gen10x10.u_mult_dsp/inm_reg[4]'
INFO: [Synth 8-3886] merging instance 'm_alu_top/u_alu_pe/u_alu_pe_mult/DSP_1XCLK.gen_cp[5].gen_pp[3].Gen10x10.u_mult_dsp/inm_reg[1]' (FD) to 'm_alu_top/u_alu_pe/u_alu_pe_mult/DSP_1XCLK.gen_cp[5].gen_pp[3].Gen10x10.u_mult_dsp/inm_reg[2]'
INFO: [Synth 8-3886] merging instance 'm_alu_top/u_alu_pe/u_alu_pe_mult/DSP_1XCLK.gen_cp[5].gen_pp[3].Gen10x10.u_mult_dsp/inm_reg[3]' (FDR) to 'm_alu_top/u_alu_pe/u_alu_pe_mult/DSP_1XCLK.gen_cp[7].gen_pp[3].Gen10x10.u_mult_dsp/inm_reg[4]'
INFO: [Synth 8-3886] merging instance 'm_alu_top/u_alu_pe/u_alu_pe_mult/DSP_1XCLK.gen_cp[5].gen_pp[3].Gen10x10.u_mult_dsp/inm_reg[4]' (FDR) to 'm_alu_top/u_alu_pe/u_alu_pe_mult/DSP_1XCLK.gen_cp[7].gen_pp[3].Gen10x10.u_mult_dsp/inm_reg[4]'
INFO: [Synth 8-3886] merging instance 'm_alu_top/u_alu_pe/u_alu_pe_mult/DSP_1XCLK.gen_cp[6].gen_pp[3].Gen10x10.u_mult_dsp/inm_reg[1]' (FD) to 'm_alu_top/u_alu_pe/u_alu_pe_mult/DSP_1XCLK.gen_cp[6].gen_pp[3].Gen10x10.u_mult_dsp/inm_reg[2]'
INFO: [Synth 8-3886] merging instance 'm_alu_top/u_alu_pe/u_alu_pe_mult/DSP_1XCLK.gen_cp[6].gen_pp[3].Gen10x10.u_mult_dsp/inm_reg[3]' (FDR) to 'm_alu_top/u_alu_pe/u_alu_pe_mult/DSP_1XCLK.gen_cp[7].gen_pp[3].Gen10x10.u_mult_dsp/inm_reg[4]'
INFO: [Synth 8-3886] merging instance 'm_alu_top/u_alu_pe/u_alu_pe_mult/DSP_1XCLK.gen_cp[6].gen_pp[3].Gen10x10.u_mult_dsp/inm_reg[4]' (FDR) to 'm_alu_top/u_alu_pe/u_alu_pe_mult/DSP_1XCLK.gen_cp[7].gen_pp[3].Gen10x10.u_mult_dsp/inm_reg[4]'
INFO: [Synth 8-3886] merging instance 'm_alu_top/u_alu_parser/u_alu_mac_parser/reg_mul_factor_r_reg[7]' (FDSE) to 'm_alu_top/u_alu_parser/u_alu_mac_parser/reg_mul_factor_r_reg[11]'
INFO: [Synth 8-3886] merging instance 'm_alu_top/u_alu_parser/u_alu_mac_parser/reg_mul_factor_r_reg[8]' (FDRE) to 'm_alu_top/u_alu_parser/u_alu_mac_parser/reg_mul_factor_r_reg[15]'
INFO: [Synth 8-3886] merging instance 'm_alu_top/u_alu_parser/u_alu_mac_parser/reg_mul_factor_r_reg[9]' (FDSE) to 'm_alu_top/u_alu_parser/u_alu_mac_parser/reg_mul_factor_r_reg[11]'
INFO: [Synth 8-3886] merging instance 'm_alu_top/u_alu_parser/u_alu_mac_parser/reg_mul_factor_r_reg[10]' (FDRE) to 'm_alu_top/u_alu_parser/u_alu_mac_parser/reg_mul_factor_r_reg[15]'
INFO: [Synth 8-3886] merging instance 'm_alu_top/u_alu_parser/u_alu_mac_parser/reg_mul_factor_r_reg[12]' (FDRE) to 'm_alu_top/u_alu_parser/u_alu_mac_parser/reg_mul_factor_r_reg[15]'
INFO: [Synth 8-3886] merging instance 'm_alu_top/u_alu_parser/u_alu_mac_parser/reg_mul_factor_r_reg[13]' (FDRE) to 'm_alu_top/u_alu_parser/u_alu_mac_parser/reg_mul_factor_r_reg[15]'
INFO: [Synth 8-3886] merging instance 'm_alu_top/u_alu_parser/u_alu_mac_parser/reg_mul_factor_r_reg[14]' (FDRE) to 'm_alu_top/u_alu_parser/u_alu_mac_parser/reg_mul_factor_r_reg[15]'
INFO: [Synth 8-3886] merging instance 'm_alu_top/u_alu_pe/u_alu_pe_mult/DSP_1XCLK.gen_cp[7].gen_pp[3].Gen10x10.u_mult_dsp/inm_reg[1]' (FD) to 'm_alu_top/u_alu_pe/u_alu_pe_mult/DSP_1XCLK.gen_cp[7].gen_pp[3].Gen10x10.u_mult_dsp/inm_reg[2]'
INFO: [Synth 8-3886] merging instance 'm_alu_top/u_alu_pe/u_alu_pe_mult/DSP_1XCLK.gen_cp[7].gen_pp[3].Gen10x10.u_mult_dsp/inm_reg[3]' (FDR) to 'm_alu_top/u_alu_pe/u_alu_pe_mult/DSP_1XCLK.gen_cp[7].gen_pp[3].Gen10x10.u_mult_dsp/inm_reg[4]'
INFO: [Synth 8-3886] merging instance 'm_alu_top/u_alu_pe/u_alu_pe_mult/DSP_1XCLK.gen_cp[7].gen_pp[3].Gen10x10.u_mult_dsp/inm_reg[4]' (FDR) to 'm_alu_top/u_alu_pe/u_alu_pe_mult/DSP_1XCLK.gen_cp[7].gen_pp[2].Gen10x10.u_mult_dsp/inm_reg[4]'
INFO: [Synth 8-3886] merging instance 'm_alu_top/u_alu_pe/u_alu_pe_mult/DSP_1XCLK.gen_cp[0].gen_pp[2].Gen10x10.u_mult_dsp/inm_reg[1]' (FD) to 'm_alu_top/u_alu_pe/u_alu_pe_mult/DSP_1XCLK.gen_cp[0].gen_pp[2].Gen10x10.u_mult_dsp/inm_reg[2]'
INFO: [Synth 8-3886] merging instance 'm_alu_top/u_alu_pe/u_alu_pe_mult/DSP_1XCLK.gen_cp[0].gen_pp[2].Gen10x10.u_mult_dsp/inm_reg[3]' (FDR) to 'm_alu_top/u_alu_pe/u_alu_pe_mult/DSP_1XCLK.gen_cp[7].gen_pp[2].Gen10x10.u_mult_dsp/inm_reg[4]'
INFO: [Synth 8-3886] merging instance 'm_alu_top/u_alu_pe/u_alu_pe_mult/DSP_1XCLK.gen_cp[0].gen_pp[2].Gen10x10.u_mult_dsp/inm_reg[4]' (FDR) to 'm_alu_top/u_alu_pe/u_alu_pe_mult/DSP_1XCLK.gen_cp[7].gen_pp[2].Gen10x10.u_mult_dsp/inm_reg[4]'
INFO: [Synth 8-3886] merging instance 'm_alu_top/u_alu_pe/u_alu_pe_mult/DSP_1XCLK.gen_cp[1].gen_pp[2].Gen10x10.u_mult_dsp/inm_reg[1]' (FD) to 'm_alu_top/u_alu_pe/u_alu_pe_mult/DSP_1XCLK.gen_cp[1].gen_pp[2].Gen10x10.u_mult_dsp/inm_reg[2]'
INFO: [Synth 8-3886] merging instance 'm_alu_top/u_alu_pe/u_alu_pe_mult/DSP_1XCLK.gen_cp[1].gen_pp[2].Gen10x10.u_mult_dsp/inm_reg[3]' (FDR) to 'm_alu_top/u_alu_pe/u_alu_pe_mult/DSP_1XCLK.gen_cp[7].gen_pp[2].Gen10x10.u_mult_dsp/inm_reg[4]'
INFO: [Synth 8-3886] merging instance 'm_alu_top/u_alu_pe/u_alu_pe_mult/DSP_1XCLK.gen_cp[1].gen_pp[2].Gen10x10.u_mult_dsp/inm_reg[4]' (FDR) to 'm_alu_top/u_alu_pe/u_alu_pe_mult/DSP_1XCLK.gen_cp[7].gen_pp[2].Gen10x10.u_mult_dsp/inm_reg[4]'
INFO: [Synth 8-3886] merging instance 'm_alu_top/u_alu_pe/u_alu_pe_mult/DSP_1XCLK.gen_cp[2].gen_pp[2].Gen10x10.u_mult_dsp/inm_reg[1]' (FD) to 'm_alu_top/u_alu_pe/u_alu_pe_mult/DSP_1XCLK.gen_cp[2].gen_pp[2].Gen10x10.u_mult_dsp/inm_reg[2]'
INFO: [Synth 8-3886] merging instance 'm_alu_top/u_alu_pe/u_alu_pe_mult/DSP_1XCLK.gen_cp[2].gen_pp[2].Gen10x10.u_mult_dsp/inm_reg[3]' (FDR) to 'm_alu_top/u_alu_pe/u_alu_pe_mult/DSP_1XCLK.gen_cp[7].gen_pp[2].Gen10x10.u_mult_dsp/inm_reg[4]'
INFO: [Synth 8-3886] merging instance 'm_alu_top/u_alu_pe/u_alu_pe_mult/DSP_1XCLK.gen_cp[2].gen_pp[2].Gen10x10.u_mult_dsp/inm_reg[4]' (FDR) to 'm_alu_top/u_alu_pe/u_alu_pe_mult/DSP_1XCLK.gen_cp[7].gen_pp[2].Gen10x10.u_mult_dsp/inm_reg[4]'
INFO: [Synth 8-3886] merging instance 'm_alu_top/u_alu_pe/u_alu_pe_mult/DSP_1XCLK.gen_cp[3].gen_pp[2].Gen10x10.u_mult_dsp/inm_reg[1]' (FD) to 'm_alu_top/u_alu_pe/u_alu_pe_mult/DSP_1XCLK.gen_cp[3].gen_pp[2].Gen10x10.u_mult_dsp/inm_reg[2]'
INFO: [Synth 8-3886] merging instance 'm_alu_top/u_alu_pe/u_alu_pe_mult/DSP_1XCLK.gen_cp[3].gen_pp[2].Gen10x10.u_mult_dsp/inm_reg[3]' (FDR) to 'm_alu_top/u_alu_pe/u_alu_pe_mult/DSP_1XCLK.gen_cp[7].gen_pp[2].Gen10x10.u_mult_dsp/inm_reg[4]'
INFO: [Synth 8-3886] merging instance 'm_alu_top/u_alu_pe/u_alu_pe_mult/DSP_1XCLK.gen_cp[3].gen_pp[2].Gen10x10.u_mult_dsp/inm_reg[4]' (FDR) to 'm_alu_top/u_alu_pe/u_alu_pe_mult/DSP_1XCLK.gen_cp[7].gen_pp[2].Gen10x10.u_mult_dsp/inm_reg[4]'
INFO: [Synth 8-3886] merging instance 'm_alu_top/u_alu_pe/u_alu_pe_mult/DSP_1XCLK.gen_cp[4].gen_pp[2].Gen10x10.u_mult_dsp/inm_reg[1]' (FD) to 'm_alu_top/u_alu_pe/u_alu_pe_mult/DSP_1XCLK.gen_cp[4].gen_pp[2].Gen10x10.u_mult_dsp/inm_reg[2]'
INFO: [Synth 8-3886] merging instance 'm_alu_top/u_alu_pe/u_alu_pe_mult/DSP_1XCLK.gen_cp[4].gen_pp[2].Gen10x10.u_mult_dsp/inm_reg[3]' (FDR) to 'm_alu_top/u_alu_pe/u_alu_pe_mult/DSP_1XCLK.gen_cp[7].gen_pp[2].Gen10x10.u_mult_dsp/inm_reg[4]'
INFO: [Synth 8-3886] merging instance 'm_alu_top/u_alu_pe/u_alu_pe_mult/DSP_1XCLK.gen_cp[4].gen_pp[2].Gen10x10.u_mult_dsp/inm_reg[4]' (FDR) to 'm_alu_top/u_alu_pe/u_alu_pe_mult/DSP_1XCLK.gen_cp[7].gen_pp[2].Gen10x10.u_mult_dsp/inm_reg[4]'
INFO: [Synth 8-3886] merging instance 'm_alu_top/u_alu_pe/u_alu_pe_mult/DSP_1XCLK.gen_cp[5].gen_pp[2].Gen10x10.u_mult_dsp/inm_reg[1]' (FD) to 'm_alu_top/u_alu_pe/u_alu_pe_mult/DSP_1XCLK.gen_cp[5].gen_pp[2].Gen10x10.u_mult_dsp/inm_reg[2]'
INFO: [Synth 8-3886] merging instance 'm_alu_top/u_alu_pe/u_alu_pe_mult/DSP_1XCLK.gen_cp[5].gen_pp[2].Gen10x10.u_mult_dsp/inm_reg[3]' (FDR) to 'm_alu_top/u_alu_pe/u_alu_pe_mult/DSP_1XCLK.gen_cp[7].gen_pp[2].Gen10x10.u_mult_dsp/inm_reg[4]'
INFO: [Synth 8-3886] merging instance 'm_alu_top/u_alu_pe/u_alu_pe_mult/DSP_1XCLK.gen_cp[5].gen_pp[2].Gen10x10.u_mult_dsp/inm_reg[4]' (FDR) to 'm_alu_top/u_alu_pe/u_alu_pe_mult/DSP_1XCLK.gen_cp[7].gen_pp[2].Gen10x10.u_mult_dsp/inm_reg[4]'
INFO: [Synth 8-3886] merging instance 'm_alu_top/u_alu_pe/u_alu_pe_mult/DSP_1XCLK.gen_cp[6].gen_pp[2].Gen10x10.u_mult_dsp/inm_reg[1]' (FD) to 'm_alu_top/u_alu_pe/u_alu_pe_mult/DSP_1XCLK.gen_cp[6].gen_pp[2].Gen10x10.u_mult_dsp/inm_reg[2]'
INFO: [Synth 8-3886] merging instance 'm_alu_top/u_alu_pe/u_alu_pe_mult/DSP_1XCLK.gen_cp[6].gen_pp[2].Gen10x10.u_mult_dsp/inm_reg[3]' (FDR) to 'm_alu_top/u_alu_pe/u_alu_pe_mult/DSP_1XCLK.gen_cp[7].gen_pp[2].Gen10x10.u_mult_dsp/inm_reg[4]'
INFO: [Synth 8-3886] merging instance 'm_alu_top/u_alu_pe/u_alu_pe_mult/DSP_1XCLK.gen_cp[6].gen_pp[2].Gen10x10.u_mult_dsp/inm_reg[4]' (FDR) to 'm_alu_top/u_alu_pe/u_alu_pe_mult/DSP_1XCLK.gen_cp[7].gen_pp[2].Gen10x10.u_mult_dsp/inm_reg[4]'
INFO: [Synth 8-3886] merging instance 'm_alu_top/u_alu_pe/u_alu_pe_mult/DSP_1XCLK.gen_cp[7].gen_pp[2].Gen10x10.u_mult_dsp/inm_reg[1]' (FD) to 'm_alu_top/u_alu_pe/u_alu_pe_mult/DSP_1XCLK.gen_cp[7].gen_pp[2].Gen10x10.u_mult_dsp/inm_reg[2]'
INFO: [Synth 8-3886] merging instance 'm_alu_top/u_alu_pe/u_alu_pe_mult/DSP_1XCLK.gen_cp[7].gen_pp[2].Gen10x10.u_mult_dsp/inm_reg[3]' (FDR) to 'm_alu_top/u_alu_pe/u_alu_pe_mult/DSP_1XCLK.gen_cp[7].gen_pp[2].Gen10x10.u_mult_dsp/inm_reg[4]'
INFO: [Synth 8-3886] merging instance 'm_alu_top/u_alu_pe/u_alu_pe_mult/DSP_1XCLK.gen_cp[7].gen_pp[2].Gen10x10.u_mult_dsp/inm_reg[4]' (FDR) to 'm_alu_top/u_alu_pe/u_alu_pe_mult/DSP_1XCLK.gen_cp[7].gen_pp[1].Gen10x10.u_mult_dsp/inm_reg[4]'
INFO: [Synth 8-3886] merging instance 'm_alu_top/u_alu_pe/u_alu_pe_mult/DSP_1XCLK.gen_cp[0].gen_pp[1].Gen10x10.u_mult_dsp/inm_reg[1]' (FD) to 'm_alu_top/u_alu_pe/u_alu_pe_mult/DSP_1XCLK.gen_cp[0].gen_pp[1].Gen10x10.u_mult_dsp/inm_reg[2]'
INFO: [Synth 8-3886] merging instance 'm_alu_top/u_alu_pe/u_alu_pe_mult/DSP_1XCLK.gen_cp[0].gen_pp[1].Gen10x10.u_mult_dsp/inm_reg[3]' (FDR) to 'm_alu_top/u_alu_pe/u_alu_pe_mult/DSP_1XCLK.gen_cp[7].gen_pp[1].Gen10x10.u_mult_dsp/inm_reg[4]'
INFO: [Synth 8-3886] merging instance 'm_alu_top/u_alu_pe/u_alu_pe_mult/DSP_1XCLK.gen_cp[0].gen_pp[1].Gen10x10.u_mult_dsp/inm_reg[4]' (FDR) to 'm_alu_top/u_alu_pe/u_alu_pe_mult/DSP_1XCLK.gen_cp[7].gen_pp[1].Gen10x10.u_mult_dsp/inm_reg[4]'
INFO: [Synth 8-3886] merging instance 'm_alu_top/u_alu_pe/u_alu_pe_mult/DSP_1XCLK.gen_cp[1].gen_pp[1].Gen10x10.u_mult_dsp/inm_reg[1]' (FD) to 'm_alu_top/u_alu_pe/u_alu_pe_mult/DSP_1XCLK.gen_cp[1].gen_pp[1].Gen10x10.u_mult_dsp/inm_reg[2]'
INFO: [Synth 8-3886] merging instance 'm_alu_top/u_alu_pe/u_alu_pe_mult/DSP_1XCLK.gen_cp[1].gen_pp[1].Gen10x10.u_mult_dsp/inm_reg[3]' (FDR) to 'm_alu_top/u_alu_pe/u_alu_pe_mult/DSP_1XCLK.gen_cp[7].gen_pp[1].Gen10x10.u_mult_dsp/inm_reg[4]'
INFO: [Synth 8-3886] merging instance 'm_alu_top/u_alu_pe/u_alu_pe_mult/DSP_1XCLK.gen_cp[1].gen_pp[1].Gen10x10.u_mult_dsp/inm_reg[4]' (FDR) to 'm_alu_top/u_alu_pe/u_alu_pe_mult/DSP_1XCLK.gen_cp[7].gen_pp[1].Gen10x10.u_mult_dsp/inm_reg[4]'
INFO: [Synth 8-3886] merging instance 'm_alu_top/u_alu_pe/u_alu_pe_mult/DSP_1XCLK.gen_cp[2].gen_pp[1].Gen10x10.u_mult_dsp/inm_reg[1]' (FD) to 'm_alu_top/u_alu_pe/u_alu_pe_mult/DSP_1XCLK.gen_cp[2].gen_pp[1].Gen10x10.u_mult_dsp/inm_reg[2]'
INFO: [Synth 8-3886] merging instance 'm_alu_top/u_alu_pe/u_alu_pe_mult/DSP_1XCLK.gen_cp[2].gen_pp[1].Gen10x10.u_mult_dsp/inm_reg[3]' (FDR) to 'm_alu_top/u_alu_pe/u_alu_pe_mult/DSP_1XCLK.gen_cp[7].gen_pp[1].Gen10x10.u_mult_dsp/inm_reg[4]'
INFO: [Synth 8-3886] merging instance 'm_alu_top/u_alu_pe/u_alu_pe_mult/DSP_1XCLK.gen_cp[2].gen_pp[1].Gen10x10.u_mult_dsp/inm_reg[4]' (FDR) to 'm_alu_top/u_alu_pe/u_alu_pe_mult/DSP_1XCLK.gen_cp[7].gen_pp[1].Gen10x10.u_mult_dsp/inm_reg[4]'
INFO: [Synth 8-3886] merging instance 'm_alu_top/u_alu_pe/u_alu_pe_mult/DSP_1XCLK.gen_cp[3].gen_pp[1].Gen10x10.u_mult_dsp/inm_reg[1]' (FD) to 'm_alu_top/u_alu_pe/u_alu_pe_mult/DSP_1XCLK.gen_cp[3].gen_pp[1].Gen10x10.u_mult_dsp/inm_reg[2]'
INFO: [Synth 8-3886] merging instance 'm_alu_top/u_alu_pe/u_alu_pe_mult/DSP_1XCLK.gen_cp[3].gen_pp[1].Gen10x10.u_mult_dsp/inm_reg[3]' (FDR) to 'm_alu_top/u_alu_pe/u_alu_pe_mult/DSP_1XCLK.gen_cp[7].gen_pp[1].Gen10x10.u_mult_dsp/inm_reg[4]'
INFO: [Synth 8-3886] merging instance 'm_alu_top/u_alu_pe/u_alu_pe_mult/DSP_1XCLK.gen_cp[3].gen_pp[1].Gen10x10.u_mult_dsp/inm_reg[4]' (FDR) to 'm_alu_top/u_alu_pe/u_alu_pe_mult/DSP_1XCLK.gen_cp[7].gen_pp[1].Gen10x10.u_mult_dsp/inm_reg[4]'
INFO: [Synth 8-3886] merging instance 'm_alu_top/u_alu_pe/u_alu_pe_mult/DSP_1XCLK.gen_cp[4].gen_pp[1].Gen10x10.u_mult_dsp/inm_reg[1]' (FD) to 'm_alu_top/u_alu_pe/u_alu_pe_mult/DSP_1XCLK.gen_cp[4].gen_pp[1].Gen10x10.u_mult_dsp/inm_reg[2]'
INFO: [Synth 8-3886] merging instance 'm_alu_top/u_alu_pe/u_alu_pe_mult/DSP_1XCLK.gen_cp[4].gen_pp[1].Gen10x10.u_mult_dsp/inm_reg[3]' (FDR) to 'm_alu_top/u_alu_pe/u_alu_pe_mult/DSP_1XCLK.gen_cp[7].gen_pp[1].Gen10x10.u_mult_dsp/inm_reg[4]'
INFO: [Synth 8-3886] merging instance 'm_alu_top/u_alu_pe/u_alu_pe_mult/DSP_1XCLK.gen_cp[4].gen_pp[1].Gen10x10.u_mult_dsp/inm_reg[4]' (FDR) to 'm_alu_top/u_alu_pe/u_alu_pe_mult/DSP_1XCLK.gen_cp[7].gen_pp[1].Gen10x10.u_mult_dsp/inm_reg[4]'
INFO: [Synth 8-3886] merging instance 'm_alu_top/u_alu_pe/u_alu_pe_mult/DSP_1XCLK.gen_cp[5].gen_pp[1].Gen10x10.u_mult_dsp/inm_reg[1]' (FD) to 'm_alu_top/u_alu_pe/u_alu_pe_mult/DSP_1XCLK.gen_cp[5].gen_pp[1].Gen10x10.u_mult_dsp/inm_reg[2]'
INFO: [Synth 8-3886] merging instance 'm_alu_top/u_alu_pe/u_alu_pe_mult/DSP_1XCLK.gen_cp[5].gen_pp[1].Gen10x10.u_mult_dsp/inm_reg[3]' (FDR) to 'm_alu_top/u_alu_pe/u_alu_pe_mult/DSP_1XCLK.gen_cp[7].gen_pp[1].Gen10x10.u_mult_dsp/inm_reg[4]'
INFO: [Synth 8-3886] merging instance 'm_alu_top/u_alu_pe/u_alu_pe_mult/DSP_1XCLK.gen_cp[5].gen_pp[1].Gen10x10.u_mult_dsp/inm_reg[4]' (FDR) to 'm_alu_top/u_alu_pe/u_alu_pe_mult/DSP_1XCLK.gen_cp[7].gen_pp[1].Gen10x10.u_mult_dsp/inm_reg[4]'
INFO: [Synth 8-3886] merging instance 'm_alu_top/u_alu_pe/u_alu_pe_mult/DSP_1XCLK.gen_cp[6].gen_pp[1].Gen10x10.u_mult_dsp/inm_reg[1]' (FD) to 'm_alu_top/u_alu_pe/u_alu_pe_mult/DSP_1XCLK.gen_cp[6].gen_pp[1].Gen10x10.u_mult_dsp/inm_reg[2]'
INFO: [Synth 8-3886] merging instance 'm_alu_top/u_alu_pe/u_alu_pe_mult/DSP_1XCLK.gen_cp[6].gen_pp[1].Gen10x10.u_mult_dsp/inm_reg[3]' (FDR) to 'm_alu_top/u_alu_pe/u_alu_pe_mult/DSP_1XCLK.gen_cp[7].gen_pp[1].Gen10x10.u_mult_dsp/inm_reg[4]'
INFO: [Synth 8-3886] merging instance 'm_alu_top/u_alu_pe/u_alu_pe_mult/DSP_1XCLK.gen_cp[6].gen_pp[1].Gen10x10.u_mult_dsp/inm_reg[4]' (FDR) to 'm_alu_top/u_alu_pe/u_alu_pe_mult/DSP_1XCLK.gen_cp[7].gen_pp[1].Gen10x10.u_mult_dsp/inm_reg[4]'
INFO: [Synth 8-3886] merging instance 'm_alu_top/u_alu_pe/u_alu_pe_mult/DSP_1XCLK.gen_cp[7].gen_pp[1].Gen10x10.u_mult_dsp/inm_reg[1]' (FD) to 'm_alu_top/u_alu_pe/u_alu_pe_mult/DSP_1XCLK.gen_cp[7].gen_pp[1].Gen10x10.u_mult_dsp/inm_reg[2]'
INFO: [Synth 8-3886] merging instance 'm_alu_top/u_alu_pe/u_alu_pe_mult/DSP_1XCLK.gen_cp[7].gen_pp[1].Gen10x10.u_mult_dsp/inm_reg[3]' (FDR) to 'm_alu_top/u_alu_pe/u_alu_pe_mult/DSP_1XCLK.gen_cp[7].gen_pp[1].Gen10x10.u_mult_dsp/inm_reg[4]'
INFO: [Synth 8-3886] merging instance 'm_alu_top/u_alu_pe/u_alu_pe_mult/DSP_1XCLK.gen_cp[7].gen_pp[1].Gen10x10.u_mult_dsp/inm_reg[4]' (FDR) to 'm_alu_top/u_alu_pe/u_alu_pe_mult/DSP_1XCLK.gen_cp[7].gen_pp[0].Gen10x10.u_mult_dsp/inm_reg[4]'
INFO: [Synth 8-3886] merging instance 'm_alu_top/u_alu_pe/u_alu_pe_mult/DSP_1XCLK.gen_cp[0].gen_pp[0].Gen10x10.u_mult_dsp/inm_reg[1]' (FD) to 'm_alu_top/u_alu_pe/u_alu_pe_mult/DSP_1XCLK.gen_cp[0].gen_pp[0].Gen10x10.u_mult_dsp/inm_reg[2]'
INFO: [Synth 8-3886] merging instance 'm_alu_top/u_alu_pe/u_alu_pe_mult/DSP_1XCLK.gen_cp[0].gen_pp[0].Gen10x10.u_mult_dsp/inm_reg[3]' (FDR) to 'm_alu_top/u_alu_pe/u_alu_pe_mult/DSP_1XCLK.gen_cp[7].gen_pp[0].Gen10x10.u_mult_dsp/inm_reg[4]'
INFO: [Synth 8-3886] merging instance 'm_alu_top/u_alu_pe/u_alu_pe_mult/DSP_1XCLK.gen_cp[0].gen_pp[0].Gen10x10.u_mult_dsp/inm_reg[4]' (FDR) to 'm_alu_top/u_alu_pe/u_alu_pe_mult/DSP_1XCLK.gen_cp[7].gen_pp[0].Gen10x10.u_mult_dsp/inm_reg[4]'
INFO: [Synth 8-3886] merging instance 'm_alu_top/u_alu_pe/u_alu_pe_mult/DSP_1XCLK.gen_cp[1].gen_pp[0].Gen10x10.u_mult_dsp/inm_reg[1]' (FD) to 'm_alu_top/u_alu_pe/u_alu_pe_mult/DSP_1XCLK.gen_cp[1].gen_pp[0].Gen10x10.u_mult_dsp/inm_reg[2]'
INFO: [Synth 8-3886] merging instance 'm_alu_top/u_alu_pe/u_alu_pe_mult/DSP_1XCLK.gen_cp[1].gen_pp[0].Gen10x10.u_mult_dsp/inm_reg[3]' (FDR) to 'm_alu_top/u_alu_pe/u_alu_pe_mult/DSP_1XCLK.gen_cp[7].gen_pp[0].Gen10x10.u_mult_dsp/inm_reg[4]'
INFO: [Synth 8-3886] merging instance 'm_alu_top/u_alu_pe/u_alu_pe_mult/DSP_1XCLK.gen_cp[1].gen_pp[0].Gen10x10.u_mult_dsp/inm_reg[4]' (FDR) to 'm_alu_top/u_alu_pe/u_alu_pe_mult/DSP_1XCLK.gen_cp[7].gen_pp[0].Gen10x10.u_mult_dsp/inm_reg[4]'
INFO: [Synth 8-3886] merging instance 'm_alu_top/u_alu_pe/u_alu_pe_mult/DSP_1XCLK.gen_cp[2].gen_pp[0].Gen10x10.u_mult_dsp/inm_reg[1]' (FD) to 'm_alu_top/u_alu_pe/u_alu_pe_mult/DSP_1XCLK.gen_cp[2].gen_pp[0].Gen10x10.u_mult_dsp/inm_reg[2]'
INFO: [Synth 8-3886] merging instance 'm_alu_top/u_alu_pe/u_alu_pe_mult/DSP_1XCLK.gen_cp[2].gen_pp[0].Gen10x10.u_mult_dsp/inm_reg[3]' (FDR) to 'm_alu_top/u_alu_pe/u_alu_pe_mult/DSP_1XCLK.gen_cp[7].gen_pp[0].Gen10x10.u_mult_dsp/inm_reg[4]'
INFO: [Synth 8-3886] merging instance 'm_alu_top/u_alu_pe/u_alu_pe_mult/DSP_1XCLK.gen_cp[2].gen_pp[0].Gen10x10.u_mult_dsp/inm_reg[4]' (FDR) to 'm_alu_top/u_alu_pe/u_alu_pe_mult/DSP_1XCLK.gen_cp[7].gen_pp[0].Gen10x10.u_mult_dsp/inm_reg[4]'
INFO: [Synth 8-3886] merging instance 'm_alu_top/u_alu_pe/u_alu_pe_mult/DSP_1XCLK.gen_cp[3].gen_pp[0].Gen10x10.u_mult_dsp/inm_reg[1]' (FD) to 'm_alu_top/u_alu_pe/u_alu_pe_mult/DSP_1XCLK.gen_cp[3].gen_pp[0].Gen10x10.u_mult_dsp/inm_reg[2]'
INFO: [Synth 8-3886] merging instance 'm_alu_top/u_alu_pe/u_alu_pe_mult/DSP_1XCLK.gen_cp[3].gen_pp[0].Gen10x10.u_mult_dsp/inm_reg[3]' (FDR) to 'm_alu_top/u_alu_pe/u_alu_pe_mult/DSP_1XCLK.gen_cp[7].gen_pp[0].Gen10x10.u_mult_dsp/inm_reg[4]'
INFO: [Common 17-14] Message 'Synth 8-3886' appears 100 times and further instances of the messages will be disabled. Use the Tcl command set_msg_config to change the current settings.
INFO: [Synth 8-3333] propagating constant 0 across sequential element (m_alu_top/u_alu_pe/u_alu_pe_mult/\DSP_1XCLK.gen_cp[7].gen_pp[0].Gen10x10.u_mult_dsp/inm_reg[4] )
INFO: [Synth 8-3333] propagating constant 0 across sequential element (m_alu_top/u_alu_parser/\u_alu_mac_parser/reg_nl_relu6_r_reg[7] )
INFO: [Synth 8-3333] propagating constant 0 across sequential element (m_alu_top/u_alu_parser/\u_alu_mac_parser/reg_res_jump_wr_r_reg[5] )
INFO: [Synth 8-3333] propagating constant 0 across sequential element (\reg_axi_status_r_reg[27] )
INFO: [Synth 8-3333] propagating constant 0 across sequential element (m_alu_top/u_alu_img_reader/\u_pad_mask/GenCoorH[0].coor_h_r_reg[0][10] )
INFO: [Synth 8-3333] propagating constant 0 across sequential element (m_alu_top/u_alu_parser/\reg_nl_relu6_reg[7] )
