xilinx rtfpga
rt::do_reinfer_area_combined 1
INFO: [Synth 8-5544] ROM "pad_mask_tmph" won't be mapped to Block RAM because address size (4) smaller than threshold (5)
INFO: [Synth 8-5544] ROM "pad_mask_tmpl" won't be mapped to Block RAM because address size (4) smaller than threshold (5)
INFO: [Synth 8-5544] ROM "pad_mask_tmph" won't be mapped to Block RAM because address size (4) smaller than threshold (5)
INFO: [Synth 8-5544] ROM "pad_mask_tmpl" won't be mapped to Block RAM because address size (4) smaller than threshold (5)
INFO: [Synth 8-5544] ROM "pad_mask_tmph" won't be mapped to Block RAM because address size (4) smaller than threshold (5)
INFO: [Synth 8-5544] ROM "pad_mask_tmpl" won't be mapped to Block RAM because address size (4) smaller than threshold (5)
INFO: [Synth 8-5544] ROM "pad_mask_tmpl" won't be mapped to Block RAM because address size (4) smaller than threshold (5)
INFO: [Synth 8-5544] ROM "pad_mask_tmph" won't be mapped to Block RAM because address size (4) smaller than threshold (5)
INFO: [Synth 8-5544] ROM "pad_mask_tmph" won't be mapped to Block RAM because address size (4) smaller than threshold (5)
INFO: [Synth 8-5544] ROM "pad_mask_tmpl" won't be mapped to Block RAM because address size (4) smaller than threshold (5)
INFO: [Synth 8-5544] ROM "pad_mask_tmph" won't be mapped to Block RAM because address size (4) smaller than threshold (5)
INFO: [Synth 8-5544] ROM "pad_mask_tmpl" won't be mapped to Block RAM because address size (4) smaller than threshold (5)
INFO: [Synth 8-5544] ROM "pad_mask_tmph" won't be mapped to Block RAM because address size (4) smaller than threshold (5)
INFO: [Synth 8-5544] ROM "pad_mask_tmpl" won't be mapped to Block RAM because address size (4) smaller than threshold (5)
INFO: [Synth 8-5544] ROM "pad_mask_tmpl" won't be mapped to Block RAM because address size (4) smaller than threshold (5)
INFO: [Synth 8-5544] ROM "pad_mask_tmph" won't be mapped to Block RAM because address size (4) smaller than threshold (5)
INFO: [Synth 8-5544] ROM "pad_mask_tmpl" won't be mapped to Block RAM because address size (4) smaller than threshold (5)
INFO: [Synth 8-5544] ROM "pad_mask_tmpl" won't be mapped to Block RAM because address size (4) smaller than threshold (5)
WARNING: [Synth 8-7129] Port cfg_avg_mode[1] in module load_pad is either unconnected or has no load
WARNING: [Synth 8-7129] Port cfg_avg_mode[0] in module load_pad is either unconnected or has no load
WARNING: [Synth 8-7129] Port cfg_mean_val0[63] in module load_pad is either unconnected or has no load
WARNING: [Synth 8-7129] Port cfg_mean_val0[62] in module load_pad is either unconnected or has no load
WARNING: [Synth 8-7129] Port cfg_mean_val0[61] in module load_pad is either unconnected or has no load
WARNING: [Synth 8-7129] Port cfg_mean_val0[60] in module load_pad is either unconnected or has no load
WARNING: [Synth 8-7129] Port cfg_mean_val0[59] in module load_pad is either unconnected or has no load
WARNING: [Synth 8-7129] Port cfg_mean_val0[58] in module load_pad is either unconnected or has no load
WARNING: [Synth 8-7129] Port cfg_mean_val0[57] in module load_pad is either unconnected or has no load
WARNING: [Synth 8-7129] Port cfg_mean_val0[56] in module load_pad is either unconnected or has no load
WARNING: [Synth 8-7129] Port cfg_mean_val0[55] in module load_pad is either unconnected or has no load
WARNING: [Synth 8-7129] Port cfg_mean_val0[54] in module load_pad is either unconnected or has no load
WARNING: [Synth 8-7129] Port cfg_mean_val0[53] in module load_pad is either unconnected or has no load
WARNING: [Synth 8-7129] Port cfg_mean_val0[52] in module load_pad is either unconnected or has no load
WARNING: [Synth 8-7129] Port cfg_mean_val0[51] in module load_pad is either unconnected or has no load
WARNING: [Synth 8-7129] Port cfg_mean_val0[50] in module load_pad is either unconnected or has no load
WARNING: [Synth 8-7129] Port cfg_mean_val0[49] in module load_pad is either unconnected or has no load
WARNING: [Synth 8-7129] Port cfg_mean_val0[48] in module load_pad is either unconnected or has no load
WARNING: [Synth 8-7129] Port cfg_mean_val0[47] in module load_pad is either unconnected or has no load
WARNING: [Synth 8-7129] Port cfg_mean_val0[46] in module load_pad is either unconnected or has no load
WARNING: [Synth 8-7129] Port cfg_mean_val0[45] in module load_pad is either unconnected or has no load
WARNING: [Synth 8-7129] Port cfg_mean_val0[44] in module load_pad is either unconnected or has no load
WARNING: [Synth 8-7129] Port cfg_mean_val0[43] in module load_pad is either unconnected or has no load
WARNING: [Synth 8-7129] Port cfg_mean_val0[42] in module load_pad is either unconnected or has no load
WARNING: [Synth 8-7129] Port cfg_mean_val0[41] in module load_pad is either unconnected or has no load
WARNING: [Synth 8-7129] Port cfg_mean_val0[40] in module load_pad is either unconnected or has no load
WARNING: [Synth 8-7129] Port cfg_mean_val0[39] in module load_pad is either unconnected or has no load
WARNING: [Synth 8-7129] Port cfg_mean_val0[38] in module load_pad is either unconnected or has no load
WARNING: [Synth 8-7129] Port cfg_mean_val0[37] in module load_pad is either unconnected or has no load
WARNING: [Synth 8-7129] Port cfg_mean_val0[36] in module load_pad is either unconnected or has no load
WARNING: [Synth 8-7129] Port cfg_mean_val0[35] in module load_pad is either unconnected or has no load
WARNING: [Synth 8-7129] Port cfg_mean_val0[34] in module load_pad is either unconnected or has no load
WARNING: [Synth 8-7129] Port cfg_mean_val0[33] in module load_pad is either unconnected or has no load
WARNING: [Synth 8-7129] Port cfg_mean_val0[32] in module load_pad is either unconnected or has no load
WARNING: [Synth 8-7129] Port cfg_mean_val0[31] in module load_pad is either unconnected or has no load
WARNING: [Synth 8-7129] Port cfg_mean_val0[30] in module load_pad is either unconnected or has no load
WARNING: [Synth 8-7129] Port cfg_mean_val0[29] in module load_pad is either unconnected or has no load
WARNING: [Synth 8-7129] Port cfg_mean_val0[28] in module load_pad is either unconnected or has no load
WARNING: [Synth 8-7129] Port cfg_mean_val0[27] in module load_pad is either unconnected or has no load
WARNING: [Synth 8-7129] Port cfg_mean_val0[26] in module load_pad is either unconnected or has no load
WARNING: [Synth 8-7129] Port cfg_mean_val0[25] in module load_pad is either unconnected or has no load
WARNING: [Synth 8-7129] Port cfg_mean_val0[24] in module load_pad is either unconnected or has no load
WARNING: [Synth 8-7129] Port cfg_mean_val0[23] in module load_pad is either unconnected or has no load
WARNING: [Synth 8-7129] Port cfg_mean_val0[22] in module load_pad is either unconnected or has no load
WARNING: [Synth 8-7129] Port cfg_mean_val0[21] in module load_pad is either unconnected or has no load
WARNING: [Synth 8-7129] Port cfg_mean_val0[20] in module load_pad is either unconnected or has no load
WARNING: [Synth 8-7129] Port cfg_mean_val0[19] in module load_pad is either unconnected or has no load
WARNING: [Synth 8-7129] Port cfg_mean_val0[18] in module load_pad is either unconnected or has no load
WARNING: [Synth 8-7129] Port cfg_mean_val0[17] in module load_pad is either unconnected or has no load
WARNING: [Synth 8-7129] Port cfg_mean_val0[16] in module load_pad is either unconnected or has no load
WARNING: [Synth 8-7129] Port cfg_mean_val0[15] in module load_pad is either unconnected or has no load
WARNING: [Synth 8-7129] Port cfg_mean_val0[14] in module load_pad is either unconnected or has no load
WARNING: [Synth 8-7129] Port cfg_mean_val0[13] in module load_pad is either unconnected or has no load
WARNING: [Synth 8-7129] Port cfg_mean_val0[12] in module load_pad is either unconnected or has no load
WARNING: [Synth 8-7129] Port cfg_mean_val0[11] in module load_pad is either unconnected or has no load
WARNING: [Synth 8-7129] Port cfg_mean_val0[10] in module load_pad is either unconnected or has no load
WARNING: [Synth 8-7129] Port cfg_mean_val0[9] in module load_pad is either unconnected or has no load
WARNING: [Synth 8-7129] Port cfg_mean_val0[8] in module load_pad is either unconnected or has no load
WARNING: [Synth 8-7129] Port cfg_mean_val0[7] in module load_pad is either unconnected or has no load
WARNING: [Synth 8-7129] Port cfg_mean_val0[6] in module load_pad is either unconnected or has no load
WARNING: [Synth 8-7129] Port cfg_mean_val0[5] in module load_pad is either unconnected or has no load
WARNING: [Synth 8-7129] Port cfg_mean_val0[4] in module load_pad is either unconnected or has no load
WARNING: [Synth 8-7129] Port cfg_mean_val0[3] in module load_pad is either unconnected or has no load
WARNING: [Synth 8-7129] Port cfg_mean_val0[2] in module load_pad is either unconnected or has no load
WARNING: [Synth 8-7129] Port cfg_mean_val0[1] in module load_pad is either unconnected or has no load
WARNING: [Synth 8-7129] Port cfg_mean_val0[0] in module load_pad is either unconnected or has no load
WARNING: [Synth 8-7129] Port cfg_mean_val1[63] in module load_pad is either unconnected or has no load
WARNING: [Synth 8-7129] Port cfg_mean_val1[62] in module load_pad is either unconnected or has no load
WARNING: [Synth 8-7129] Port cfg_mean_val1[61] in module load_pad is either unconnected or has no load
WARNING: [Synth 8-7129] Port cfg_mean_val1[60] in module load_pad is either unconnected or has no load
WARNING: [Synth 8-7129] Port cfg_mean_val1[59] in module load_pad is either unconnected or has no load
WARNING: [Synth 8-7129] Port cfg_mean_val1[58] in module load_pad is either unconnected or has no load
WARNING: [Synth 8-7129] Port cfg_mean_val1[57] in module load_pad is either unconnected or has no load
WARNING: [Synth 8-7129] Port cfg_mean_val1[56] in module load_pad is either unconnected or has no load
WARNING: [Synth 8-7129] Port cfg_mean_val1[55] in module load_pad is either unconnected or has no load
WARNING: [Synth 8-7129] Port cfg_mean_val1[54] in module load_pad is either unconnected or has no load
WARNING: [Synth 8-7129] Port cfg_mean_val1[53] in module load_pad is either unconnected or has no load
WARNING: [Synth 8-7129] Port cfg_mean_val1[52] in module load_pad is either unconnected or has no load
WARNING: [Synth 8-7129] Port cfg_mean_val1[51] in module load_pad is either unconnected or has no load
WARNING: [Synth 8-7129] Port cfg_mean_val1[50] in module load_pad is either unconnected or has no load
WARNING: [Synth 8-7129] Port cfg_mean_val1[49] in module load_pad is either unconnected or has no load
WARNING: [Synth 8-7129] Port cfg_mean_val1[48] in module load_pad is either unconnected or has no load
WARNING: [Synth 8-7129] Port cfg_mean_val1[47] in module load_pad is either unconnected or has no load
WARNING: [Synth 8-7129] Port cfg_mean_val1[46] in module load_pad is either unconnected or has no load
WARNING: [Synth 8-7129] Port cfg_mean_val1[45] in module load_pad is either unconnected or has no load
WARNING: [Synth 8-7129] Port cfg_mean_val1[44] in module load_pad is either unconnected or has no load
WARNING: [Synth 8-7129] Port cfg_mean_val1[43] in module load_pad is either unconnected or has no load
WARNING: [Synth 8-7129] Port cfg_mean_val1[42] in module load_pad is either unconnected or has no load
WARNING: [Synth 8-7129] Port cfg_mean_val1[41] in module load_pad is either unconnected or has no load
WARNING: [Synth 8-7129] Port cfg_mean_val1[40] in module load_pad is either unconnected or has no load
WARNING: [Synth 8-7129] Port cfg_mean_val1[39] in module load_pad is either unconnected or has no load
WARNING: [Synth 8-7129] Port cfg_mean_val1[38] in module load_pad is either unconnected or has no load
WARNING: [Synth 8-7129] Port cfg_mean_val1[37] in module load_pad is either unconnected or has no load
WARNING: [Synth 8-7129] Port cfg_mean_val1[36] in module load_pad is either unconnected or has no load
WARNING: [Synth 8-7129] Port cfg_mean_val1[35] in module load_pad is either unconnected or has no load
WARNING: [Synth 8-7129] Port cfg_mean_val1[34] in module load_pad is either unconnected or has no load
WARNING: [Synth 8-7129] Port cfg_mean_val1[33] in module load_pad is either unconnected or has no load
WARNING: [Synth 8-7129] Port cfg_mean_val1[32] in module load_pad is either unconnected or has no load
WARNING: [Synth 8-7129] Port cfg_mean_val1[31] in module load_pad is either unconnected or has no load
WARNING: [Synth 8-7129] Port cfg_mean_val1[30] in module load_pad is either unconnected or has no load
INFO: [Common 17-14] Message 'Synth 8-7129' appears 100 times and further instances of the messages will be disabled. Use the Tcl command set_msg_config to change the current settings.
INFO: [Synth 8-3886] merging instance 'cm_buf_wctrl_augm/state_machines[1].padding_mask_reg[4]' (FD) to 'cm_buf_wctrl_augm/state_machines[1].padding_mask_reg[5]'
INFO: [Synth 8-3886] merging instance 'cm_buf_wctrl_augm/state_machines[1].padding_mask_reg[5]' (FD) to 'cm_buf_wctrl_augm/state_machines[1].padding_mask_reg[2]'
INFO: [Synth 8-3886] merging instance 'cm_buf_wctrl_augm/state_machines[1].padding_mask_reg[2]' (FD) to 'cm_buf_wctrl_augm/state_machines[1].padding_mask_reg[3]'
INFO: [Synth 8-3886] merging instance 'cm_buf_wctrl_augm/state_machines[1].padding_mask_reg[3]' (FD) to 'cm_buf_wctrl_augm/state_machines[1].padding_mask_reg[0]'
INFO: [Synth 8-3886] merging instance 'cm_buf_wctrl_augm/state_machines[1].padding_mask_reg[0]' (FD) to 'cm_buf_wctrl_augm/state_machines[1].padding_mask_reg[1]'
INFO: [Synth 8-3886] merging instance 'cm_buf_wctrl_augm/state_machines[1].padding_mask_reg[1]' (FD) to 'cm_buf_wctrl_augm/state_machines[1].padding_mask_reg[6]'
INFO: [Synth 8-3886] merging instance 'cm_buf_wctrl_augm/state_machines[1].padding_mask_reg[10]' (FD) to 'cm_buf_wctrl_augm/state_machines[1].padding_mask_reg[11]'
INFO: [Synth 8-3886] merging instance 'cm_buf_wctrl_augm/state_machines[1].padding_mask_reg[11]' (FD) to 'cm_buf_wctrl_augm/state_machines[1].padding_mask_reg[8]'
INFO: [Synth 8-3886] merging instance 'cm_buf_wctrl_augm/state_machines[1].padding_mask_reg[8]' (FD) to 'cm_buf_wctrl_augm/state_machines[1].padding_mask_reg[9]'
INFO: [Synth 8-3886] merging instance 'cm_buf_wctrl_augm/state_machines[1].padding_mask_reg[6]' (FD) to 'cm_buf_wctrl_augm/state_machines[1].padding_mask_reg[7]'
INFO: [Synth 8-3886] merging instance 'cm_buf_wctrl_augm/state_machines[1].padding_mask_reg[16]' (FD) to 'cm_buf_wctrl_augm/state_machines[1].padding_mask_reg[17]'
INFO: [Synth 8-3886] merging instance 'cm_buf_wctrl_augm/state_machines[1].padding_mask_reg[17]' (FD) to 'cm_buf_wctrl_augm/state_machines[1].padding_mask_reg[22]'
INFO: [Synth 8-3886] merging instance 'cm_buf_wctrl_augm/state_machines[1].padding_mask_reg[14]' (FD) to 'cm_buf_wctrl_augm/state_machines[1].padding_mask_reg[15]'
INFO: [Synth 8-3886] merging instance 'cm_buf_wctrl_augm/state_machines[1].padding_mask_reg[15]' (FD) to 'cm_buf_wctrl_augm/state_machines[1].padding_mask_reg[12]'
INFO: [Synth 8-3886] merging instance 'cm_buf_wctrl_augm/state_machines[1].padding_mask_reg[12]' (FD) to 'cm_buf_wctrl_augm/state_machines[1].padding_mask_reg[13]'
INFO: [Synth 8-3886] merging instance 'cm_buf_wctrl_augm/state_machines[1].padding_mask_reg[22]' (FD) to 'cm_buf_wctrl_augm/state_machines[1].padding_mask_reg[23]'
INFO: [Synth 8-3886] merging instance 'cm_buf_wctrl_augm/state_machines[1].padding_mask_reg[23]' (FD) to 'cm_buf_wctrl_augm/state_machines[1].padding_mask_reg[20]'
INFO: [Synth 8-3886] merging instance 'cm_buf_wctrl_augm/state_machines[1].padding_mask_reg[20]' (FD) to 'cm_buf_wctrl_augm/state_machines[1].padding_mask_reg[21]'
INFO: [Synth 8-3886] merging instance 'cm_buf_wctrl_augm/state_machines[1].padding_mask_reg[21]' (FD) to 'cm_buf_wctrl_augm/state_machines[1].padding_mask_reg[18]'
INFO: [Synth 8-3886] merging instance 'cm_buf_wctrl_augm/state_machines[1].padding_mask_reg[18]' (FD) to 'cm_buf_wctrl_augm/state_machines[1].padding_mask_reg[19]'
INFO: [Synth 8-3886] merging instance 'cm_buf_wctrl_augm/state_machines[1].padding_mask_reg[28]' (FD) to 'cm_buf_wctrl_augm/state_machines[1].padding_mask_reg[29]'
INFO: [Synth 8-3886] merging instance 'cm_buf_wctrl_augm/state_machines[1].padding_mask_reg[29]' (FD) to 'cm_buf_wctrl_augm/state_machines[1].padding_mask_reg[26]'
INFO: [Synth 8-3886] merging instance 'cm_buf_wctrl_augm/state_machines[1].padding_mask_reg[26]' (FD) to 'cm_buf_wctrl_augm/state_machines[1].padding_mask_reg[27]'
INFO: [Synth 8-3886] merging instance 'cm_buf_wctrl_augm/state_machines[1].padding_mask_reg[27]' (FD) to 'cm_buf_wctrl_augm/state_machines[1].padding_mask_reg[24]'
INFO: [Synth 8-3886] merging instance 'cm_buf_wctrl_augm/state_machines[1].padding_mask_reg[24]' (FD) to 'cm_buf_wctrl_augm/state_machines[1].padding_mask_reg[25]'
INFO: [Synth 8-3886] merging instance 'cm_buf_wctrl_augm/state_machines[1].padding_mask_reg[25]' (FD) to 'cm_buf_wctrl_augm/state_machines[1].padding_mask_reg[30]'
INFO: [Synth 8-3886] merging instance 'cm_buf_wctrl_augm/state_machines[1].padding_mask_reg[34]' (FD) to 'cm_buf_wctrl_augm/state_machines[1].padding_mask_reg[35]'
INFO: [Synth 8-3886] merging instance 'cm_buf_wctrl_augm/state_machines[1].padding_mask_reg[35]' (FD) to 'cm_buf_wctrl_augm/state_machines[1].padding_mask_reg[32]'
INFO: [Synth 8-3886] merging instance 'cm_buf_wctrl_augm/state_machines[1].padding_mask_reg[32]' (FD) to 'cm_buf_wctrl_augm/state_machines[1].padding_mask_reg[33]'
INFO: [Synth 8-3886] merging instance 'cm_buf_wctrl_augm/state_machines[1].padding_mask_reg[33]' (FD) to 'cm_buf_wctrl_augm/state_machines[1].padding_mask_reg[38]'
INFO: [Synth 8-3886] merging instance 'cm_buf_wctrl_augm/state_machines[1].padding_mask_reg[30]' (FD) to 'cm_buf_wctrl_augm/state_machines[1].padding_mask_reg[31]'
INFO: [Synth 8-3886] merging instance 'cm_buf_wctrl_augm/state_machines[1].padding_mask_reg[40]' (FD) to 'cm_buf_wctrl_augm/state_machines[1].padding_mask_reg[41]'
INFO: [Synth 8-3886] merging instance 'cm_buf_wctrl_augm/state_machines[1].padding_mask_reg[38]' (FD) to 'cm_buf_wctrl_augm/state_machines[1].padding_mask_reg[39]'
INFO: [Synth 8-3886] merging instance 'cm_buf_wctrl_augm/state_machines[1].padding_mask_reg[39]' (FD) to 'cm_buf_wctrl_augm/state_machines[1].padding_mask_reg[36]'
INFO: [Synth 8-3886] merging instance 'cm_buf_wctrl_augm/state_machines[1].padding_mask_reg[36]' (FD) to 'cm_buf_wctrl_augm/state_machines[1].padding_mask_reg[37]'
INFO: [Synth 8-3886] merging instance 'cm_buf_wctrl_augm/state_machines[1].padding_mask_reg[46]' (FD) to 'cm_buf_wctrl_augm/state_machines[1].padding_mask_reg[47]'
INFO: [Synth 8-3886] merging instance 'cm_buf_wctrl_augm/state_machines[1].padding_mask_reg[47]' (FD) to 'cm_buf_wctrl_augm/state_machines[1].padding_mask_reg[44]'
INFO: [Synth 8-3886] merging instance 'cm_buf_wctrl_augm/state_machines[1].padding_mask_reg[44]' (FD) to 'cm_buf_wctrl_augm/state_machines[1].padding_mask_reg[45]'
INFO: [Synth 8-3886] merging instance 'cm_buf_wctrl_augm/state_machines[1].padding_mask_reg[45]' (FD) to 'cm_buf_wctrl_augm/state_machines[1].padding_mask_reg[42]'
INFO: [Synth 8-3886] merging instance 'cm_buf_wctrl_augm/state_machines[1].padding_mask_reg[42]' (FD) to 'cm_buf_wctrl_augm/state_machines[1].padding_mask_reg[43]'
INFO: [Synth 8-3886] merging instance 'cm_buf_wctrl_augm/state_machines[1].padding_mask_reg[52]' (FD) to 'cm_buf_wctrl_augm/state_machines[1].padding_mask_reg[53]'
INFO: [Synth 8-3886] merging instance 'cm_buf_wctrl_augm/state_machines[1].padding_mask_reg[53]' (FD) to 'cm_buf_wctrl_augm/state_machines[1].padding_mask_reg[50]'
INFO: [Synth 8-3886] merging instance 'cm_buf_wctrl_augm/state_machines[1].padding_mask_reg[50]' (FD) to 'cm_buf_wctrl_augm/state_machines[1].padding_mask_reg[51]'
INFO: [Synth 8-3886] merging instance 'cm_buf_wctrl_augm/state_machines[1].padding_mask_reg[51]' (FD) to 'cm_buf_wctrl_augm/state_machines[1].padding_mask_reg[48]'
INFO: [Synth 8-3886] merging instance 'cm_buf_wctrl_augm/state_machines[1].padding_mask_reg[48]' (FD) to 'cm_buf_wctrl_augm/state_machines[1].padding_mask_reg[49]'
INFO: [Synth 8-3886] merging instance 'cm_buf_wctrl_augm/state_machines[1].padding_mask_reg[49]' (FD) to 'cm_buf_wctrl_augm/state_machines[1].padding_mask_reg[54]'
INFO: [Synth 8-3886] merging instance 'cm_buf_wctrl_augm/state_machines[1].padding_mask_reg[58]' (FD) to 'cm_buf_wctrl_augm/state_machines[1].padding_mask_reg[59]'
INFO: [Synth 8-3886] merging instance 'cm_buf_wctrl_augm/state_machines[1].padding_mask_reg[59]' (FD) to 'cm_buf_wctrl_augm/state_machines[1].padding_mask_reg[56]'
INFO: [Synth 8-3886] merging instance 'cm_buf_wctrl_augm/state_machines[1].padding_mask_reg[56]' (FD) to 'cm_buf_wctrl_augm/state_machines[1].padding_mask_reg[57]'
INFO: [Synth 8-3886] merging instance 'cm_buf_wctrl_augm/state_machines[1].padding_mask_reg[54]' (FD) to 'cm_buf_wctrl_augm/state_machines[1].padding_mask_reg[55]'
INFO: [Synth 8-3886] merging instance 'cm_buf_wctrl_augm/state_machines[1].padding_mask_reg[62]' (FD) to 'cm_buf_wctrl_augm/state_machines[1].padding_mask_reg[63]'
INFO: [Synth 8-3886] merging instance 'cm_buf_wctrl_augm/state_machines[1].padding_mask_reg[63]' (FD) to 'cm_buf_wctrl_augm/state_machines[1].padding_mask_reg[60]'
INFO: [Synth 8-3886] merging instance 'cm_buf_wctrl_augm/state_machines[1].padding_mask_reg[60]' (FD) to 'cm_buf_wctrl_augm/state_machines[1].padding_mask_reg[61]'
INFO: [Synth 8-3886] merging instance 'cm_buf_wctrl_augm/state_machines[1].augm_img_mean.load_pad/padding_start_mask_pre0_reg[2]' (FDS) to 'cm_buf_wctrl_augm/state_machines[1].augm_img_mean.load_pad/padding_start_mask_pre0_reg[1]'
INFO: [Synth 8-3886] merging instance 'cm_buf_wctrl_augm/state_machines[1].augm_img_mean.load_pad/padding_end_mask_pre0_reg[2]' (FDS) to 'cm_buf_wctrl_augm/state_machines[1].augm_img_mean.load_pad/padding_end_mask_pre0_reg[1]'
INFO: [Synth 8-3886] merging instance 'cm_buf_wctrl_augm/state_machines[1].augm_img_mean.load_pad/padding_end_mask_pre1_reg[2]' (FDS) to 'cm_buf_wctrl_augm/state_machines[1].augm_img_mean.load_pad/padding_end_mask_pre1_reg[1]'
INFO: [Synth 8-3886] merging instance 'cm_buf_wctrl_augm/state_machines[1].augm_img_mean.load_pad/padding_start_mask_pre1_reg[2]' (FDS) to 'cm_buf_wctrl_augm/state_machines[1].augm_img_mean.load_pad/padding_start_mask_pre1_reg[1]'
INFO: [Synth 8-3886] merging instance 'cm_buf_wctrl_augm/state_machines[1].augm_img_mean.load_pad/padding_end_mask_pre2_reg[2]' (FDS) to 'cm_buf_wctrl_augm/state_machines[1].augm_img_mean.load_pad/padding_end_mask_pre2_reg[1]'
INFO: [Synth 8-3886] merging instance 'cm_buf_wctrl_augm/state_machines[1].augm_img_mean.load_pad/padding_start_mask_pre2_reg[2]' (FDS) to 'cm_buf_wctrl_augm/state_machines[1].augm_img_mean.load_pad/padding_start_mask_pre2_reg[1]'
INFO: [Synth 8-3886] merging instance 'cm_buf_wctrl_augm/state_machines[1].augm_img_mean.load_pad/padding_end_mask_pre3_reg[2]' (FDS) to 'cm_buf_wctrl_augm/state_machines[1].augm_img_mean.load_pad/padding_end_mask_pre3_reg[1]'
INFO: [Synth 8-3886] merging instance 'cm_buf_wctrl_augm/state_machines[1].augm_img_mean.load_pad/padding_start_mask_pre3_reg[2]' (FDS) to 'cm_buf_wctrl_augm/state_machines[1].augm_img_mean.load_pad/padding_start_mask_pre3_reg[1]'
INFO: [Synth 8-3886] merging instance 'cm_buf_wctrl_augm/state_machines[1].augm_img_mean.load_pad/padding_start_mask_pre0_reg[1]' (FDS) to 'cm_buf_wctrl_augm/state_machines[1].augm_img_mean.load_pad/padding_start_mask_pre0_reg[0]'
INFO: [Synth 8-3886] merging instance 'cm_buf_wctrl_augm/state_machines[1].augm_img_mean.load_pad/padding_end_mask_pre0_reg[1]' (FDS) to 'cm_buf_wctrl_augm/state_machines[1].augm_img_mean.load_pad/padding_end_mask_pre0_reg[0]'
INFO: [Synth 8-3886] merging instance 'cm_buf_wctrl_augm/state_machines[1].augm_img_mean.load_pad/padding_end_mask_pre1_reg[1]' (FDS) to 'cm_buf_wctrl_augm/state_machines[1].augm_img_mean.load_pad/padding_end_mask_pre1_reg[0]'
INFO: [Synth 8-3886] merging instance 'cm_buf_wctrl_augm/state_machines[1].augm_img_mean.load_pad/padding_start_mask_pre1_reg[1]' (FDS) to 'cm_buf_wctrl_augm/state_machines[1].augm_img_mean.load_pad/padding_start_mask_pre1_reg[0]'
INFO: [Synth 8-3886] merging instance 'cm_buf_wctrl_augm/state_machines[1].augm_img_mean.load_pad/padding_end_mask_pre2_reg[1]' (FDS) to 'cm_buf_wctrl_augm/state_machines[1].augm_img_mean.load_pad/padding_end_mask_pre2_reg[0]'
INFO: [Synth 8-3886] merging instance 'cm_buf_wctrl_augm/state_machines[1].augm_img_mean.load_pad/padding_start_mask_pre2_reg[1]' (FDS) to 'cm_buf_wctrl_augm/state_machines[1].augm_img_mean.load_pad/padding_start_mask_pre2_reg[0]'
INFO: [Synth 8-3886] merging instance 'cm_buf_wctrl_augm/state_machines[1].augm_img_mean.load_pad/padding_end_mask_pre3_reg[1]' (FDS) to 'cm_buf_wctrl_augm/state_machines[1].augm_img_mean.load_pad/padding_end_mask_pre3_reg[0]'
INFO: [Synth 8-3886] merging instance 'cm_buf_wctrl_augm/state_machines[1].augm_img_mean.load_pad/padding_start_mask_pre3_reg[1]' (FDS) to 'cm_buf_wctrl_augm/state_machines[1].augm_img_mean.load_pad/padding_start_mask_pre3_reg[0]'
INFO: [Synth 8-3886] merging instance 'cm_buf_wctrl_augm/state_machines[1].augm_img_mean.load_pad/padding_start_mask_pre0_reg[0]' (FDS) to 'cm_buf_wctrl_augm/state_machines[1].augm_img_mean.load_pad/padding_start_mask_pre0_reg[5]'
INFO: [Synth 8-3886] merging instance 'cm_buf_wctrl_augm/state_machines[1].augm_img_mean.load_pad/padding_end_mask_pre0_reg[0]' (FDS) to 'cm_buf_wctrl_augm/state_machines[1].augm_img_mean.load_pad/padding_end_mask_pre0_reg[5]'
INFO: [Synth 8-3886] merging instance 'cm_buf_wctrl_augm/state_machines[1].augm_img_mean.load_pad/padding_end_mask_pre1_reg[0]' (FDS) to 'cm_buf_wctrl_augm/state_machines[1].augm_img_mean.load_pad/padding_end_mask_pre1_reg[5]'
INFO: [Synth 8-3886] merging instance 'cm_buf_wctrl_augm/state_machines[1].augm_img_mean.load_pad/padding_start_mask_pre1_reg[0]' (FDS) to 'cm_buf_wctrl_augm/state_machines[1].augm_img_mean.load_pad/padding_start_mask_pre1_reg[5]'
INFO: [Synth 8-3886] merging instance 'cm_buf_wctrl_augm/state_machines[1].augm_img_mean.load_pad/padding_end_mask_pre2_reg[0]' (FDS) to 'cm_buf_wctrl_augm/state_machines[1].augm_img_mean.load_pad/padding_end_mask_pre2_reg[5]'
INFO: [Synth 8-3886] merging instance 'cm_buf_wctrl_augm/state_machines[1].augm_img_mean.load_pad/padding_start_mask_pre2_reg[0]' (FDS) to 'cm_buf_wctrl_augm/state_machines[1].augm_img_mean.load_pad/padding_start_mask_pre2_reg[5]'
INFO: [Synth 8-3886] merging instance 'cm_buf_wctrl_augm/state_machines[1].augm_img_mean.load_pad/padding_end_mask_pre3_reg[0]' (FDS) to 'cm_buf_wctrl_augm/state_machines[1].augm_img_mean.load_pad/padding_end_mask_pre3_reg[5]'
INFO: [Synth 8-3886] merging instance 'cm_buf_wctrl_augm/state_machines[1].augm_img_mean.load_pad/padding_start_mask_pre3_reg[0]' (FDS) to 'cm_buf_wctrl_augm/state_machines[1].augm_img_mean.load_pad/padding_start_mask_pre3_reg[5]'
INFO: [Synth 8-3886] merging instance 'cm_buf_wctrl_augm/state_machines[1].augm_img_mean.load_pad/padding_start_mask_pre0_reg[5]' (FDS) to 'cm_buf_wctrl_augm/state_machines[1].augm_img_mean.load_pad/padding_start_mask_pre0_reg[4]'
INFO: [Synth 8-3886] merging instance 'cm_buf_wctrl_augm/state_machines[1].augm_img_mean.load_pad/padding_end_mask_pre0_reg[5]' (FDS) to 'cm_buf_wctrl_augm/state_machines[1].augm_img_mean.load_pad/padding_end_mask_pre0_reg[4]'
INFO: [Synth 8-3886] merging instance 'cm_buf_wctrl_augm/state_machines[1].augm_img_mean.load_pad/padding_end_mask_pre1_reg[5]' (FDS) to 'cm_buf_wctrl_augm/state_machines[1].augm_img_mean.load_pad/padding_end_mask_pre1_reg[4]'
INFO: [Synth 8-3886] merging instance 'cm_buf_wctrl_augm/state_machines[1].augm_img_mean.load_pad/padding_start_mask_pre1_reg[5]' (FDS) to 'cm_buf_wctrl_augm/state_machines[1].augm_img_mean.load_pad/padding_start_mask_pre1_reg[4]'
INFO: [Synth 8-3886] merging instance 'cm_buf_wctrl_augm/state_machines[1].augm_img_mean.load_pad/padding_end_mask_pre2_reg[5]' (FDS) to 'cm_buf_wctrl_augm/state_machines[1].augm_img_mean.load_pad/padding_end_mask_pre2_reg[4]'
INFO: [Synth 8-3886] merging instance 'cm_buf_wctrl_augm/state_machines[1].augm_img_mean.load_pad/padding_start_mask_pre2_reg[5]' (FDS) to 'cm_buf_wctrl_augm/state_machines[1].augm_img_mean.load_pad/padding_start_mask_pre2_reg[4]'
INFO: [Synth 8-3886] merging instance 'cm_buf_wctrl_augm/state_machines[1].augm_img_mean.load_pad/padding_end_mask_pre3_reg[5]' (FDS) to 'cm_buf_wctrl_augm/state_machines[1].augm_img_mean.load_pad/padding_end_mask_pre3_reg[4]'
INFO: [Synth 8-3886] merging instance 'cm_buf_wctrl_augm/state_machines[1].augm_img_mean.load_pad/padding_start_mask_pre3_reg[5]' (FDS) to 'cm_buf_wctrl_augm/state_machines[1].augm_img_mean.load_pad/padding_start_mask_pre3_reg[4]'
INFO: [Synth 8-3886] merging instance 'cm_buf_wctrl_augm/state_machines[1].augm_img_mean.load_pad/padding_start_mask_pre0_reg[4]' (FDS) to 'cm_buf_wctrl_augm/state_machines[1].augm_img_mean.load_pad/padding_start_mask_pre0_reg[3]'
INFO: [Synth 8-3886] merging instance 'cm_buf_wctrl_augm/state_machines[1].augm_img_mean.load_pad/padding_end_mask_pre0_reg[4]' (FDS) to 'cm_buf_wctrl_augm/state_machines[1].augm_img_mean.load_pad/padding_end_mask_pre0_reg[3]'
INFO: [Synth 8-3886] merging instance 'cm_buf_wctrl_augm/state_machines[1].augm_img_mean.load_pad/padding_end_mask_pre1_reg[4]' (FDS) to 'cm_buf_wctrl_augm/state_machines[1].augm_img_mean.load_pad/padding_end_mask_pre1_reg[3]'
INFO: [Synth 8-3886] merging instance 'cm_buf_wctrl_augm/state_machines[1].augm_img_mean.load_pad/padding_start_mask_pre1_reg[4]' (FDS) to 'cm_buf_wctrl_augm/state_machines[1].augm_img_mean.load_pad/padding_start_mask_pre1_reg[3]'
INFO: [Synth 8-3886] merging instance 'cm_buf_wctrl_augm/state_machines[1].augm_img_mean.load_pad/padding_end_mask_pre2_reg[4]' (FDS) to 'cm_buf_wctrl_augm/state_machines[1].augm_img_mean.load_pad/padding_end_mask_pre2_reg[3]'
INFO: [Synth 8-3886] merging instance 'cm_buf_wctrl_augm/state_machines[1].augm_img_mean.load_pad/padding_start_mask_pre2_reg[4]' (FDS) to 'cm_buf_wctrl_augm/state_machines[1].augm_img_mean.load_pad/padding_start_mask_pre2_reg[3]'
INFO: [Synth 8-3886] merging instance 'cm_buf_wctrl_augm/state_machines[1].augm_img_mean.load_pad/padding_end_mask_pre3_reg[4]' (FDS) to 'cm_buf_wctrl_augm/state_machines[1].augm_img_mean.load_pad/padding_end_mask_pre3_reg[3]'
INFO: [Synth 8-3886] merging instance 'cm_buf_wctrl_augm/state_machines[1].augm_img_mean.load_pad/padding_start_mask_pre3_reg[4]' (FDS) to 'cm_buf_wctrl_augm/state_machines[1].augm_img_mean.load_pad/padding_start_mask_pre3_reg[3]'
INFO: [Synth 8-3886] merging instance 'cm_buf_wctrl_augm/state_machines[1].augm_img_mean.load_pad/padding_start_mask_pre0_reg[3]' (FDS) to 'cm_buf_wctrl_augm/state_machines[1].augm_img_mean.load_pad/padding_start_mask_pre0_reg[7]'
INFO: [Synth 8-3886] merging instance 'cm_buf_wctrl_augm/state_machines[1].augm_img_mean.load_pad/padding_end_mask_pre0_reg[3]' (FDS) to 'cm_buf_wctrl_augm/state_machines[1].augm_img_mean.load_pad/padding_end_mask_pre0_reg[7]'
INFO: [Synth 8-3886] merging instance 'cm_buf_wctrl_augm/state_machines[1].augm_img_mean.load_pad/padding_end_mask_pre1_reg[3]' (FDS) to 'cm_buf_wctrl_augm/state_machines[1].augm_img_mean.load_pad/padding_end_mask_pre1_reg[7]'
INFO: [Synth 8-3886] merging instance 'cm_buf_wctrl_augm/state_machines[1].augm_img_mean.load_pad/padding_start_mask_pre1_reg[3]' (FDS) to 'cm_buf_wctrl_augm/state_machines[1].augm_img_mean.load_pad/padding_start_mask_pre1_reg[7]'
INFO: [Synth 8-3886] merging instance 'cm_buf_wctrl_augm/state_machines[1].augm_img_mean.load_pad/padding_end_mask_pre2_reg[3]' (FDS) to 'cm_buf_wctrl_augm/state_machines[1].augm_img_mean.load_pad/padding_end_mask_pre2_reg[7]'
INFO: [Synth 8-3886] merging instance 'cm_buf_wctrl_augm/state_machines[1].augm_img_mean.load_pad/padding_start_mask_pre2_reg[3]' (FDS) to 'cm_buf_wctrl_augm/state_machines[1].augm_img_mean.load_pad/padding_start_mask_pre2_reg[7]'
INFO: [Synth 8-3886] merging instance 'cm_buf_wctrl_augm/state_machines[1].augm_img_mean.load_pad/padding_end_mask_pre3_reg[3]' (FDS) to 'cm_buf_wctrl_augm/state_machines[1].augm_img_mean.load_pad/padding_end_mask_pre3_reg[7]'
INFO: [Common 17-14] Message 'Synth 8-3886' appears 100 times and further instances of the messages will be disabled. Use the Tcl command set_msg_config to change the current settings.
INFO: [Synth 8-3333] propagating constant 0 across sequential element (cm_buf_wctrl_augm/\state_machines[1].cs_reg[1] )
