
*** Running vivado
    with args -log design_1_wrapper.vdi -applog -m64 -product Vivado -messageDb vivado.pb -mode batch -source design_1_wrapper.tcl -notrace


****** Vivado v2022.2 (64-bit)
  **** SW Build 3671981 on Fri Oct 14 04:59:54 MDT 2022
  **** IP Build 3669848 on Fri Oct 14 08:30:02 MDT 2022
    ** Copyright 1986-2022 Xilinx, Inc. All Rights Reserved.

source design_1_wrapper.tcl -notrace
create_project: Time (s): cpu = 00:00:07 ; elapsed = 00:00:07 . Memory (MB): peak = 1253.715 ; gain = 0.023 ; free physical = 1380 ; free virtual = 5067
INFO: [IP_Flow 19-234] Refreshing IP repositories
INFO: [IP_Flow 19-1700] Loaded user IP repository '/home/rrr/XP/DPUCZDX8G_ip_repo_VAI_v3.0'.
INFO: [IP_Flow 19-2313] Loaded Vivado IP repository '/tools/Xilinx/Vivado/2022.2/data/ip'.
Command: link_design -top design_1_wrapper -part xc7z020clg400-1
Design is defaulting to srcset: sources_1
Design is defaulting to constrset: constrs_1
INFO: [Device 21-403] Loading part xc7z020clg400-1
INFO: [Project 1-454] Reading design checkpoint '/home/rrr/XP/pynq_dpu/pynq_dpu.gen/sources_1/bd/design_1/ip/design_1_clk_wiz_0_0/design_1_clk_wiz_0_0.dcp' for cell 'design_1_i/clk_wiz_0'
INFO: [Project 1-454] Reading design checkpoint '/home/rrr/XP/pynq_dpu/pynq_dpu.gen/sources_1/bd/design_1/ip/design_1_dpuczdx8g_0_2/design_1_dpuczdx8g_0_2.dcp' for cell 'design_1_i/dpuczdx8g_0'
INFO: [Project 1-454] Reading design checkpoint '/home/rrr/XP/pynq_dpu/pynq_dpu.gen/sources_1/bd/design_1/ip/design_1_proc_sys_reset_2_0/design_1_proc_sys_reset_2_0.dcp' for cell 'design_1_i/proc_sys_reset_0'
INFO: [Project 1-454] Reading design checkpoint '/home/rrr/XP/pynq_dpu/pynq_dpu.gen/sources_1/bd/design_1/ip/design_1_proc_sys_reset_1_0/design_1_proc_sys_reset_1_0.dcp' for cell 'design_1_i/proc_sys_reset_150M'
INFO: [Project 1-454] Reading design checkpoint '/home/rrr/XP/pynq_dpu/pynq_dpu.gen/sources_1/bd/design_1/ip/design_1_proc_sys_reset_0_0/design_1_proc_sys_reset_0_0.dcp' for cell 'design_1_i/proc_sys_reset_300M'
INFO: [Project 1-454] Reading design checkpoint '/home/rrr/XP/pynq_dpu/pynq_dpu.gen/sources_1/bd/design_1/ip/design_1_processing_system7_0_0/design_1_processing_system7_0_0.dcp' for cell 'design_1_i/processing_system7_0'
Netlist sorting complete. Time (s): cpu = 00:00:00.88 ; elapsed = 00:00:00.87 . Memory (MB): peak = 1745.168 ; gain = 0.000 ; free physical = 851 ; free virtual = 4538
INFO: [Netlist 29-17] Analyzing 3033 Unisim elements for replacement
INFO: [Netlist 29-28] Unisim Transformation completed in 0 CPU seconds
INFO: [Project 1-479] Netlist was created with Vivado 2022.2
INFO: [Project 1-570] Preparing netlist for logic optimization
Parsing XDC File [/home/rrr/XP/pynq_dpu/pynq_dpu.gen/sources_1/bd/design_1/ip/design_1_processing_system7_0_0/design_1_processing_system7_0_0.xdc] for cell 'design_1_i/processing_system7_0/inst'
WARNING: [Vivado 12-2489] -input_jitter contains time 0.999990 which will be rounded to 1.000 to ensure it is an integer multiple of 1 picosecond [/home/rrr/XP/pynq_dpu/pynq_dpu.gen/sources_1/bd/design_1/ip/design_1_processing_system7_0_0/design_1_processing_system7_0_0.xdc:21]
Finished Parsing XDC File [/home/rrr/XP/pynq_dpu/pynq_dpu.gen/sources_1/bd/design_1/ip/design_1_processing_system7_0_0/design_1_processing_system7_0_0.xdc] for cell 'design_1_i/processing_system7_0/inst'
Parsing XDC File [/home/rrr/XP/pynq_dpu/pynq_dpu.gen/sources_1/bd/design_1/ip/design_1_proc_sys_reset_0_0/design_1_proc_sys_reset_0_0_board.xdc] for cell 'design_1_i/proc_sys_reset_300M/U0'
Finished Parsing XDC File [/home/rrr/XP/pynq_dpu/pynq_dpu.gen/sources_1/bd/design_1/ip/design_1_proc_sys_reset_0_0/design_1_proc_sys_reset_0_0_board.xdc] for cell 'design_1_i/proc_sys_reset_300M/U0'
Parsing XDC File [/home/rrr/XP/pynq_dpu/pynq_dpu.gen/sources_1/bd/design_1/ip/design_1_proc_sys_reset_0_0/design_1_proc_sys_reset_0_0.xdc] for cell 'design_1_i/proc_sys_reset_300M/U0'
Finished Parsing XDC File [/home/rrr/XP/pynq_dpu/pynq_dpu.gen/sources_1/bd/design_1/ip/design_1_proc_sys_reset_0_0/design_1_proc_sys_reset_0_0.xdc] for cell 'design_1_i/proc_sys_reset_300M/U0'
Parsing XDC File [/home/rrr/XP/pynq_dpu/pynq_dpu.gen/sources_1/bd/design_1/ip/design_1_proc_sys_reset_1_0/design_1_proc_sys_reset_1_0_board.xdc] for cell 'design_1_i/proc_sys_reset_150M/U0'
Finished Parsing XDC File [/home/rrr/XP/pynq_dpu/pynq_dpu.gen/sources_1/bd/design_1/ip/design_1_proc_sys_reset_1_0/design_1_proc_sys_reset_1_0_board.xdc] for cell 'design_1_i/proc_sys_reset_150M/U0'
Parsing XDC File [/home/rrr/XP/pynq_dpu/pynq_dpu.gen/sources_1/bd/design_1/ip/design_1_proc_sys_reset_1_0/design_1_proc_sys_reset_1_0.xdc] for cell 'design_1_i/proc_sys_reset_150M/U0'
Finished Parsing XDC File [/home/rrr/XP/pynq_dpu/pynq_dpu.gen/sources_1/bd/design_1/ip/design_1_proc_sys_reset_1_0/design_1_proc_sys_reset_1_0.xdc] for cell 'design_1_i/proc_sys_reset_150M/U0'
Parsing XDC File [/home/rrr/XP/pynq_dpu/pynq_dpu.gen/sources_1/bd/design_1/ip/design_1_proc_sys_reset_2_0/design_1_proc_sys_reset_2_0_board.xdc] for cell 'design_1_i/proc_sys_reset_0/U0'
Finished Parsing XDC File [/home/rrr/XP/pynq_dpu/pynq_dpu.gen/sources_1/bd/design_1/ip/design_1_proc_sys_reset_2_0/design_1_proc_sys_reset_2_0_board.xdc] for cell 'design_1_i/proc_sys_reset_0/U0'
Parsing XDC File [/home/rrr/XP/pynq_dpu/pynq_dpu.gen/sources_1/bd/design_1/ip/design_1_proc_sys_reset_2_0/design_1_proc_sys_reset_2_0.xdc] for cell 'design_1_i/proc_sys_reset_0/U0'
Finished Parsing XDC File [/home/rrr/XP/pynq_dpu/pynq_dpu.gen/sources_1/bd/design_1/ip/design_1_proc_sys_reset_2_0/design_1_proc_sys_reset_2_0.xdc] for cell 'design_1_i/proc_sys_reset_0/U0'
Parsing XDC File [/home/rrr/XP/pynq_dpu/pynq_dpu.gen/sources_1/bd/design_1/ip/design_1_clk_wiz_0_0/design_1_clk_wiz_0_0_board.xdc] for cell 'design_1_i/clk_wiz_0/inst'
Finished Parsing XDC File [/home/rrr/XP/pynq_dpu/pynq_dpu.gen/sources_1/bd/design_1/ip/design_1_clk_wiz_0_0/design_1_clk_wiz_0_0_board.xdc] for cell 'design_1_i/clk_wiz_0/inst'
Parsing XDC File [/home/rrr/XP/pynq_dpu/pynq_dpu.gen/sources_1/bd/design_1/ip/design_1_clk_wiz_0_0/design_1_clk_wiz_0_0.xdc] for cell 'design_1_i/clk_wiz_0/inst'
Finished Parsing XDC File [/home/rrr/XP/pynq_dpu/pynq_dpu.gen/sources_1/bd/design_1/ip/design_1_clk_wiz_0_0/design_1_clk_wiz_0_0.xdc] for cell 'design_1_i/clk_wiz_0/inst'
Parsing XDC File [/home/rrr/XP/pynq_dpu/pynq_dpu.srcs/constrs_1/new/con.xdc]
INFO: [Vivado 12-2286] Implicit search of objects for pattern 'clk_fpga_0' matched to 'clock' objects. [/home/rrr/XP/pynq_dpu/pynq_dpu.srcs/constrs_1/new/con.xdc:1]
Resolution: To avoid ambiguous patterns, provide proper objects using get commands e.g. [get_nets xyz].
INFO: [Timing 38-35] Done setting XDC timing constraints. [/home/rrr/XP/pynq_dpu/pynq_dpu.srcs/constrs_1/new/con.xdc:1]
INFO: [Timing 38-2] Deriving generated clocks [/home/rrr/XP/pynq_dpu/pynq_dpu.srcs/constrs_1/new/con.xdc:1]
INFO: [Vivado 12-2286] Implicit search of objects for pattern 'clk_out_150M_design_1_clk_wiz_0_0' matched to 'clock' objects. [/home/rrr/XP/pynq_dpu/pynq_dpu.srcs/constrs_1/new/con.xdc:1]
Resolution: To avoid ambiguous patterns, provide proper objects using get commands e.g. [get_nets xyz].
set_false_path: Time (s): cpu = 00:00:16 ; elapsed = 00:00:11 . Memory (MB): peak = 2595.367 ; gain = 605.828 ; free physical = 173 ; free virtual = 3860
INFO: [Vivado 12-2286] Implicit search of objects for pattern 'clk_out_150M_design_1_clk_wiz_0_0' matched to 'clock' objects. [/home/rrr/XP/pynq_dpu/pynq_dpu.srcs/constrs_1/new/con.xdc:2]
Resolution: To avoid ambiguous patterns, provide proper objects using get commands e.g. [get_nets xyz].
INFO: [Vivado 12-2286] Implicit search of objects for pattern 'clk_fpga_0' matched to 'clock' objects. [/home/rrr/XP/pynq_dpu/pynq_dpu.srcs/constrs_1/new/con.xdc:2]
Resolution: To avoid ambiguous patterns, provide proper objects using get commands e.g. [get_nets xyz].
Finished Parsing XDC File [/home/rrr/XP/pynq_dpu/pynq_dpu.srcs/constrs_1/new/con.xdc]
Parsing XDC File [/home/rrr/XP/pynq_dpu/pynq_dpu.gen/sources_1/bd/design_1/ip/design_1_dpuczdx8g_0_2/design_1_dpuczdx8g_0_2.xdc] for cell 'design_1_i/dpuczdx8g_0/inst'
Finished Parsing XDC File [/home/rrr/XP/pynq_dpu/pynq_dpu.gen/sources_1/bd/design_1/ip/design_1_dpuczdx8g_0_2/design_1_dpuczdx8g_0_2.xdc] for cell 'design_1_i/dpuczdx8g_0/inst'
Parsing XDC File [/home/rrr/XP/pynq_dpu/pynq_dpu.gen/sources_1/bd/design_1/ip/design_1_dpuczdx8g_0_2/design_1_dpuczdx8g_0_2_impl.xdc] for cell 'design_1_i/dpuczdx8g_0/inst'
Finished Parsing XDC File [/home/rrr/XP/pynq_dpu/pynq_dpu.gen/sources_1/bd/design_1/ip/design_1_dpuczdx8g_0_2/design_1_dpuczdx8g_0_2_impl.xdc] for cell 'design_1_i/dpuczdx8g_0/inst'
INFO: [Opt 31-138] Pushed 0 inverter(s) to 0 load pin(s).
Netlist sorting complete. Time (s): cpu = 00:00:00.02 ; elapsed = 00:00:00.01 . Memory (MB): peak = 2715.426 ; gain = 0.000 ; free physical = 268 ; free virtual = 3954
INFO: [Project 1-111] Unisim Transformation Summary:
  A total of 590 instances were transformed.
  RAM32M => RAM32M (RAMD32(x6), RAMS32(x2)): 166 instances
  RAM32X1D => RAM32X1D (RAMD32(x2)): 6 instances
  RAM64M => RAM64M (RAMD64E(x4)): 413 instances
  RAM64X1D => RAM64X1D (RAMD64E(x2)): 5 instances

22 Infos, 1 Warnings, 0 Critical Warnings and 0 Errors encountered.
link_design completed successfully
link_design: Time (s): cpu = 00:00:52 ; elapsed = 00:00:45 . Memory (MB): peak = 2715.426 ; gain = 1435.961 ; free physical = 268 ; free virtual = 3954
Command: opt_design
Attempting to get a license for feature 'Implementation' and/or device 'xc7z020'
INFO: [Common 17-349] Got license for feature 'Implementation' and/or device 'xc7z020'
Running DRC as a precondition to command opt_design

Starting DRC Task
INFO: [DRC 23-27] Running DRC with 8 threads
INFO: [Project 1-461] DRC finished with 0 Errors
INFO: [Project 1-462] Please refer to the DRC report (report_drc) for more information.

Time (s): cpu = 00:00:02 ; elapsed = 00:00:01 . Memory (MB): peak = 2715.426 ; gain = 0.000 ; free physical = 252 ; free virtual = 3939

Starting Cache Timing Information Task
INFO: [Timing 38-35] Done setting XDC timing constraints.
Ending Cache Timing Information Task | Checksum: 12c7ff1f1

Time (s): cpu = 00:00:06 ; elapsed = 00:00:02 . Memory (MB): peak = 2715.426 ; gain = 0.000 ; free physical = 159 ; free virtual = 3846

Starting Logic Optimization Task

Phase 1 Retarget
INFO: [Opt 31-1287] Pulled Inverter design_1_i/dpuczdx8g_0/inst/GenDpu0.u_dpu0/m_dpu_top/m_buf_writer/u_cfg_buf_writer_bridge/gen_dm_port_st_machines[0].u_cfg_fifo/m_ram/FSM_sequential_gen_dm_port_st_machines[0].curr_st[0]_i_1 into driver instance design_1_i/dpuczdx8g_0/inst/GenDpu0.u_dpu0/m_dpu_top/m_buf_writer/u_cfg_buf_writer_bridge/gen_dm_port_st_machines[0].u_cfg_fifo/m_ram/FSM_sequential_gen_dm_port_st_machines[0].curr_st[0]_i_2, which resulted in an inversion of 22 pins
INFO: [Opt 31-1287] Pulled Inverter design_1_i/dpuczdx8g_0/inst/GenDpu0.u_dpu0/m_dpu_top/m_buf_writer/u_cfg_buf_writer_bridge/gen_dm_port_st_machines[0].u_cfg_fifo/m_ram/FSM_sequential_gen_dm_port_st_machines[0].curr_st[1]_i_1 into driver instance design_1_i/dpuczdx8g_0/inst/GenDpu0.u_dpu0/m_dpu_top/m_buf_writer/u_cfg_buf_writer_bridge/gen_dm_port_st_machines[0].u_cfg_fifo/m_ram/FSM_sequential_gen_dm_port_st_machines[0].curr_st[1]_i_2, which resulted in an inversion of 40 pins
INFO: [Opt 31-1287] Pulled Inverter design_1_i/dpuczdx8g_0/inst/GenDpu0.u_dpu0/m_dpu_top/m_buf_writer/u_cfg_buf_writer_bridge/gen_dm_port_st_machines[0].u_cfg_fifo/m_ram/gen_dm_port_st_machines[0].mode1_div_trans_cnt[9]_i_1 into driver instance design_1_i/dpuczdx8g_0/inst/GenDpu0.u_dpu0/m_dpu_top/m_buf_writer/u_cfg_buf_writer_bridge/gen_dm_port_st_machines[0].u_cfg_fifo/m_ram/gen_dm_port_st_machines[0].mode1_div_trans_cnt[9]_i_3, which resulted in an inversion of 19 pins
INFO: [Opt 31-1287] Pulled Inverter design_1_i/dpuczdx8g_0/inst/GenDpu0.u_dpu0/m_dpu_top/m_buf_writer/u_cfg_buf_writer_bridge/gen_dm_port_st_machines[1].u_cfg_fifo/m_ram/FSM_sequential_gen_dm_port_st_machines[1].curr_st[0]_i_1 into driver instance design_1_i/dpuczdx8g_0/inst/GenDpu0.u_dpu0/m_dpu_top/m_buf_writer/u_cfg_buf_writer_bridge/gen_dm_port_st_machines[1].u_cfg_fifo/m_ram/FSM_sequential_gen_dm_port_st_machines[1].curr_st[0]_i_2, which resulted in an inversion of 20 pins
INFO: [Opt 31-1287] Pulled Inverter design_1_i/dpuczdx8g_0/inst/GenDpu0.u_dpu0/m_dpu_top/m_buf_writer/u_cfg_buf_writer_bridge/gen_dm_port_st_machines[1].u_cfg_fifo/m_ram/FSM_sequential_gen_dm_port_st_machines[1].curr_st[1]_i_1 into driver instance design_1_i/dpuczdx8g_0/inst/GenDpu0.u_dpu0/m_dpu_top/m_buf_writer/u_cfg_buf_writer_bridge/gen_dm_port_st_machines[1].u_cfg_fifo/m_ram/FSM_sequential_gen_dm_port_st_machines[1].curr_st[1]_i_2, which resulted in an inversion of 36 pins
INFO: [Opt 31-1287] Pulled Inverter design_1_i/dpuczdx8g_0/inst/GenDpu0.u_dpu0/m_dpu_top/m_scheduler_top/m_scheduler_thdl/m_sctrl/instr_fifo/cs[0]_i_1__1 into driver instance design_1_i/dpuczdx8g_0/inst/GenDpu0.u_dpu0/m_dpu_top/m_scheduler_top/m_scheduler_thdl/m_sctrl/instr_fifo/cs[0]_i_2__2, which resulted in an inversion of 13 pins
INFO: [Opt 31-138] Pushed 86 inverter(s) to 142 load pin(s).
INFO: [Opt 31-49] Retargeted 0 cell(s).
Phase 1 Retarget | Checksum: 86e3e088

Time (s): cpu = 00:00:09 ; elapsed = 00:00:05 . Memory (MB): peak = 2862.336 ; gain = 0.000 ; free physical = 192 ; free virtual = 3674
INFO: [Opt 31-389] Phase Retarget created 47 cells and removed 180 cells

Phase 2 Constant propagation
INFO: [Opt 31-138] Pushed 0 inverter(s) to 0 load pin(s).
Phase 2 Constant propagation | Checksum: 943eaede

Time (s): cpu = 00:00:10 ; elapsed = 00:00:06 . Memory (MB): peak = 2862.336 ; gain = 0.000 ; free physical = 192 ; free virtual = 3674
INFO: [Opt 31-389] Phase Constant propagation created 229 cells and removed 266 cells

Phase 3 Sweep
Phase 3 Sweep | Checksum: 13871f9db

Time (s): cpu = 00:00:11 ; elapsed = 00:00:08 . Memory (MB): peak = 2862.336 ; gain = 0.000 ; free physical = 202 ; free virtual = 3684
INFO: [Opt 31-389] Phase Sweep created 0 cells and removed 440 cells

Phase 4 BUFG optimization
INFO: [Opt 31-274] Optimized connectivity to 1 cascaded buffer cells
Phase 4 BUFG optimization | Checksum: f3f80c35

Time (s): cpu = 00:00:13 ; elapsed = 00:00:09 . Memory (MB): peak = 2862.336 ; gain = 0.000 ; free physical = 200 ; free virtual = 3682
INFO: [Opt 31-662] Phase BUFG optimization created 0 cells of which 0 are BUFGs and removed 1 cells.

Phase 5 Shift Register Optimization
INFO: [Opt 31-1064] SRL Remap converted 0 SRLs to 0 registers and converted 0 registers of register chains to 0 SRLs
Phase 5 Shift Register Optimization | Checksum: 15bcf246c

Time (s): cpu = 00:00:13 ; elapsed = 00:00:09 . Memory (MB): peak = 2862.336 ; gain = 0.000 ; free physical = 200 ; free virtual = 3682
INFO: [Opt 31-389] Phase Shift Register Optimization created 2 cells and removed 0 cells

Phase 6 Post Processing Netlist
Phase 6 Post Processing Netlist | Checksum: d92d9ff1

Time (s): cpu = 00:00:13 ; elapsed = 00:00:09 . Memory (MB): peak = 2862.336 ; gain = 0.000 ; free physical = 200 ; free virtual = 3682
INFO: [Opt 31-389] Phase Post Processing Netlist created 0 cells and removed 0 cells
Opt_design Change Summary
=========================


-------------------------------------------------------------------------------------------------------------------------
|  Phase                        |  #Cells created  |  #Cells Removed  |  #Constrained objects preventing optimizations  |
-------------------------------------------------------------------------------------------------------------------------
|  Retarget                     |              47  |             180  |                                              0  |
|  Constant propagation         |             229  |             266  |                                              0  |
|  Sweep                        |               0  |             440  |                                              0  |
|  BUFG optimization            |               0  |               1  |                                              0  |
|  Shift Register Optimization  |               2  |               0  |                                              0  |
|  Post Processing Netlist      |               0  |               0  |                                              0  |
-------------------------------------------------------------------------------------------------------------------------



Starting Connectivity Check Task

Time (s): cpu = 00:00:00.14 ; elapsed = 00:00:00.15 . Memory (MB): peak = 2862.336 ; gain = 0.000 ; free physical = 202 ; free virtual = 3683
Ending Logic Optimization Task | Checksum: bcc8461e

Time (s): cpu = 00:00:17 ; elapsed = 00:00:13 . Memory (MB): peak = 2862.336 ; gain = 0.000 ; free physical = 202 ; free virtual = 3683

Starting Power Optimization Task
INFO: [Pwropt 34-132] Skipping clock gating for clocks with a period < 2.00 ns.
INFO: [Timing 38-35] Done setting XDC timing constraints.
Running Vector-less Activity Propagation...
INFO: [Pwropt 34-9] Applying IDT optimizations ...
INFO: [Pwropt 34-10] Applying ODC optimizations ...

Finished Running Vector-less Activity Propagation


Starting PowerOpt Patch Enables Task
INFO: [Pwropt 34-162] WRITE_MODE attribute of 0 BRAM(s) out of a total of 72 has been updated to save power. Run report_power_opt to get a complete listing of the BRAMs updated.
INFO: [Pwropt 34-201] Structural ODC has moved 0 WE to EN ports
Number of BRAM Ports augmented: 0 newly gated: 36 Total Ports: 144
Number of Flops added for Enable Generation: 3

Ending PowerOpt Patch Enables Task | Checksum: 14793fcc8

Time (s): cpu = 00:00:00.66 ; elapsed = 00:00:00.66 . Memory (MB): peak = 3432.078 ; gain = 0.000 ; free physical = 500 ; free virtual = 3673
Ending Power Optimization Task | Checksum: 14793fcc8

Time (s): cpu = 00:00:32 ; elapsed = 00:00:13 . Memory (MB): peak = 3432.078 ; gain = 569.742 ; free physical = 565 ; free virtual = 3738

Starting Final Cleanup Task

Starting Logic Optimization Task
INFO: [Timing 38-35] Done setting XDC timing constraints.
Ending Logic Optimization Task | Checksum: 1874caff7

Time (s): cpu = 00:00:13 ; elapsed = 00:00:06 . Memory (MB): peak = 3432.078 ; gain = 0.000 ; free physical = 591 ; free virtual = 3765
Ending Final Cleanup Task | Checksum: 1874caff7

Time (s): cpu = 00:00:17 ; elapsed = 00:00:09 . Memory (MB): peak = 3432.078 ; gain = 0.000 ; free physical = 592 ; free virtual = 3765

Starting Netlist Obfuscation Task
Netlist sorting complete. Time (s): cpu = 00:00:00.02 ; elapsed = 00:00:00.01 . Memory (MB): peak = 3432.078 ; gain = 0.000 ; free physical = 592 ; free virtual = 3765
Ending Netlist Obfuscation Task | Checksum: 1874caff7

Time (s): cpu = 00:00:00.02 ; elapsed = 00:00:00.02 . Memory (MB): peak = 3432.078 ; gain = 0.000 ; free physical = 592 ; free virtual = 3765
INFO: [Common 17-83] Releasing license: Implementation
52 Infos, 1 Warnings, 0 Critical Warnings and 0 Errors encountered.
opt_design completed successfully
opt_design: Time (s): cpu = 00:01:18 ; elapsed = 00:00:41 . Memory (MB): peak = 3432.078 ; gain = 716.652 ; free physical = 592 ; free virtual = 3765
INFO: [Timing 38-35] Done setting XDC timing constraints.
INFO: [Timing 38-480] Writing timing data to binary archive.
Writing XDEF routing.
Writing XDEF routing logical nets.
Writing XDEF routing special nets.
Write XDEF Complete: Time (s): cpu = 00:00:00.35 ; elapsed = 00:00:00.08 . Memory (MB): peak = 3432.078 ; gain = 0.000 ; free physical = 512 ; free virtual = 3688
INFO: [Common 17-1381] The checkpoint '/home/rrr/XP/pynq_dpu/pynq_dpu.runs/impl_1/design_1_wrapper_opt.dcp' has been generated.
write_checkpoint: Time (s): cpu = 00:00:18 ; elapsed = 00:00:10 . Memory (MB): peak = 3432.078 ; gain = 0.000 ; free physical = 483 ; free virtual = 3678
INFO: [runtcl-4] Executing : report_drc -file design_1_wrapper_drc_opted.rpt -pb design_1_wrapper_drc_opted.pb -rpx design_1_wrapper_drc_opted.rpx
Command: report_drc -file design_1_wrapper_drc_opted.rpt -pb design_1_wrapper_drc_opted.pb -rpx design_1_wrapper_drc_opted.rpx
INFO: [IP_Flow 19-1839] IP Catalog is up to date.
INFO: [DRC 23-27] Running DRC with 8 threads
INFO: [Vivado_Tcl 2-168] The results of DRC are in file /home/rrr/XP/pynq_dpu/pynq_dpu.runs/impl_1/design_1_wrapper_drc_opted.rpt.
report_drc completed successfully
Command: place_design
Attempting to get a license for feature 'Implementation' and/or device 'xc7z020'
INFO: [Common 17-349] Got license for feature 'Implementation' and/or device 'xc7z020'
INFO: [DRC 23-27] Running DRC with 8 threads
INFO: [Vivado_Tcl 4-198] DRC finished with 0 Errors
INFO: [Vivado_Tcl 4-199] Please refer to the DRC report (report_drc) for more information.
Running DRC as a precondition to command place_design
INFO: [DRC 23-27] Running DRC with 8 threads
INFO: [Vivado_Tcl 4-198] DRC finished with 0 Errors, 67 Warnings
INFO: [Vivado_Tcl 4-199] Please refer to the DRC report (report_drc) for more information.

Starting Placer Task
INFO: [Place 30-611] Multithreading enabled for place_design using a maximum of 8 CPUs

Phase 1 Placer Initialization

Phase 1.1 Placer Initialization Netlist Sorting
Netlist sorting complete. Time (s): cpu = 00:00:00.02 ; elapsed = 00:00:00.02 . Memory (MB): peak = 3443.121 ; gain = 0.000 ; free physical = 432 ; free virtual = 3626
Phase 1.1 Placer Initialization Netlist Sorting | Checksum: aca2068c

Time (s): cpu = 00:00:00.02 ; elapsed = 00:00:00.02 . Memory (MB): peak = 3443.121 ; gain = 0.000 ; free physical = 432 ; free virtual = 3626
Netlist sorting complete. Time (s): cpu = 00:00:00.01 ; elapsed = 00:00:00.01 . Memory (MB): peak = 3443.121 ; gain = 0.000 ; free physical = 432 ; free virtual = 3626

Phase 1.2 IO Placement/ Clock Placement/ Build Placer Device
Phase 1.2 IO Placement/ Clock Placement/ Build Placer Device | Checksum: e515dbf2

Time (s): cpu = 00:00:06 ; elapsed = 00:00:04 . Memory (MB): peak = 3443.121 ; gain = 0.000 ; free physical = 401 ; free virtual = 3595

Phase 1.3 Build Placer Netlist Model
Phase 1.3 Build Placer Netlist Model | Checksum: 1f7d30b9f

Time (s): cpu = 00:00:39 ; elapsed = 00:00:18 . Memory (MB): peak = 3443.121 ; gain = 0.000 ; free physical = 334 ; free virtual = 3528

Phase 1.4 Constrain Clocks/Macros
Phase 1.4 Constrain Clocks/Macros | Checksum: 1f7d30b9f

Time (s): cpu = 00:00:39 ; elapsed = 00:00:18 . Memory (MB): peak = 3443.121 ; gain = 0.000 ; free physical = 334 ; free virtual = 3528
Phase 1 Placer Initialization | Checksum: 1f7d30b9f

Time (s): cpu = 00:00:39 ; elapsed = 00:00:18 . Memory (MB): peak = 3443.121 ; gain = 0.000 ; free physical = 330 ; free virtual = 3525

Phase 2 Global Placement

Phase 2.1 Floorplanning
Phase 2.1 Floorplanning | Checksum: 180afdf6f

Time (s): cpu = 00:00:54 ; elapsed = 00:00:22 . Memory (MB): peak = 3443.121 ; gain = 0.000 ; free physical = 277 ; free virtual = 3472

Phase 2.2 Update Timing before SLR Path Opt
Phase 2.2 Update Timing before SLR Path Opt | Checksum: 147a12bd7

Time (s): cpu = 00:01:07 ; elapsed = 00:00:26 . Memory (MB): peak = 3443.121 ; gain = 0.000 ; free physical = 275 ; free virtual = 3470

Phase 2.3 Post-Processing in Floorplanning
Phase 2.3 Post-Processing in Floorplanning | Checksum: 147a12bd7

Time (s): cpu = 00:01:07 ; elapsed = 00:00:27 . Memory (MB): peak = 3443.121 ; gain = 0.000 ; free physical = 275 ; free virtual = 3470

Phase 2.4 Global Placement Core

Phase 2.4.1 UpdateTiming Before Physical Synthesis
Phase 2.4.1 UpdateTiming Before Physical Synthesis | Checksum: 188fff7de

Time (s): cpu = 00:02:41 ; elapsed = 00:01:06 . Memory (MB): peak = 3443.121 ; gain = 0.000 ; free physical = 242 ; free virtual = 3436

Phase 2.4.2 Physical Synthesis In Placer
INFO: [Physopt 32-1035] Found 26 LUTNM shape to break, 2457 LUT instances to create LUTNM shape
INFO: [Physopt 32-1044] Break lutnm for timing: one critical 24, two critical 2, total 26, new lutff created 2
INFO: [Physopt 32-1138] End 1 Pass. Optimized 1137 nets or LUTs. Breaked 26 LUTs, combined 1111 existing LUTs and moved 0 existing LUT
INFO: [Physopt 32-65] No nets found for high-fanout optimization.
INFO: [Physopt 32-232] Optimized 0 net. Created 0 new instance.
INFO: [Physopt 32-775] End 1 Pass. Optimized 0 net or cell. Created 0 new cell, deleted 0 existing cell and moved 0 existing cell
INFO: [Physopt 32-76] Pass 1. Identified 1 candidate net for fanout optimization.
INFO: [Physopt 32-81] Processed net design_1_i/dpuczdx8g_0/inst/GenDpu0.u_dpu0/m_dpu_top/m_alu_top/u_alu_parser/reg_mode_maxp_reg_rep_0. Replicated 2 times.
INFO: [Physopt 32-232] Optimized 1 net. Created 2 new instances.
INFO: [Physopt 32-775] End 1 Pass. Optimized 1 net or cell. Created 2 new cells, deleted 0 existing cell and moved 0 existing cell
Netlist sorting complete. Time (s): cpu = 00:00:00.07 ; elapsed = 00:00:00.07 . Memory (MB): peak = 3443.121 ; gain = 0.000 ; free physical = 239 ; free virtual = 3433
INFO: [Physopt 32-457] Pass 1. Identified 2 candidate cells for DSP register optimization.
INFO: [Physopt 32-666] Processed cell design_1_i/dpuczdx8g_0/inst/GenDpu0.u_dpu0/m_dpu_top/m_conv_top/inst_pea/u_mults/GenAddGrp[1].GenAddCh[0].GenMultOcp[0].u_mult_dsp_tree/GenMultPair[1].Gen8x8.u_mult_dsp/u_dsp/GenDsp48E1.u_dsp48e1. No change.
INFO: [Physopt 32-666] Processed cell design_1_i/dpuczdx8g_0/inst/GenDpu0.u_dpu0/m_dpu_top/m_conv_top/inst_pea/u_mults/GenAddGrp[6].GenAddCh[0].GenMultOcp[0].u_mult_dsp_tree/GenMultPair[0].Gen8x8.u_mult_dsp/u_dsp/GenDsp48E1.u_dsp48e1. No change.
INFO: [Physopt 32-775] End 2 Pass. Optimized 0 net or cell. Created 0 new cell, deleted 0 existing cell and moved 0 existing cell
Netlist sorting complete. Time (s): cpu = 00:00:00.01 ; elapsed = 00:00:00.01 . Memory (MB): peak = 3443.121 ; gain = 0.000 ; free physical = 237 ; free virtual = 3431
INFO: [Physopt 32-1123] No candidate cells found for Shift Register to Pipeline optimization
INFO: [Physopt 32-775] End 2 Pass. Optimized 0 net or cell. Created 0 new cell, deleted 0 existing cell and moved 0 existing cell
INFO: [Physopt 32-775] End 1 Pass. Optimized 0 net or cell. Created 0 new cell, deleted 0 existing cell and moved 0 existing cell
Netlist sorting complete. Time (s): cpu = 00:00:00.02 ; elapsed = 00:00:00.02 . Memory (MB): peak = 3443.121 ; gain = 0.000 ; free physical = 237 ; free virtual = 3431
INFO: [Physopt 32-526] No candidate cells for BRAM register optimization found in the design
INFO: [Physopt 32-775] End 1 Pass. Optimized 0 net or cell. Created 0 new cell, deleted 0 existing cell and moved 0 existing cell
INFO: [Physopt 32-846] No candidate cells for URAM register optimization found in the design
INFO: [Physopt 32-775] End 2 Pass. Optimized 0 net or cell. Created 0 new cell, deleted 0 existing cell and moved 0 existing cell
INFO: [Physopt 32-949] No candidate nets found for dynamic/static region interface net replication
INFO: [Physopt 32-775] End 1 Pass. Optimized 0 net or cell. Created 0 new cell, deleted 0 existing cell and moved 0 existing cell
Netlist sorting complete. Time (s): cpu = 00:00:00.01 ; elapsed = 00:00:00.01 . Memory (MB): peak = 3443.121 ; gain = 0.000 ; free physical = 239 ; free virtual = 3433

Summary of Physical Synthesis Optimizations
============================================


-----------------------------------------------------------------------------------------------------------------------------------------------------------
|  Optimization                                     |  Added Cells  |  Removed Cells  |  Optimized Cells/Nets  |  Dont Touch  |  Iterations  |  Elapsed   |
-----------------------------------------------------------------------------------------------------------------------------------------------------------
|  LUT Combining                                    |           26  |           1111  |                  1137  |           0  |           1  |  00:00:01  |
|  Retime                                           |            0  |              0  |                     0  |           0  |           1  |  00:00:00  |
|  Very High Fanout                                 |            0  |              0  |                     0  |           0  |           1  |  00:00:01  |
|  Fanout                                           |            2  |              0  |                     1  |           0  |           1  |  00:00:00  |
|  DSP Register                                     |            0  |              0  |                     0  |           0  |           1  |  00:00:00  |
|  Shift Register to Pipeline                       |            0  |              0  |                     0  |           0  |           1  |  00:00:00  |
|  Shift Register                                   |            0  |              0  |                     0  |           0  |           1  |  00:00:00  |
|  BRAM Register                                    |            0  |              0  |                     0  |           0  |           1  |  00:00:00  |
|  URAM Register                                    |            0  |              0  |                     0  |           0  |           1  |  00:00:00  |
|  Dynamic/Static Region Interface Net Replication  |            0  |              0  |                     0  |           0  |           1  |  00:00:00  |
|  Total                                            |           28  |           1111  |                  1138  |           0  |          10  |  00:00:03  |
-----------------------------------------------------------------------------------------------------------------------------------------------------------


Phase 2.4.2 Physical Synthesis In Placer | Checksum: 1921031f2

Time (s): cpu = 00:02:58 ; elapsed = 00:01:14 . Memory (MB): peak = 3443.121 ; gain = 0.000 ; free physical = 231 ; free virtual = 3426
Phase 2.4 Global Placement Core | Checksum: c7b54073

Time (s): cpu = 00:03:03 ; elapsed = 00:01:16 . Memory (MB): peak = 3443.121 ; gain = 0.000 ; free physical = 225 ; free virtual = 3419
Phase 2 Global Placement | Checksum: c7b54073

Time (s): cpu = 00:03:03 ; elapsed = 00:01:16 . Memory (MB): peak = 3443.121 ; gain = 0.000 ; free physical = 252 ; free virtual = 3446

Phase 3 Detail Placement

Phase 3.1 Commit Multi Column Macros
Phase 3.1 Commit Multi Column Macros | Checksum: 10f40bd7f

Time (s): cpu = 00:03:17 ; elapsed = 00:01:20 . Memory (MB): peak = 3443.121 ; gain = 0.000 ; free physical = 249 ; free virtual = 3443

Phase 3.2 Commit Most Macros & LUTRAMs
Phase 3.2 Commit Most Macros & LUTRAMs | Checksum: 1c28105e2

Time (s): cpu = 00:03:43 ; elapsed = 00:01:29 . Memory (MB): peak = 3443.121 ; gain = 0.000 ; free physical = 237 ; free virtual = 3431

Phase 3.3 Area Swap Optimization
Phase 3.3 Area Swap Optimization | Checksum: 211af1e63

Time (s): cpu = 00:03:44 ; elapsed = 00:01:30 . Memory (MB): peak = 3443.121 ; gain = 0.000 ; free physical = 236 ; free virtual = 3431

Phase 3.4 Pipeline Register Optimization
Phase 3.4 Pipeline Register Optimization | Checksum: 18f30e904

Time (s): cpu = 00:03:44 ; elapsed = 00:01:30 . Memory (MB): peak = 3443.121 ; gain = 0.000 ; free physical = 238 ; free virtual = 3432

Phase 3.5 Fast Optimization
Phase 3.5 Fast Optimization | Checksum: 24b564d5b

Time (s): cpu = 00:04:18 ; elapsed = 00:01:39 . Memory (MB): peak = 3443.121 ; gain = 0.000 ; free physical = 242 ; free virtual = 3436

Phase 3.6 Small Shape Detail Placement
Phase 3.6 Small Shape Detail Placement | Checksum: 19c9628cc

Time (s): cpu = 00:04:42 ; elapsed = 00:02:17 . Memory (MB): peak = 3443.121 ; gain = 0.000 ; free physical = 184 ; free virtual = 3378

Phase 3.7 Re-assign LUT pins
Phase 3.7 Re-assign LUT pins | Checksum: 16e60146a

Time (s): cpu = 00:04:45 ; elapsed = 00:02:20 . Memory (MB): peak = 3443.121 ; gain = 0.000 ; free physical = 187 ; free virtual = 3381

Phase 3.8 Pipeline Register Optimization
Phase 3.8 Pipeline Register Optimization | Checksum: 16c3b26f0

Time (s): cpu = 00:04:47 ; elapsed = 00:02:21 . Memory (MB): peak = 3443.121 ; gain = 0.000 ; free physical = 187 ; free virtual = 3381

Phase 3.9 Fast Optimization
Phase 3.9 Fast Optimization | Checksum: a3c403a1

Time (s): cpu = 00:05:29 ; elapsed = 00:02:32 . Memory (MB): peak = 3443.121 ; gain = 0.000 ; free physical = 205 ; free virtual = 3399
Phase 3 Detail Placement | Checksum: a3c403a1

Time (s): cpu = 00:05:29 ; elapsed = 00:02:32 . Memory (MB): peak = 3443.121 ; gain = 0.000 ; free physical = 204 ; free virtual = 3399

Phase 4 Post Placement Optimization and Clean-Up

Phase 4.1 Post Commit Optimization
INFO: [Timing 38-35] Done setting XDC timing constraints.

Phase 4.1.1 Post Placement Optimization
Post Placement Optimization Initialization | Checksum: b763e6b5

Phase 4.1.1.1 BUFG Insertion

Starting Physical Synthesis Task

Phase 1 Physical Synthesis Initialization
INFO: [Physopt 32-721] Multithreading enabled for phys_opt_design using a maximum of 8 CPUs
INFO: [Physopt 32-619] Estimated Timing Summary | WNS=-0.929 | TNS=-24.158 |
Phase 1 Physical Synthesis Initialization | Checksum: 14d2abff5

Time (s): cpu = 00:00:08 ; elapsed = 00:00:02 . Memory (MB): peak = 3443.121 ; gain = 0.000 ; free physical = 188 ; free virtual = 3383
INFO: [Place 46-33] Processed net design_1_i/dpuczdx8g_0/inst/GenDpu0.u_dpu0/m_dpu_top/m_buf_writer/u_cfg_buf_writer_bridge/gen_dm_port_st_machines[1].u_cfg_fifo/rst_n_r_reg, BUFG insertion was skipped due to placement/routing conflicts.
INFO: [Place 46-56] BUFG insertion identified 1 candidate nets. Inserted BUFG: 0, Replicated BUFG Driver: 0, Skipped due to Placement/Routing Conflicts: 1, Skipped due to Timing Degradation: 0, Skipped due to Illegal Netlist: 0.
Ending Physical Synthesis Task | Checksum: 1441a75d8

Time (s): cpu = 00:00:10 ; elapsed = 00:00:03 . Memory (MB): peak = 3443.121 ; gain = 0.000 ; free physical = 187 ; free virtual = 3382
Phase 4.1.1.1 BUFG Insertion | Checksum: b763e6b5

Time (s): cpu = 00:06:21 ; elapsed = 00:02:49 . Memory (MB): peak = 3443.121 ; gain = 0.000 ; free physical = 188 ; free virtual = 3382

Phase 4.1.1.2 Post Placement Timing Optimization
INFO: [Place 30-746] Post Placement Timing Summary WNS=0.226. For the most accurate timing information please run report_timing.
Phase 4.1.1.2 Post Placement Timing Optimization | Checksum: cbd2bd4d

Time (s): cpu = 00:07:47 ; elapsed = 00:03:48 . Memory (MB): peak = 3443.121 ; gain = 0.000 ; free physical = 156 ; free virtual = 3351

Time (s): cpu = 00:07:47 ; elapsed = 00:03:48 . Memory (MB): peak = 3443.121 ; gain = 0.000 ; free physical = 156 ; free virtual = 3351
Phase 4.1 Post Commit Optimization | Checksum: cbd2bd4d

Time (s): cpu = 00:07:48 ; elapsed = 00:03:48 . Memory (MB): peak = 3443.121 ; gain = 0.000 ; free physical = 156 ; free virtual = 3351

Phase 4.2 Post Placement Cleanup
Phase 4.2 Post Placement Cleanup | Checksum: cbd2bd4d

Time (s): cpu = 00:07:49 ; elapsed = 00:03:49 . Memory (MB): peak = 3443.121 ; gain = 0.000 ; free physical = 157 ; free virtual = 3351

Phase 4.3 Placer Reporting

Phase 4.3.1 Print Estimated Congestion
INFO: [Place 30-612] Post-Placement Estimated Congestion 
 ____________________________________________________
|           | Global Congestion | Short Congestion  |
| Direction | Region Size       | Region Size       |
|___________|___________________|___________________|
|      North|                1x1|                4x4|
|___________|___________________|___________________|
|      South|                1x1|                8x8|
|___________|___________________|___________________|
|       East|                2x2|                4x4|
|___________|___________________|___________________|
|       West|                1x1|                2x2|
|___________|___________________|___________________|

Phase 4.3.1 Print Estimated Congestion | Checksum: cbd2bd4d

Time (s): cpu = 00:07:49 ; elapsed = 00:03:50 . Memory (MB): peak = 3443.121 ; gain = 0.000 ; free physical = 157 ; free virtual = 3352
Phase 4.3 Placer Reporting | Checksum: cbd2bd4d

Time (s): cpu = 00:07:50 ; elapsed = 00:03:50 . Memory (MB): peak = 3443.121 ; gain = 0.000 ; free physical = 157 ; free virtual = 3352

Phase 4.4 Final Placement Cleanup
Netlist sorting complete. Time (s): cpu = 00:00:00.01 ; elapsed = 00:00:00.02 . Memory (MB): peak = 3443.121 ; gain = 0.000 ; free physical = 158 ; free virtual = 3353

Time (s): cpu = 00:07:50 ; elapsed = 00:03:50 . Memory (MB): peak = 3443.121 ; gain = 0.000 ; free physical = 158 ; free virtual = 3353
Phase 4 Post Placement Optimization and Clean-Up | Checksum: 2d3899f8

Time (s): cpu = 00:07:50 ; elapsed = 00:03:51 . Memory (MB): peak = 3443.121 ; gain = 0.000 ; free physical = 158 ; free virtual = 3352
Ending Placer Task | Checksum: 0d5a2aec

Time (s): cpu = 00:07:51 ; elapsed = 00:03:51 . Memory (MB): peak = 3443.121 ; gain = 0.000 ; free physical = 158 ; free virtual = 3352
INFO: [Common 17-83] Releasing license: Implementation
98 Infos, 1 Warnings, 0 Critical Warnings and 0 Errors encountered.
place_design completed successfully
place_design: Time (s): cpu = 00:07:56 ; elapsed = 00:03:53 . Memory (MB): peak = 3443.121 ; gain = 0.000 ; free physical = 245 ; free virtual = 3439
INFO: [Timing 38-480] Writing timing data to binary archive.
Writing XDEF routing.
Writing XDEF routing logical nets.
Writing XDEF routing special nets.
Write XDEF Complete: Time (s): cpu = 00:00:17 ; elapsed = 00:00:07 . Memory (MB): peak = 3443.121 ; gain = 0.000 ; free physical = 134 ; free virtual = 3427
INFO: [Common 17-1381] The checkpoint '/home/rrr/XP/pynq_dpu/pynq_dpu.runs/impl_1/design_1_wrapper_placed.dcp' has been generated.
write_checkpoint: Time (s): cpu = 00:00:30 ; elapsed = 00:00:14 . Memory (MB): peak = 3443.121 ; gain = 0.000 ; free physical = 222 ; free virtual = 3429
INFO: [runtcl-4] Executing : report_io -file design_1_wrapper_io_placed.rpt
report_io: Time (s): cpu = 00:00:00.17 ; elapsed = 00:00:00.2 . Memory (MB): peak = 3443.121 ; gain = 0.000 ; free physical = 207 ; free virtual = 3414
INFO: [runtcl-4] Executing : report_utilization -file design_1_wrapper_utilization_placed.rpt -pb design_1_wrapper_utilization_placed.pb
INFO: [runtcl-4] Executing : report_control_sets -verbose -file design_1_wrapper_control_sets_placed.rpt
report_control_sets: Time (s): cpu = 00:00:00.27 ; elapsed = 00:00:00.36 . Memory (MB): peak = 3443.121 ; gain = 0.000 ; free physical = 214 ; free virtual = 3421
Command: phys_opt_design
Attempting to get a license for feature 'Implementation' and/or device 'xc7z020'
INFO: [Common 17-349] Got license for feature 'Implementation' and/or device 'xc7z020'

Starting Initial Update Timing Task

Time (s): cpu = 00:00:34 ; elapsed = 00:00:10 . Memory (MB): peak = 3443.121 ; gain = 0.000 ; free physical = 186 ; free virtual = 3393
INFO: [Vivado_Tcl 4-383] Design worst setup slack (WNS) is greater than or equal to 0.000 ns. Skipping all physical synthesis optimizations.
INFO: [Vivado_Tcl 4-232] No setup violation found. The netlist was not modified.
INFO: [Common 17-83] Releasing license: Implementation
107 Infos, 1 Warnings, 0 Critical Warnings and 0 Errors encountered.
phys_opt_design completed successfully
phys_opt_design: Time (s): cpu = 00:00:35 ; elapsed = 00:00:10 . Memory (MB): peak = 3443.121 ; gain = 0.000 ; free physical = 186 ; free virtual = 3393
INFO: [Timing 38-480] Writing timing data to binary archive.
Writing XDEF routing.
Writing XDEF routing logical nets.
Writing XDEF routing special nets.
Write XDEF Complete: Time (s): cpu = 00:00:17 ; elapsed = 00:00:07 . Memory (MB): peak = 3443.121 ; gain = 0.000 ; free physical = 139 ; free virtual = 3405
INFO: [Common 17-1381] The checkpoint '/home/rrr/XP/pynq_dpu/pynq_dpu.runs/impl_1/design_1_wrapper_physopt.dcp' has been generated.
write_checkpoint: Time (s): cpu = 00:00:20 ; elapsed = 00:00:11 . Memory (MB): peak = 3443.121 ; gain = 0.000 ; free physical = 222 ; free virtual = 3416
Command: route_design
Attempting to get a license for feature 'Implementation' and/or device 'xc7z020'
INFO: [Common 17-349] Got license for feature 'Implementation' and/or device 'xc7z020'
Running DRC as a precondition to command route_design
INFO: [DRC 23-27] Running DRC with 8 threads
INFO: [Vivado_Tcl 4-198] DRC finished with 0 Errors
INFO: [Vivado_Tcl 4-199] Please refer to the DRC report (report_drc) for more information.


Starting Routing Task
INFO: [Route 35-254] Multithreading enabled for route_design using a maximum of 8 CPUs

Phase 1 Build RT Design
Checksum: PlaceDB: d598b89 ConstDB: 0 ShapeSum: 9f63 RouteDB: 0
Post Restoration Checksum: NetGraph: f1d6cdbe NumContArr: e31a02fc Constraints: 0 Timing: 0
Phase 1 Build RT Design | Checksum: 1d4f0d0ba

Time (s): cpu = 00:01:01 ; elapsed = 00:00:28 . Memory (MB): peak = 3443.121 ; gain = 0.000 ; free physical = 162 ; free virtual = 3319

Phase 2 Router Initialization

Phase 2.1 Fix Topology Constraints
Phase 2.1 Fix Topology Constraints | Checksum: 1d4f0d0ba

Time (s): cpu = 00:01:02 ; elapsed = 00:00:29 . Memory (MB): peak = 3443.121 ; gain = 0.000 ; free physical = 128 ; free virtual = 3285

Phase 2.2 Pre Route Cleanup
Phase 2.2 Pre Route Cleanup | Checksum: 1d4f0d0ba

Time (s): cpu = 00:01:02 ; elapsed = 00:00:29 . Memory (MB): peak = 3443.121 ; gain = 0.000 ; free physical = 128 ; free virtual = 3285
 Number of Nodes with overlaps = 0

Phase 2.3 Update Timing
Phase 2.3 Update Timing | Checksum: 1c55c414e

Time (s): cpu = 00:01:52 ; elapsed = 00:00:49 . Memory (MB): peak = 3462.145 ; gain = 19.023 ; free physical = 176 ; free virtual = 3239
INFO: [Route 35-416] Intermediate Timing Summary | WNS=0.214  | TNS=0.000  | WHS=-0.469 | THS=-1908.258|


Router Utilization Summary
  Global Vertical Routing Utilization    = 0 %
  Global Horizontal Routing Utilization  = 0 %
  Routable Net Status*
  *Does not include unroutable nets such as driverless and loadless.
  Run report_route_status for detailed report.
  Number of Failed Nets               = 69947
    (Failed Nets is the sum of unrouted and partially routed nets)
  Number of Unrouted Nets             = 69947
  Number of Partially Routed Nets     = 0
  Number of Node Overlaps             = 0

Phase 2 Router Initialization | Checksum: 1000d055c

Time (s): cpu = 00:02:23 ; elapsed = 00:00:58 . Memory (MB): peak = 3505.145 ; gain = 62.023 ; free physical = 351 ; free virtual = 3364

Phase 3 Initial Routing

Phase 3.1 Global Routing
Phase 3.1 Global Routing | Checksum: 1000d055c

Time (s): cpu = 00:02:23 ; elapsed = 00:00:59 . Memory (MB): peak = 3505.145 ; gain = 62.023 ; free physical = 351 ; free virtual = 3364
Phase 3 Initial Routing | Checksum: 1808154c0

Time (s): cpu = 00:02:52 ; elapsed = 00:01:05 . Memory (MB): peak = 3509.145 ; gain = 66.023 ; free physical = 340 ; free virtual = 3353

Phase 4 Rip-up And Reroute

Phase 4.1 Global Iteration 0
 Number of Nodes with overlaps = 8482
 Number of Nodes with overlaps = 1491
 Number of Nodes with overlaps = 401
 Number of Nodes with overlaps = 170
 Number of Nodes with overlaps = 68
 Number of Nodes with overlaps = 32
 Number of Nodes with overlaps = 13
 Number of Nodes with overlaps = 3
 Number of Nodes with overlaps = 1
 Number of Nodes with overlaps = 0
INFO: [Route 35-416] Intermediate Timing Summary | WNS=-0.260 | TNS=-0.506 | WHS=N/A    | THS=N/A    |

Phase 4.1 Global Iteration 0 | Checksum: 18788bcab

Time (s): cpu = 00:04:33 ; elapsed = 00:02:11 . Memory (MB): peak = 3509.145 ; gain = 66.023 ; free physical = 343 ; free virtual = 3356

Phase 4.2 Global Iteration 1
 Number of Nodes with overlaps = 238
 Number of Nodes with overlaps = 87
 Number of Nodes with overlaps = 57
 Number of Nodes with overlaps = 29
 Number of Nodes with overlaps = 12
 Number of Nodes with overlaps = 5
 Number of Nodes with overlaps = 0
INFO: [Route 35-416] Intermediate Timing Summary | WNS=-0.120 | TNS=-0.358 | WHS=N/A    | THS=N/A    |

Phase 4.2 Global Iteration 1 | Checksum: 253a68228

Time (s): cpu = 00:04:56 ; elapsed = 00:02:30 . Memory (MB): peak = 3509.145 ; gain = 66.023 ; free physical = 339 ; free virtual = 3352

Phase 4.3 Global Iteration 2
 Number of Nodes with overlaps = 228
 Number of Nodes with overlaps = 92
 Number of Nodes with overlaps = 37
 Number of Nodes with overlaps = 13
 Number of Nodes with overlaps = 2
 Number of Nodes with overlaps = 3
 Number of Nodes with overlaps = 2
 Number of Nodes with overlaps = 0
INFO: [Route 35-416] Intermediate Timing Summary | WNS=-0.141 | TNS=-0.289 | WHS=N/A    | THS=N/A    |

Phase 4.3 Global Iteration 2 | Checksum: 169cb5202

Time (s): cpu = 00:05:14 ; elapsed = 00:02:46 . Memory (MB): peak = 3509.145 ; gain = 66.023 ; free physical = 346 ; free virtual = 3359
Phase 4 Rip-up And Reroute | Checksum: 169cb5202

Time (s): cpu = 00:05:15 ; elapsed = 00:02:46 . Memory (MB): peak = 3509.145 ; gain = 66.023 ; free physical = 346 ; free virtual = 3359

Phase 5 Delay and Skew Optimization

Phase 5.1 Delay CleanUp

Phase 5.1.1 Update Timing
Phase 5.1.1 Update Timing | Checksum: 1b02012bd

Time (s): cpu = 00:05:26 ; elapsed = 00:02:49 . Memory (MB): peak = 3509.145 ; gain = 66.023 ; free physical = 347 ; free virtual = 3360
INFO: [Route 35-416] Intermediate Timing Summary | WNS=0.049  | TNS=0.000  | WHS=N/A    | THS=N/A    |

Phase 5.1 Delay CleanUp | Checksum: 1b02012bd

Time (s): cpu = 00:05:26 ; elapsed = 00:02:50 . Memory (MB): peak = 3509.145 ; gain = 66.023 ; free physical = 347 ; free virtual = 3360

Phase 5.2 Clock Skew Optimization
Phase 5.2 Clock Skew Optimization | Checksum: 1b02012bd

Time (s): cpu = 00:05:26 ; elapsed = 00:02:50 . Memory (MB): peak = 3509.145 ; gain = 66.023 ; free physical = 349 ; free virtual = 3362
Phase 5 Delay and Skew Optimization | Checksum: 1b02012bd

Time (s): cpu = 00:05:26 ; elapsed = 00:02:50 . Memory (MB): peak = 3509.145 ; gain = 66.023 ; free physical = 349 ; free virtual = 3362

Phase 6 Post Hold Fix

Phase 6.1 Hold Fix Iter

Phase 6.1.1 Update Timing
Phase 6.1.1 Update Timing | Checksum: 1bf7a76b7

Time (s): cpu = 00:05:42 ; elapsed = 00:02:55 . Memory (MB): peak = 3509.145 ; gain = 66.023 ; free physical = 349 ; free virtual = 3362
INFO: [Route 35-416] Intermediate Timing Summary | WNS=0.049  | TNS=0.000  | WHS=0.020  | THS=0.000  |

Phase 6.1 Hold Fix Iter | Checksum: 195caa750

Time (s): cpu = 00:05:43 ; elapsed = 00:02:55 . Memory (MB): peak = 3509.145 ; gain = 66.023 ; free physical = 349 ; free virtual = 3362
Phase 6 Post Hold Fix | Checksum: 195caa750

Time (s): cpu = 00:05:43 ; elapsed = 00:02:56 . Memory (MB): peak = 3509.145 ; gain = 66.023 ; free physical = 349 ; free virtual = 3362

Phase 7 Route finalize

Router Utilization Summary
  Global Vertical Routing Utilization    = 22.589 %
  Global Horizontal Routing Utilization  = 28.7633 %
  Routable Net Status*
  *Does not include unroutable nets such as driverless and loadless.
  Run report_route_status for detailed report.
  Number of Failed Nets               = 0
    (Failed Nets is the sum of unrouted and partially routed nets)
  Number of Unrouted Nets             = 0
  Number of Partially Routed Nets     = 0
  Number of Node Overlaps             = 0

Phase 7 Route finalize | Checksum: 100bdbad1

Time (s): cpu = 00:05:44 ; elapsed = 00:02:56 . Memory (MB): peak = 3509.145 ; gain = 66.023 ; free physical = 347 ; free virtual = 3361

Phase 8 Verifying routed nets

 Verification completed successfully
Phase 8 Verifying routed nets | Checksum: 100bdbad1

Time (s): cpu = 00:05:44 ; elapsed = 00:02:56 . Memory (MB): peak = 3509.145 ; gain = 66.023 ; free physical = 346 ; free virtual = 3359

Phase 9 Depositing Routes
Phase 9 Depositing Routes | Checksum: 1306887fc

Time (s): cpu = 00:05:52 ; elapsed = 00:03:02 . Memory (MB): peak = 3525.152 ; gain = 82.031 ; free physical = 341 ; free virtual = 3354

Phase 10 Post Router Timing
INFO: [Route 35-57] Estimated Timing Summary | WNS=0.049  | TNS=0.000  | WHS=0.020  | THS=0.000  |

INFO: [Route 35-327] The final timing numbers are based on the router estimated timing analysis. For a complete and accurate timing signoff, please run report_timing_summary.
Phase 10 Post Router Timing | Checksum: 1306887fc

Time (s): cpu = 00:06:04 ; elapsed = 00:03:04 . Memory (MB): peak = 3525.152 ; gain = 82.031 ; free physical = 338 ; free virtual = 3351
INFO: [Route 35-16] Router Completed Successfully

Time (s): cpu = 00:06:04 ; elapsed = 00:03:05 . Memory (MB): peak = 3525.152 ; gain = 82.031 ; free physical = 407 ; free virtual = 3420

Routing Is Done.
INFO: [Common 17-83] Releasing license: Implementation
124 Infos, 1 Warnings, 0 Critical Warnings and 0 Errors encountered.
route_design completed successfully
route_design: Time (s): cpu = 00:06:11 ; elapsed = 00:03:08 . Memory (MB): peak = 3525.152 ; gain = 82.031 ; free physical = 407 ; free virtual = 3420
INFO: [Timing 38-480] Writing timing data to binary archive.
Writing XDEF routing.
Writing XDEF routing logical nets.
Writing XDEF routing special nets.
Write XDEF Complete: Time (s): cpu = 00:00:18 ; elapsed = 00:00:08 . Memory (MB): peak = 3525.152 ; gain = 0.000 ; free physical = 291 ; free virtual = 3414
INFO: [Common 17-1381] The checkpoint '/home/rrr/XP/pynq_dpu/pynq_dpu.runs/impl_1/design_1_wrapper_routed.dcp' has been generated.
write_checkpoint: Time (s): cpu = 00:00:33 ; elapsed = 00:00:17 . Memory (MB): peak = 3533.156 ; gain = 8.004 ; free physical = 344 ; free virtual = 3390
INFO: [runtcl-4] Executing : report_drc -file design_1_wrapper_drc_routed.rpt -pb design_1_wrapper_drc_routed.pb -rpx design_1_wrapper_drc_routed.rpx
Command: report_drc -file design_1_wrapper_drc_routed.rpt -pb design_1_wrapper_drc_routed.pb -rpx design_1_wrapper_drc_routed.rpx
INFO: [IP_Flow 19-1839] IP Catalog is up to date.
INFO: [DRC 23-27] Running DRC with 8 threads
INFO: [Vivado_Tcl 2-168] The results of DRC are in file /home/rrr/XP/pynq_dpu/pynq_dpu.runs/impl_1/design_1_wrapper_drc_routed.rpt.
report_drc completed successfully
report_drc: Time (s): cpu = 00:00:14 ; elapsed = 00:00:07 . Memory (MB): peak = 3551.066 ; gain = 17.910 ; free physical = 324 ; free virtual = 3370
INFO: [runtcl-4] Executing : report_methodology -file design_1_wrapper_methodology_drc_routed.rpt -pb design_1_wrapper_methodology_drc_routed.pb -rpx design_1_wrapper_methodology_drc_routed.rpx
Command: report_methodology -file design_1_wrapper_methodology_drc_routed.rpt -pb design_1_wrapper_methodology_drc_routed.pb -rpx design_1_wrapper_methodology_drc_routed.rpx
INFO: [Timing 38-35] Done setting XDC timing constraints.
INFO: [DRC 23-133] Running Methodology with 8 threads
INFO: [Vivado_Tcl 2-1520] The results of Report Methodology are in file /home/rrr/XP/pynq_dpu/pynq_dpu.runs/impl_1/design_1_wrapper_methodology_drc_routed.rpt.
report_methodology completed successfully
report_methodology: Time (s): cpu = 00:01:15 ; elapsed = 00:00:17 . Memory (MB): peak = 3551.066 ; gain = 0.000 ; free physical = 293 ; free virtual = 3340
INFO: [runtcl-4] Executing : report_power -file design_1_wrapper_power_routed.rpt -pb design_1_wrapper_power_summary_routed.pb -rpx design_1_wrapper_power_routed.rpx
Command: report_power -file design_1_wrapper_power_routed.rpt -pb design_1_wrapper_power_summary_routed.pb -rpx design_1_wrapper_power_routed.rpx
INFO: [Timing 38-35] Done setting XDC timing constraints.
Running Vector-less Activity Propagation...

Finished Running Vector-less Activity Propagation
WARNING: [Power 33-332] Found switching activity that implies high-fanout reset nets being asserted for excessive periods of time which may result in inaccurate power analysis.
Resolution: To review and fix problems, please run Power Constraints Advisor in the GUI from Tools > Power Constraints Advisor or run report_power with the -advisory option to generate a text report.
136 Infos, 2 Warnings, 0 Critical Warnings and 0 Errors encountered.
report_power completed successfully
report_power: Time (s): cpu = 00:00:45 ; elapsed = 00:00:14 . Memory (MB): peak = 3623.125 ; gain = 72.059 ; free physical = 241 ; free virtual = 3304
INFO: [runtcl-4] Executing : report_route_status -file design_1_wrapper_route_status.rpt -pb design_1_wrapper_route_status.pb
INFO: [runtcl-4] Executing : report_timing_summary -max_paths 10 -report_unconstrained -file design_1_wrapper_timing_summary_routed.rpt -pb design_1_wrapper_timing_summary_routed.pb -rpx design_1_wrapper_timing_summary_routed.rpx -warn_on_violation 
INFO: [Timing 38-91] UpdateTimingParams: Speed grade: -1, Delay Type: min_max.
INFO: [Timing 38-191] Multithreading enabled for timing update using a maximum of 8 CPUs
INFO: [runtcl-4] Executing : report_incremental_reuse -file design_1_wrapper_incremental_reuse_routed.rpt
INFO: [Vivado_Tcl 4-1062] Incremental flow is disabled. No incremental reuse Info to report.
INFO: [runtcl-4] Executing : report_clock_utilization -file design_1_wrapper_clock_utilization_routed.rpt
INFO: [runtcl-4] Executing : report_bus_skew -warn_on_violation -file design_1_wrapper_bus_skew_routed.rpt -pb design_1_wrapper_bus_skew_routed.pb -rpx design_1_wrapper_bus_skew_routed.rpx
INFO: [Timing 38-91] UpdateTimingParams: Speed grade: -1, Delay Type: min_max.
INFO: [Timing 38-191] Multithreading enabled for timing update using a maximum of 8 CPUs
Command: write_bitstream -force design_1_wrapper.bit
Attempting to get a license for feature 'Implementation' and/or device 'xc7z020'
INFO: [Common 17-349] Got license for feature 'Implementation' and/or device 'xc7z020'
Running DRC as a precondition to command write_bitstream
INFO: [IP_Flow 19-1839] IP Catalog is up to date.
INFO: [DRC 23-27] Running DRC with 8 threads
WARNING: [DRC DPOP-1] PREG Output pipelining: DSP design_1_i/dpuczdx8g_0/inst/GenDpu0.u_dpu0/m_dpu_top/m_buf_writer/u_ddr_reader/u_mult_hp0/u_dsp/GenDsp48E1.u_dsp48e1 output design_1_i/dpuczdx8g_0/inst/GenDpu0.u_dpu0/m_dpu_top/m_buf_writer/u_ddr_reader/u_mult_hp0/u_dsp/GenDsp48E1.u_dsp48e1/P[47:0] is not pipelined (PREG=0). Pipelining the DSP48 output will improve performance and often saves power so it is suggested whenever possible to fully pipeline this function.  If this DSP48 function was inferred, it is suggested to describe an additional register stage after this function.  If the DSP48 was instantiated in the design, it is suggested to set the PREG attribute to 1.
WARNING: [DRC DPOP-2] MREG Output pipelining: DSP design_1_i/dpuczdx8g_0/inst/GenDpu0.u_dpu0/m_dpu_top/m_save_top/u_save_fetch_param/mul_c_reg multiplier stage design_1_i/dpuczdx8g_0/inst/GenDpu0.u_dpu0/m_dpu_top/m_save_top/u_save_fetch_param/mul_c_reg/P[47:0] is not pipelined (MREG=0). Pipelining the multiplier function will improve performance and will save significant power so it is suggested whenever possible to fully pipeline this function.  If this multiplier was inferred, it is suggested to describe an additional register stage after this function.  If there is no registered adder/accumulator following the multiply function, two pipeline stages are suggested to allow both the MREG and PREG registers to be used.  If the DSP48 was instantiated in the design, it is suggested to set both the MREG and PREG attributes to 1 when performing multiply functions.
WARNING: [DRC REQP-1723] DSP_Abus_sign_bit_restriction: design_1_i/dpuczdx8g_0/inst/GenDpu0.u_dpu0/m_dpu_top/m_alu_top/u_alu_parser/u_alu_mac_parser/u_jump_str_oset/u_dsp/GenDsp48E1.u_dsp48e1: When using the PreAdder and USE_DPORT is TRUE, the A operand should be restricted to 24 bit two's complement (and sign extended) to avoid over/underflow in the pre-add stage.
WARNING: [DRC REQP-1723] DSP_Abus_sign_bit_restriction: design_1_i/dpuczdx8g_0/inst/GenDpu0.u_dpu0/m_dpu_top/m_alu_top/u_alu_parser/u_alu_mac_parser/u_jump_str_w_act/u_dsp/GenDsp48E1.u_dsp48e1: When using the PreAdder and USE_DPORT is TRUE, the A operand should be restricted to 24 bit two's complement (and sign extended) to avoid over/underflow in the pre-add stage.
WARNING: [DRC REQP-1723] DSP_Abus_sign_bit_restriction: design_1_i/dpuczdx8g_0/inst/GenDpu0.u_dpu0/m_dpu_top/m_alu_top/u_alu_parser/u_alu_mac_parser/u_mult_img_in_w/u_dsp/GenDsp48E1.u_dsp48e1: When using the PreAdder and USE_DPORT is TRUE, the A operand should be restricted to 24 bit two's complement (and sign extended) to avoid over/underflow in the pre-add stage.
WARNING: [DRC REQP-1723] DSP_Abus_sign_bit_restriction: design_1_i/dpuczdx8g_0/inst/GenDpu0.u_dpu0/m_dpu_top/m_conv_top/inst_pea/u_mults/GenAddGrp[0].GenAddCh[0].GenMultOcp[0].u_mult_dsp_tree/GenMultPair[0].Gen8x8.u_mult_dsp/u_dsp/GenDsp48E1.u_dsp48e1: When using the PreAdder and USE_DPORT is TRUE, the A operand should be restricted to 24 bit two's complement (and sign extended) to avoid over/underflow in the pre-add stage.
WARNING: [DRC REQP-1723] DSP_Abus_sign_bit_restriction: design_1_i/dpuczdx8g_0/inst/GenDpu0.u_dpu0/m_dpu_top/m_conv_top/inst_pea/u_mults/GenAddGrp[0].GenAddCh[0].GenMultOcp[0].u_mult_dsp_tree/GenMultPair[1].Gen8x8.u_mult_dsp/u_dsp/GenDsp48E1.u_dsp48e1: When using the PreAdder and USE_DPORT is TRUE, the A operand should be restricted to 24 bit two's complement (and sign extended) to avoid over/underflow in the pre-add stage.
WARNING: [DRC REQP-1723] DSP_Abus_sign_bit_restriction: design_1_i/dpuczdx8g_0/inst/GenDpu0.u_dpu0/m_dpu_top/m_conv_top/inst_pea/u_mults/GenAddGrp[0].GenAddCh[0].GenMultOcp[1].u_mult_dsp_tree/GenMultPair[0].Gen8x8.u_mult_dsp/u_dsp/GenDsp48E1.u_dsp48e1: When using the PreAdder and USE_DPORT is TRUE, the A operand should be restricted to 24 bit two's complement (and sign extended) to avoid over/underflow in the pre-add stage.
WARNING: [DRC REQP-1723] DSP_Abus_sign_bit_restriction: design_1_i/dpuczdx8g_0/inst/GenDpu0.u_dpu0/m_dpu_top/m_conv_top/inst_pea/u_mults/GenAddGrp[0].GenAddCh[0].GenMultOcp[1].u_mult_dsp_tree/GenMultPair[1].Gen8x8.u_mult_dsp/u_dsp/GenDsp48E1.u_dsp48e1: When using the PreAdder and USE_DPORT is TRUE, the A operand should be restricted to 24 bit two's complement (and sign extended) to avoid over/underflow in the pre-add stage.
WARNING: [DRC REQP-1723] DSP_Abus_sign_bit_restriction: design_1_i/dpuczdx8g_0/inst/GenDpu0.u_dpu0/m_dpu_top/m_conv_top/inst_pea/u_mults/GenAddGrp[0].GenAddCh[0].GenMultOcp[2].u_mult_dsp_tree/GenMultPair[0].Gen8x8.u_mult_dsp/u_dsp/GenDsp48E1.u_dsp48e1: When using the PreAdder and USE_DPORT is TRUE, the A operand should be restricted to 24 bit two's complement (and sign extended) to avoid over/underflow in the pre-add stage.
WARNING: [DRC REQP-1723] DSP_Abus_sign_bit_restriction: design_1_i/dpuczdx8g_0/inst/GenDpu0.u_dpu0/m_dpu_top/m_conv_top/inst_pea/u_mults/GenAddGrp[0].GenAddCh[0].GenMultOcp[2].u_mult_dsp_tree/GenMultPair[1].Gen8x8.u_mult_dsp/u_dsp/GenDsp48E1.u_dsp48e1: When using the PreAdder and USE_DPORT is TRUE, the A operand should be restricted to 24 bit two's complement (and sign extended) to avoid over/underflow in the pre-add stage.
WARNING: [DRC REQP-1723] DSP_Abus_sign_bit_restriction: design_1_i/dpuczdx8g_0/inst/GenDpu0.u_dpu0/m_dpu_top/m_conv_top/inst_pea/u_mults/GenAddGrp[0].GenAddCh[0].GenMultOcp[3].u_mult_dsp_tree/GenMultPair[0].Gen8x8.u_mult_dsp/u_dsp/GenDsp48E1.u_dsp48e1: When using the PreAdder and USE_DPORT is TRUE, the A operand should be restricted to 24 bit two's complement (and sign extended) to avoid over/underflow in the pre-add stage.
WARNING: [DRC REQP-1723] DSP_Abus_sign_bit_restriction: design_1_i/dpuczdx8g_0/inst/GenDpu0.u_dpu0/m_dpu_top/m_conv_top/inst_pea/u_mults/GenAddGrp[0].GenAddCh[0].GenMultOcp[3].u_mult_dsp_tree/GenMultPair[1].Gen8x8.u_mult_dsp/u_dsp/GenDsp48E1.u_dsp48e1: When using the PreAdder and USE_DPORT is TRUE, the A operand should be restricted to 24 bit two's complement (and sign extended) to avoid over/underflow in the pre-add stage.
WARNING: [DRC REQP-1723] DSP_Abus_sign_bit_restriction: design_1_i/dpuczdx8g_0/inst/GenDpu0.u_dpu0/m_dpu_top/m_conv_top/inst_pea/u_mults/GenAddGrp[1].GenAddCh[0].GenMultOcp[0].u_mult_dsp_tree/GenMultPair[0].Gen8x8.u_mult_dsp/u_dsp/GenDsp48E1.u_dsp48e1: When using the PreAdder and USE_DPORT is TRUE, the A operand should be restricted to 24 bit two's complement (and sign extended) to avoid over/underflow in the pre-add stage.
WARNING: [DRC REQP-1723] DSP_Abus_sign_bit_restriction: design_1_i/dpuczdx8g_0/inst/GenDpu0.u_dpu0/m_dpu_top/m_conv_top/inst_pea/u_mults/GenAddGrp[1].GenAddCh[0].GenMultOcp[0].u_mult_dsp_tree/GenMultPair[1].Gen8x8.u_mult_dsp/u_dsp/GenDsp48E1.u_dsp48e1: When using the PreAdder and USE_DPORT is TRUE, the A operand should be restricted to 24 bit two's complement (and sign extended) to avoid over/underflow in the pre-add stage.
WARNING: [DRC REQP-1723] DSP_Abus_sign_bit_restriction: design_1_i/dpuczdx8g_0/inst/GenDpu0.u_dpu0/m_dpu_top/m_conv_top/inst_pea/u_mults/GenAddGrp[1].GenAddCh[0].GenMultOcp[1].u_mult_dsp_tree/GenMultPair[0].Gen8x8.u_mult_dsp/u_dsp/GenDsp48E1.u_dsp48e1: When using the PreAdder and USE_DPORT is TRUE, the A operand should be restricted to 24 bit two's complement (and sign extended) to avoid over/underflow in the pre-add stage.
WARNING: [DRC REQP-1723] DSP_Abus_sign_bit_restriction: design_1_i/dpuczdx8g_0/inst/GenDpu0.u_dpu0/m_dpu_top/m_conv_top/inst_pea/u_mults/GenAddGrp[1].GenAddCh[0].GenMultOcp[1].u_mult_dsp_tree/GenMultPair[1].Gen8x8.u_mult_dsp/u_dsp/GenDsp48E1.u_dsp48e1: When using the PreAdder and USE_DPORT is TRUE, the A operand should be restricted to 24 bit two's complement (and sign extended) to avoid over/underflow in the pre-add stage.
WARNING: [DRC REQP-1723] DSP_Abus_sign_bit_restriction: design_1_i/dpuczdx8g_0/inst/GenDpu0.u_dpu0/m_dpu_top/m_conv_top/inst_pea/u_mults/GenAddGrp[1].GenAddCh[0].GenMultOcp[2].u_mult_dsp_tree/GenMultPair[0].Gen8x8.u_mult_dsp/u_dsp/GenDsp48E1.u_dsp48e1: When using the PreAdder and USE_DPORT is TRUE, the A operand should be restricted to 24 bit two's complement (and sign extended) to avoid over/underflow in the pre-add stage.
WARNING: [DRC REQP-1723] DSP_Abus_sign_bit_restriction: design_1_i/dpuczdx8g_0/inst/GenDpu0.u_dpu0/m_dpu_top/m_conv_top/inst_pea/u_mults/GenAddGrp[1].GenAddCh[0].GenMultOcp[2].u_mult_dsp_tree/GenMultPair[1].Gen8x8.u_mult_dsp/u_dsp/GenDsp48E1.u_dsp48e1: When using the PreAdder and USE_DPORT is TRUE, the A operand should be restricted to 24 bit two's complement (and sign extended) to avoid over/underflow in the pre-add stage.
WARNING: [DRC REQP-1723] DSP_Abus_sign_bit_restriction: design_1_i/dpuczdx8g_0/inst/GenDpu0.u_dpu0/m_dpu_top/m_conv_top/inst_pea/u_mults/GenAddGrp[1].GenAddCh[0].GenMultOcp[3].u_mult_dsp_tree/GenMultPair[0].Gen8x8.u_mult_dsp/u_dsp/GenDsp48E1.u_dsp48e1: When using the PreAdder and USE_DPORT is TRUE, the A operand should be restricted to 24 bit two's complement (and sign extended) to avoid over/underflow in the pre-add stage.
WARNING: [DRC REQP-1723] DSP_Abus_sign_bit_restriction: design_1_i/dpuczdx8g_0/inst/GenDpu0.u_dpu0/m_dpu_top/m_conv_top/inst_pea/u_mults/GenAddGrp[1].GenAddCh[0].GenMultOcp[3].u_mult_dsp_tree/GenMultPair[1].Gen8x8.u_mult_dsp/u_dsp/GenDsp48E1.u_dsp48e1: When using the PreAdder and USE_DPORT is TRUE, the A operand should be restricted to 24 bit two's complement (and sign extended) to avoid over/underflow in the pre-add stage.
WARNING: [DRC REQP-1723] DSP_Abus_sign_bit_restriction: design_1_i/dpuczdx8g_0/inst/GenDpu0.u_dpu0/m_dpu_top/m_conv_top/inst_pea/u_mults/GenAddGrp[2].GenAddCh[0].GenMultOcp[0].u_mult_dsp_tree/GenMultPair[0].Gen8x8.u_mult_dsp/u_dsp/GenDsp48E1.u_dsp48e1: When using the PreAdder and USE_DPORT is TRUE, the A operand should be restricted to 24 bit two's complement (and sign extended) to avoid over/underflow in the pre-add stage.
WARNING: [DRC REQP-1723] DSP_Abus_sign_bit_restriction: design_1_i/dpuczdx8g_0/inst/GenDpu0.u_dpu0/m_dpu_top/m_conv_top/inst_pea/u_mults/GenAddGrp[2].GenAddCh[0].GenMultOcp[0].u_mult_dsp_tree/GenMultPair[1].Gen8x8.u_mult_dsp/u_dsp/GenDsp48E1.u_dsp48e1: When using the PreAdder and USE_DPORT is TRUE, the A operand should be restricted to 24 bit two's complement (and sign extended) to avoid over/underflow in the pre-add stage.
WARNING: [DRC REQP-1723] DSP_Abus_sign_bit_restriction: design_1_i/dpuczdx8g_0/inst/GenDpu0.u_dpu0/m_dpu_top/m_conv_top/inst_pea/u_mults/GenAddGrp[2].GenAddCh[0].GenMultOcp[1].u_mult_dsp_tree/GenMultPair[0].Gen8x8.u_mult_dsp/u_dsp/GenDsp48E1.u_dsp48e1: When using the PreAdder and USE_DPORT is TRUE, the A operand should be restricted to 24 bit two's complement (and sign extended) to avoid over/underflow in the pre-add stage.
WARNING: [DRC REQP-1723] DSP_Abus_sign_bit_restriction: design_1_i/dpuczdx8g_0/inst/GenDpu0.u_dpu0/m_dpu_top/m_conv_top/inst_pea/u_mults/GenAddGrp[2].GenAddCh[0].GenMultOcp[1].u_mult_dsp_tree/GenMultPair[1].Gen8x8.u_mult_dsp/u_dsp/GenDsp48E1.u_dsp48e1: When using the PreAdder and USE_DPORT is TRUE, the A operand should be restricted to 24 bit two's complement (and sign extended) to avoid over/underflow in the pre-add stage.
WARNING: [DRC REQP-1723] DSP_Abus_sign_bit_restriction: design_1_i/dpuczdx8g_0/inst/GenDpu0.u_dpu0/m_dpu_top/m_conv_top/inst_pea/u_mults/GenAddGrp[2].GenAddCh[0].GenMultOcp[2].u_mult_dsp_tree/GenMultPair[0].Gen8x8.u_mult_dsp/u_dsp/GenDsp48E1.u_dsp48e1: When using the PreAdder and USE_DPORT is TRUE, the A operand should be restricted to 24 bit two's complement (and sign extended) to avoid over/underflow in the pre-add stage.
WARNING: [DRC REQP-1723] DSP_Abus_sign_bit_restriction: design_1_i/dpuczdx8g_0/inst/GenDpu0.u_dpu0/m_dpu_top/m_conv_top/inst_pea/u_mults/GenAddGrp[2].GenAddCh[0].GenMultOcp[2].u_mult_dsp_tree/GenMultPair[1].Gen8x8.u_mult_dsp/u_dsp/GenDsp48E1.u_dsp48e1: When using the PreAdder and USE_DPORT is TRUE, the A operand should be restricted to 24 bit two's complement (and sign extended) to avoid over/underflow in the pre-add stage.
WARNING: [DRC REQP-1723] DSP_Abus_sign_bit_restriction: design_1_i/dpuczdx8g_0/inst/GenDpu0.u_dpu0/m_dpu_top/m_conv_top/inst_pea/u_mults/GenAddGrp[2].GenAddCh[0].GenMultOcp[3].u_mult_dsp_tree/GenMultPair[0].Gen8x8.u_mult_dsp/u_dsp/GenDsp48E1.u_dsp48e1: When using the PreAdder and USE_DPORT is TRUE, the A operand should be restricted to 24 bit two's complement (and sign extended) to avoid over/underflow in the pre-add stage.
WARNING: [DRC REQP-1723] DSP_Abus_sign_bit_restriction: design_1_i/dpuczdx8g_0/inst/GenDpu0.u_dpu0/m_dpu_top/m_conv_top/inst_pea/u_mults/GenAddGrp[2].GenAddCh[0].GenMultOcp[3].u_mult_dsp_tree/GenMultPair[1].Gen8x8.u_mult_dsp/u_dsp/GenDsp48E1.u_dsp48e1: When using the PreAdder and USE_DPORT is TRUE, the A operand should be restricted to 24 bit two's complement (and sign extended) to avoid over/underflow in the pre-add stage.
WARNING: [DRC REQP-1723] DSP_Abus_sign_bit_restriction: design_1_i/dpuczdx8g_0/inst/GenDpu0.u_dpu0/m_dpu_top/m_conv_top/inst_pea/u_mults/GenAddGrp[3].GenAddCh[0].GenMultOcp[0].u_mult_dsp_tree/GenMultPair[0].Gen8x8.u_mult_dsp/u_dsp/GenDsp48E1.u_dsp48e1: When using the PreAdder and USE_DPORT is TRUE, the A operand should be restricted to 24 bit two's complement (and sign extended) to avoid over/underflow in the pre-add stage.
WARNING: [DRC REQP-1723] DSP_Abus_sign_bit_restriction: design_1_i/dpuczdx8g_0/inst/GenDpu0.u_dpu0/m_dpu_top/m_conv_top/inst_pea/u_mults/GenAddGrp[3].GenAddCh[0].GenMultOcp[0].u_mult_dsp_tree/GenMultPair[1].Gen8x8.u_mult_dsp/u_dsp/GenDsp48E1.u_dsp48e1: When using the PreAdder and USE_DPORT is TRUE, the A operand should be restricted to 24 bit two's complement (and sign extended) to avoid over/underflow in the pre-add stage.
WARNING: [DRC REQP-1723] DSP_Abus_sign_bit_restriction: design_1_i/dpuczdx8g_0/inst/GenDpu0.u_dpu0/m_dpu_top/m_conv_top/inst_pea/u_mults/GenAddGrp[3].GenAddCh[0].GenMultOcp[1].u_mult_dsp_tree/GenMultPair[0].Gen8x8.u_mult_dsp/u_dsp/GenDsp48E1.u_dsp48e1: When using the PreAdder and USE_DPORT is TRUE, the A operand should be restricted to 24 bit two's complement (and sign extended) to avoid over/underflow in the pre-add stage.
WARNING: [DRC REQP-1723] DSP_Abus_sign_bit_restriction: design_1_i/dpuczdx8g_0/inst/GenDpu0.u_dpu0/m_dpu_top/m_conv_top/inst_pea/u_mults/GenAddGrp[3].GenAddCh[0].GenMultOcp[1].u_mult_dsp_tree/GenMultPair[1].Gen8x8.u_mult_dsp/u_dsp/GenDsp48E1.u_dsp48e1: When using the PreAdder and USE_DPORT is TRUE, the A operand should be restricted to 24 bit two's complement (and sign extended) to avoid over/underflow in the pre-add stage.
WARNING: [DRC REQP-1723] DSP_Abus_sign_bit_restriction: design_1_i/dpuczdx8g_0/inst/GenDpu0.u_dpu0/m_dpu_top/m_conv_top/inst_pea/u_mults/GenAddGrp[3].GenAddCh[0].GenMultOcp[2].u_mult_dsp_tree/GenMultPair[0].Gen8x8.u_mult_dsp/u_dsp/GenDsp48E1.u_dsp48e1: When using the PreAdder and USE_DPORT is TRUE, the A operand should be restricted to 24 bit two's complement (and sign extended) to avoid over/underflow in the pre-add stage.
WARNING: [DRC REQP-1723] DSP_Abus_sign_bit_restriction: design_1_i/dpuczdx8g_0/inst/GenDpu0.u_dpu0/m_dpu_top/m_conv_top/inst_pea/u_mults/GenAddGrp[3].GenAddCh[0].GenMultOcp[2].u_mult_dsp_tree/GenMultPair[1].Gen8x8.u_mult_dsp/u_dsp/GenDsp48E1.u_dsp48e1: When using the PreAdder and USE_DPORT is TRUE, the A operand should be restricted to 24 bit two's complement (and sign extended) to avoid over/underflow in the pre-add stage.
WARNING: [DRC REQP-1723] DSP_Abus_sign_bit_restriction: design_1_i/dpuczdx8g_0/inst/GenDpu0.u_dpu0/m_dpu_top/m_conv_top/inst_pea/u_mults/GenAddGrp[3].GenAddCh[0].GenMultOcp[3].u_mult_dsp_tree/GenMultPair[0].Gen8x8.u_mult_dsp/u_dsp/GenDsp48E1.u_dsp48e1: When using the PreAdder and USE_DPORT is TRUE, the A operand should be restricted to 24 bit two's complement (and sign extended) to avoid over/underflow in the pre-add stage.
WARNING: [DRC REQP-1723] DSP_Abus_sign_bit_restriction: design_1_i/dpuczdx8g_0/inst/GenDpu0.u_dpu0/m_dpu_top/m_conv_top/inst_pea/u_mults/GenAddGrp[3].GenAddCh[0].GenMultOcp[3].u_mult_dsp_tree/GenMultPair[1].Gen8x8.u_mult_dsp/u_dsp/GenDsp48E1.u_dsp48e1: When using the PreAdder and USE_DPORT is TRUE, the A operand should be restricted to 24 bit two's complement (and sign extended) to avoid over/underflow in the pre-add stage.
WARNING: [DRC REQP-1723] DSP_Abus_sign_bit_restriction: design_1_i/dpuczdx8g_0/inst/GenDpu0.u_dpu0/m_dpu_top/m_conv_top/inst_pea/u_mults/GenAddGrp[4].GenAddCh[0].GenMultOcp[0].u_mult_dsp_tree/GenMultPair[0].Gen8x8.u_mult_dsp/u_dsp/GenDsp48E1.u_dsp48e1: When using the PreAdder and USE_DPORT is TRUE, the A operand should be restricted to 24 bit two's complement (and sign extended) to avoid over/underflow in the pre-add stage.
WARNING: [DRC REQP-1723] DSP_Abus_sign_bit_restriction: design_1_i/dpuczdx8g_0/inst/GenDpu0.u_dpu0/m_dpu_top/m_conv_top/inst_pea/u_mults/GenAddGrp[4].GenAddCh[0].GenMultOcp[0].u_mult_dsp_tree/GenMultPair[1].Gen8x8.u_mult_dsp/u_dsp/GenDsp48E1.u_dsp48e1: When using the PreAdder and USE_DPORT is TRUE, the A operand should be restricted to 24 bit two's complement (and sign extended) to avoid over/underflow in the pre-add stage.
WARNING: [DRC REQP-1723] DSP_Abus_sign_bit_restriction: design_1_i/dpuczdx8g_0/inst/GenDpu0.u_dpu0/m_dpu_top/m_conv_top/inst_pea/u_mults/GenAddGrp[4].GenAddCh[0].GenMultOcp[1].u_mult_dsp_tree/GenMultPair[0].Gen8x8.u_mult_dsp/u_dsp/GenDsp48E1.u_dsp48e1: When using the PreAdder and USE_DPORT is TRUE, the A operand should be restricted to 24 bit two's complement (and sign extended) to avoid over/underflow in the pre-add stage.
WARNING: [DRC REQP-1723] DSP_Abus_sign_bit_restriction: design_1_i/dpuczdx8g_0/inst/GenDpu0.u_dpu0/m_dpu_top/m_conv_top/inst_pea/u_mults/GenAddGrp[4].GenAddCh[0].GenMultOcp[1].u_mult_dsp_tree/GenMultPair[1].Gen8x8.u_mult_dsp/u_dsp/GenDsp48E1.u_dsp48e1: When using the PreAdder and USE_DPORT is TRUE, the A operand should be restricted to 24 bit two's complement (and sign extended) to avoid over/underflow in the pre-add stage.
WARNING: [DRC REQP-1723] DSP_Abus_sign_bit_restriction: design_1_i/dpuczdx8g_0/inst/GenDpu0.u_dpu0/m_dpu_top/m_conv_top/inst_pea/u_mults/GenAddGrp[4].GenAddCh[0].GenMultOcp[2].u_mult_dsp_tree/GenMultPair[0].Gen8x8.u_mult_dsp/u_dsp/GenDsp48E1.u_dsp48e1: When using the PreAdder and USE_DPORT is TRUE, the A operand should be restricted to 24 bit two's complement (and sign extended) to avoid over/underflow in the pre-add stage.
WARNING: [DRC REQP-1723] DSP_Abus_sign_bit_restriction: design_1_i/dpuczdx8g_0/inst/GenDpu0.u_dpu0/m_dpu_top/m_conv_top/inst_pea/u_mults/GenAddGrp[4].GenAddCh[0].GenMultOcp[2].u_mult_dsp_tree/GenMultPair[1].Gen8x8.u_mult_dsp/u_dsp/GenDsp48E1.u_dsp48e1: When using the PreAdder and USE_DPORT is TRUE, the A operand should be restricted to 24 bit two's complement (and sign extended) to avoid over/underflow in the pre-add stage.
WARNING: [DRC REQP-1723] DSP_Abus_sign_bit_restriction: design_1_i/dpuczdx8g_0/inst/GenDpu0.u_dpu0/m_dpu_top/m_conv_top/inst_pea/u_mults/GenAddGrp[4].GenAddCh[0].GenMultOcp[3].u_mult_dsp_tree/GenMultPair[0].Gen8x8.u_mult_dsp/u_dsp/GenDsp48E1.u_dsp48e1: When using the PreAdder and USE_DPORT is TRUE, the A operand should be restricted to 24 bit two's complement (and sign extended) to avoid over/underflow in the pre-add stage.
WARNING: [DRC REQP-1723] DSP_Abus_sign_bit_restriction: design_1_i/dpuczdx8g_0/inst/GenDpu0.u_dpu0/m_dpu_top/m_conv_top/inst_pea/u_mults/GenAddGrp[4].GenAddCh[0].GenMultOcp[3].u_mult_dsp_tree/GenMultPair[1].Gen8x8.u_mult_dsp/u_dsp/GenDsp48E1.u_dsp48e1: When using the PreAdder and USE_DPORT is TRUE, the A operand should be restricted to 24 bit two's complement (and sign extended) to avoid over/underflow in the pre-add stage.
WARNING: [DRC REQP-1723] DSP_Abus_sign_bit_restriction: design_1_i/dpuczdx8g_0/inst/GenDpu0.u_dpu0/m_dpu_top/m_conv_top/inst_pea/u_mults/GenAddGrp[5].GenAddCh[0].GenMultOcp[0].u_mult_dsp_tree/GenMultPair[0].Gen8x8.u_mult_dsp/u_dsp/GenDsp48E1.u_dsp48e1: When using the PreAdder and USE_DPORT is TRUE, the A operand should be restricted to 24 bit two's complement (and sign extended) to avoid over/underflow in the pre-add stage.
WARNING: [DRC REQP-1723] DSP_Abus_sign_bit_restriction: design_1_i/dpuczdx8g_0/inst/GenDpu0.u_dpu0/m_dpu_top/m_conv_top/inst_pea/u_mults/GenAddGrp[5].GenAddCh[0].GenMultOcp[0].u_mult_dsp_tree/GenMultPair[1].Gen8x8.u_mult_dsp/u_dsp/GenDsp48E1.u_dsp48e1: When using the PreAdder and USE_DPORT is TRUE, the A operand should be restricted to 24 bit two's complement (and sign extended) to avoid over/underflow in the pre-add stage.
WARNING: [DRC REQP-1723] DSP_Abus_sign_bit_restriction: design_1_i/dpuczdx8g_0/inst/GenDpu0.u_dpu0/m_dpu_top/m_conv_top/inst_pea/u_mults/GenAddGrp[5].GenAddCh[0].GenMultOcp[1].u_mult_dsp_tree/GenMultPair[0].Gen8x8.u_mult_dsp/u_dsp/GenDsp48E1.u_dsp48e1: When using the PreAdder and USE_DPORT is TRUE, the A operand should be restricted to 24 bit two's complement (and sign extended) to avoid over/underflow in the pre-add stage.
WARNING: [DRC REQP-1723] DSP_Abus_sign_bit_restriction: design_1_i/dpuczdx8g_0/inst/GenDpu0.u_dpu0/m_dpu_top/m_conv_top/inst_pea/u_mults/GenAddGrp[5].GenAddCh[0].GenMultOcp[1].u_mult_dsp_tree/GenMultPair[1].Gen8x8.u_mult_dsp/u_dsp/GenDsp48E1.u_dsp48e1: When using the PreAdder and USE_DPORT is TRUE, the A operand should be restricted to 24 bit two's complement (and sign extended) to avoid over/underflow in the pre-add stage.
WARNING: [DRC REQP-1723] DSP_Abus_sign_bit_restriction: design_1_i/dpuczdx8g_0/inst/GenDpu0.u_dpu0/m_dpu_top/m_conv_top/inst_pea/u_mults/GenAddGrp[5].GenAddCh[0].GenMultOcp[2].u_mult_dsp_tree/GenMultPair[0].Gen8x8.u_mult_dsp/u_dsp/GenDsp48E1.u_dsp48e1: When using the PreAdder and USE_DPORT is TRUE, the A operand should be restricted to 24 bit two's complement (and sign extended) to avoid over/underflow in the pre-add stage.
WARNING: [DRC REQP-1723] DSP_Abus_sign_bit_restriction: design_1_i/dpuczdx8g_0/inst/GenDpu0.u_dpu0/m_dpu_top/m_conv_top/inst_pea/u_mults/GenAddGrp[5].GenAddCh[0].GenMultOcp[2].u_mult_dsp_tree/GenMultPair[1].Gen8x8.u_mult_dsp/u_dsp/GenDsp48E1.u_dsp48e1: When using the PreAdder and USE_DPORT is TRUE, the A operand should be restricted to 24 bit two's complement (and sign extended) to avoid over/underflow in the pre-add stage.
WARNING: [DRC REQP-1723] DSP_Abus_sign_bit_restriction: design_1_i/dpuczdx8g_0/inst/GenDpu0.u_dpu0/m_dpu_top/m_conv_top/inst_pea/u_mults/GenAddGrp[5].GenAddCh[0].GenMultOcp[3].u_mult_dsp_tree/GenMultPair[0].Gen8x8.u_mult_dsp/u_dsp/GenDsp48E1.u_dsp48e1: When using the PreAdder and USE_DPORT is TRUE, the A operand should be restricted to 24 bit two's complement (and sign extended) to avoid over/underflow in the pre-add stage.
WARNING: [DRC REQP-1723] DSP_Abus_sign_bit_restriction: design_1_i/dpuczdx8g_0/inst/GenDpu0.u_dpu0/m_dpu_top/m_conv_top/inst_pea/u_mults/GenAddGrp[5].GenAddCh[0].GenMultOcp[3].u_mult_dsp_tree/GenMultPair[1].Gen8x8.u_mult_dsp/u_dsp/GenDsp48E1.u_dsp48e1: When using the PreAdder and USE_DPORT is TRUE, the A operand should be restricted to 24 bit two's complement (and sign extended) to avoid over/underflow in the pre-add stage.
WARNING: [DRC REQP-1723] DSP_Abus_sign_bit_restriction: design_1_i/dpuczdx8g_0/inst/GenDpu0.u_dpu0/m_dpu_top/m_conv_top/inst_pea/u_mults/GenAddGrp[6].GenAddCh[0].GenMultOcp[0].u_mult_dsp_tree/GenMultPair[0].Gen8x8.u_mult_dsp/u_dsp/GenDsp48E1.u_dsp48e1: When using the PreAdder and USE_DPORT is TRUE, the A operand should be restricted to 24 bit two's complement (and sign extended) to avoid over/underflow in the pre-add stage.
WARNING: [DRC REQP-1723] DSP_Abus_sign_bit_restriction: design_1_i/dpuczdx8g_0/inst/GenDpu0.u_dpu0/m_dpu_top/m_conv_top/inst_pea/u_mults/GenAddGrp[6].GenAddCh[0].GenMultOcp[0].u_mult_dsp_tree/GenMultPair[1].Gen8x8.u_mult_dsp/u_dsp/GenDsp48E1.u_dsp48e1: When using the PreAdder and USE_DPORT is TRUE, the A operand should be restricted to 24 bit two's complement (and sign extended) to avoid over/underflow in the pre-add stage.
WARNING: [DRC REQP-1723] DSP_Abus_sign_bit_restriction: design_1_i/dpuczdx8g_0/inst/GenDpu0.u_dpu0/m_dpu_top/m_conv_top/inst_pea/u_mults/GenAddGrp[6].GenAddCh[0].GenMultOcp[1].u_mult_dsp_tree/GenMultPair[0].Gen8x8.u_mult_dsp/u_dsp/GenDsp48E1.u_dsp48e1: When using the PreAdder and USE_DPORT is TRUE, the A operand should be restricted to 24 bit two's complement (and sign extended) to avoid over/underflow in the pre-add stage.
WARNING: [DRC REQP-1723] DSP_Abus_sign_bit_restriction: design_1_i/dpuczdx8g_0/inst/GenDpu0.u_dpu0/m_dpu_top/m_conv_top/inst_pea/u_mults/GenAddGrp[6].GenAddCh[0].GenMultOcp[1].u_mult_dsp_tree/GenMultPair[1].Gen8x8.u_mult_dsp/u_dsp/GenDsp48E1.u_dsp48e1: When using the PreAdder and USE_DPORT is TRUE, the A operand should be restricted to 24 bit two's complement (and sign extended) to avoid over/underflow in the pre-add stage.
WARNING: [DRC REQP-1723] DSP_Abus_sign_bit_restriction: design_1_i/dpuczdx8g_0/inst/GenDpu0.u_dpu0/m_dpu_top/m_conv_top/inst_pea/u_mults/GenAddGrp[6].GenAddCh[0].GenMultOcp[2].u_mult_dsp_tree/GenMultPair[0].Gen8x8.u_mult_dsp/u_dsp/GenDsp48E1.u_dsp48e1: When using the PreAdder and USE_DPORT is TRUE, the A operand should be restricted to 24 bit two's complement (and sign extended) to avoid over/underflow in the pre-add stage.
WARNING: [DRC REQP-1723] DSP_Abus_sign_bit_restriction: design_1_i/dpuczdx8g_0/inst/GenDpu0.u_dpu0/m_dpu_top/m_conv_top/inst_pea/u_mults/GenAddGrp[6].GenAddCh[0].GenMultOcp[2].u_mult_dsp_tree/GenMultPair[1].Gen8x8.u_mult_dsp/u_dsp/GenDsp48E1.u_dsp48e1: When using the PreAdder and USE_DPORT is TRUE, the A operand should be restricted to 24 bit two's complement (and sign extended) to avoid over/underflow in the pre-add stage.
WARNING: [DRC REQP-1723] DSP_Abus_sign_bit_restriction: design_1_i/dpuczdx8g_0/inst/GenDpu0.u_dpu0/m_dpu_top/m_conv_top/inst_pea/u_mults/GenAddGrp[6].GenAddCh[0].GenMultOcp[3].u_mult_dsp_tree/GenMultPair[0].Gen8x8.u_mult_dsp/u_dsp/GenDsp48E1.u_dsp48e1: When using the PreAdder and USE_DPORT is TRUE, the A operand should be restricted to 24 bit two's complement (and sign extended) to avoid over/underflow in the pre-add stage.
WARNING: [DRC REQP-1723] DSP_Abus_sign_bit_restriction: design_1_i/dpuczdx8g_0/inst/GenDpu0.u_dpu0/m_dpu_top/m_conv_top/inst_pea/u_mults/GenAddGrp[6].GenAddCh[0].GenMultOcp[3].u_mult_dsp_tree/GenMultPair[1].Gen8x8.u_mult_dsp/u_dsp/GenDsp48E1.u_dsp48e1: When using the PreAdder and USE_DPORT is TRUE, the A operand should be restricted to 24 bit two's complement (and sign extended) to avoid over/underflow in the pre-add stage.
WARNING: [DRC REQP-1723] DSP_Abus_sign_bit_restriction: design_1_i/dpuczdx8g_0/inst/GenDpu0.u_dpu0/m_dpu_top/m_conv_top/inst_pea/u_mults/GenAddGrp[7].GenAddCh[0].GenMultOcp[0].u_mult_dsp_tree/GenMultPair[0].Gen8x8.u_mult_dsp/u_dsp/GenDsp48E1.u_dsp48e1: When using the PreAdder and USE_DPORT is TRUE, the A operand should be restricted to 24 bit two's complement (and sign extended) to avoid over/underflow in the pre-add stage.
WARNING: [DRC REQP-1723] DSP_Abus_sign_bit_restriction: design_1_i/dpuczdx8g_0/inst/GenDpu0.u_dpu0/m_dpu_top/m_conv_top/inst_pea/u_mults/GenAddGrp[7].GenAddCh[0].GenMultOcp[0].u_mult_dsp_tree/GenMultPair[1].Gen8x8.u_mult_dsp/u_dsp/GenDsp48E1.u_dsp48e1: When using the PreAdder and USE_DPORT is TRUE, the A operand should be restricted to 24 bit two's complement (and sign extended) to avoid over/underflow in the pre-add stage.
WARNING: [DRC REQP-1723] DSP_Abus_sign_bit_restriction: design_1_i/dpuczdx8g_0/inst/GenDpu0.u_dpu0/m_dpu_top/m_conv_top/inst_pea/u_mults/GenAddGrp[7].GenAddCh[0].GenMultOcp[1].u_mult_dsp_tree/GenMultPair[0].Gen8x8.u_mult_dsp/u_dsp/GenDsp48E1.u_dsp48e1: When using the PreAdder and USE_DPORT is TRUE, the A operand should be restricted to 24 bit two's complement (and sign extended) to avoid over/underflow in the pre-add stage.
WARNING: [DRC REQP-1723] DSP_Abus_sign_bit_restriction: design_1_i/dpuczdx8g_0/inst/GenDpu0.u_dpu0/m_dpu_top/m_conv_top/inst_pea/u_mults/GenAddGrp[7].GenAddCh[0].GenMultOcp[1].u_mult_dsp_tree/GenMultPair[1].Gen8x8.u_mult_dsp/u_dsp/GenDsp48E1.u_dsp48e1: When using the PreAdder and USE_DPORT is TRUE, the A operand should be restricted to 24 bit two's complement (and sign extended) to avoid over/underflow in the pre-add stage.
WARNING: [DRC REQP-1723] DSP_Abus_sign_bit_restriction: design_1_i/dpuczdx8g_0/inst/GenDpu0.u_dpu0/m_dpu_top/m_conv_top/inst_pea/u_mults/GenAddGrp[7].GenAddCh[0].GenMultOcp[2].u_mult_dsp_tree/GenMultPair[0].Gen8x8.u_mult_dsp/u_dsp/GenDsp48E1.u_dsp48e1: When using the PreAdder and USE_DPORT is TRUE, the A operand should be restricted to 24 bit two's complement (and sign extended) to avoid over/underflow in the pre-add stage.
WARNING: [DRC REQP-1723] DSP_Abus_sign_bit_restriction: design_1_i/dpuczdx8g_0/inst/GenDpu0.u_dpu0/m_dpu_top/m_conv_top/inst_pea/u_mults/GenAddGrp[7].GenAddCh[0].GenMultOcp[2].u_mult_dsp_tree/GenMultPair[1].Gen8x8.u_mult_dsp/u_dsp/GenDsp48E1.u_dsp48e1: When using the PreAdder and USE_DPORT is TRUE, the A operand should be restricted to 24 bit two's complement (and sign extended) to avoid over/underflow in the pre-add stage.
WARNING: [DRC REQP-1723] DSP_Abus_sign_bit_restriction: design_1_i/dpuczdx8g_0/inst/GenDpu0.u_dpu0/m_dpu_top/m_conv_top/inst_pea/u_mults/GenAddGrp[7].GenAddCh[0].GenMultOcp[3].u_mult_dsp_tree/GenMultPair[0].Gen8x8.u_mult_dsp/u_dsp/GenDsp48E1.u_dsp48e1: When using the PreAdder and USE_DPORT is TRUE, the A operand should be restricted to 24 bit two's complement (and sign extended) to avoid over/underflow in the pre-add stage.
WARNING: [DRC REQP-1723] DSP_Abus_sign_bit_restriction: design_1_i/dpuczdx8g_0/inst/GenDpu0.u_dpu0/m_dpu_top/m_conv_top/inst_pea/u_mults/GenAddGrp[7].GenAddCh[0].GenMultOcp[3].u_mult_dsp_tree/GenMultPair[1].Gen8x8.u_mult_dsp/u_dsp/GenDsp48E1.u_dsp48e1: When using the PreAdder and USE_DPORT is TRUE, the A operand should be restricted to 24 bit two's complement (and sign extended) to avoid over/underflow in the pre-add stage.
INFO: [Vivado 12-3199] DRC finished with 0 Errors, 69 Warnings
INFO: [Vivado 12-3200] Please refer to the DRC report (report_drc) for more information.
INFO: [Designutils 20-2272] Running write_bitstream with 8 threads.
Loading data files...
Loading site data...
Loading route data...
Processing options...
Creating bitmap...
Creating bitstream...
Writing bitstream ./design_1_wrapper.bit...
INFO: [Vivado 12-1842] Bitgen Completed Successfully.
INFO: [Project 1-1876] WebTalk data collection is mandatory when using a ULT device. To see the specific WebTalk data collected for your design, open the usage_statistics_webtalk.html or usage_statistics_webtalk.xml file in the implementation directory.
INFO: [Common 17-83] Releasing license: Implementation
12 Infos, 69 Warnings, 0 Critical Warnings and 0 Errors encountered.
write_bitstream completed successfully
write_bitstream: Time (s): cpu = 00:01:19 ; elapsed = 00:00:36 . Memory (MB): peak = 4005.973 ; gain = 382.848 ; free physical = 527 ; free virtual = 3198
INFO: [Common 17-206] Exiting Vivado at Sun Jan 28 23:02:03 2024...
